
*** Running vivado
    with args -log circular_buffer.vds -m64 -product Vivado -mode batch -messageDb vivado.pb -notrace -source circular_buffer.tcl



****** Vivado v2020.1 (64-bit)
  **** SW Build 2902540 on Wed May 27 19:54:49 MDT 2020
  **** IP Build 2902112 on Wed May 27 22:43:36 MDT 2020
    ** Copyright 1986-2020 Xilinx, Inc. All Rights Reserved.

source circular_buffer.tcl -notrace
INFO: [IP_Flow 19-234] Refreshing IP repositories
INFO: [IP_Flow 19-1700] Loaded user IP repository 'c:/Users/Amteo/Desktop/Universidad/SEP/Proyecto1/CircularBuffer'.
WARNING: [IP_Flow 19-3656] If you move the project, the path for repository 'c:/Users/Amteo/Desktop/Universidad/SEP/Proyecto1/CircularBuffer' may become invalid. A better location for the repository would be in a path adjacent to the project. (Current project location is 'c:/Users/Amteo/Desktop/Universidad/SEP/Proyecto1/CircularBuffer/CircularBuffer.runs/synth_1'.)
WARNING: [IP_Flow 19-3685] Ignored loading user repository 'c:/Users/Amteo/Desktop/Universidad/SEP/Proyecto1/CircularBuffer/CircularBuffer.srcs'. The path is contained within another repository.
INFO: [IP_Flow 19-2313] Loaded Vivado IP repository 'C:/Xilinx/Vivado/2020.1/data/ip'.
WARNING: [IP_Flow 19-1663] Duplicate IP found for 'xilinx.com:user:circular_buffer:1.0'. The one found in IP location 'c:/Users/Amteo/Desktop/Universidad/SEP/Proyecto1/CircularBuffer' will take precedence over the same IP in location c:/Users/Amteo/Desktop/Universidad/SEP/Proyecto1/CircularBuffer/CircularBuffer.srcs
WARNING: [IP_Flow 19-4995] The host OS only allows 260 characters in a normal path. The IP cache path is more than 80 characters. If you experience issues with IP caching, please consider changing the IP cache to a location with a shorter path. Alternately consider using the OS subst command to map part of the path to a drive letter. 
Current IP cache path is c:/Users/Amteo/Desktop/Universidad/SEP/Proyecto1/CircularBuffer/CircularBuffer.cache/ip 
Command: synth_design -top circular_buffer -part xc7z010clg400-1
Starting synth_design
Attempting to get a license for feature 'Synthesis' and/or device 'xc7z010'
INFO: [Common 17-349] Got license for feature 'Synthesis' and/or device 'xc7z010'
INFO: [Synth 8-7079] Multithreading enabled for synth_design using a maximum of 2 processes.
INFO: [Synth 8-7078] Launching helper process for spawning children vivado processes
INFO: [Synth 8-7075] Helper process launched with PID 21144
---------------------------------------------------------------------------------
Starting Synthesize : Time (s): cpu = 00:00:03 ; elapsed = 00:00:07 . Memory (MB): peak = 1073.496 ; gain = 0.000
---------------------------------------------------------------------------------
INFO: [Synth 8-638] synthesizing module 'circular_buffer' [C:/Users/Amteo/Desktop/Universidad/SEP/Proyecto1/CircularBuffer/CircularBuffer.srcs/sources_1/new/circular_buffer.vhd:15]
WARNING: [Synth 8-614] signal 'vector_32_bits' is read in the process but is not in the sensitivity list [C:/Users/Amteo/Desktop/Universidad/SEP/Proyecto1/CircularBuffer/CircularBuffer.srcs/sources_1/new/circular_buffer.vhd:26]
WARNING: [Synth 8-614] signal 'prev_vector_32_bits' is read in the process but is not in the sensitivity list [C:/Users/Amteo/Desktop/Universidad/SEP/Proyecto1/CircularBuffer/CircularBuffer.srcs/sources_1/new/circular_buffer.vhd:26]
WARNING: [Synth 8-614] signal 'vector_64x32_bits_internal' is read in the process but is not in the sensitivity list [C:/Users/Amteo/Desktop/Universidad/SEP/Proyecto1/CircularBuffer/CircularBuffer.srcs/sources_1/new/circular_buffer.vhd:26]
WARNING: [Synth 8-614] signal 'full' is read in the process but is not in the sensitivity list [C:/Users/Amteo/Desktop/Universidad/SEP/Proyecto1/CircularBuffer/CircularBuffer.srcs/sources_1/new/circular_buffer.vhd:26]
WARNING: [Synth 8-614] signal 'fft_done' is read in the process but is not in the sensitivity list [C:/Users/Amteo/Desktop/Universidad/SEP/Proyecto1/CircularBuffer/CircularBuffer.srcs/sources_1/new/circular_buffer.vhd:26]
WARNING: [Synth 8-614] signal 'prev_fft_done' is read in the process but is not in the sensitivity list [C:/Users/Amteo/Desktop/Universidad/SEP/Proyecto1/CircularBuffer/CircularBuffer.srcs/sources_1/new/circular_buffer.vhd:26]
WARNING: [Synth 8-614] signal 'is_done_internal' is read in the process but is not in the sensitivity list [C:/Users/Amteo/Desktop/Universidad/SEP/Proyecto1/CircularBuffer/CircularBuffer.srcs/sources_1/new/circular_buffer.vhd:26]
INFO: [Synth 8-256] done synthesizing module 'circular_buffer' (1#1) [C:/Users/Amteo/Desktop/Universidad/SEP/Proyecto1/CircularBuffer/CircularBuffer.srcs/sources_1/new/circular_buffer.vhd:15]
---------------------------------------------------------------------------------
Finished Synthesize : Time (s): cpu = 00:00:04 ; elapsed = 00:00:08 . Memory (MB): peak = 1073.496 ; gain = 0.000
---------------------------------------------------------------------------------
---------------------------------------------------------------------------------
Finished Constraint Validation : Time (s): cpu = 00:00:04 ; elapsed = 00:00:08 . Memory (MB): peak = 1073.496 ; gain = 0.000
---------------------------------------------------------------------------------
---------------------------------------------------------------------------------
Start Loading Part and Timing Information
---------------------------------------------------------------------------------
Loading part: xc7z010clg400-1
---------------------------------------------------------------------------------
Finished Loading Part and Timing Information : Time (s): cpu = 00:00:04 ; elapsed = 00:00:08 . Memory (MB): peak = 1073.496 ; gain = 0.000
---------------------------------------------------------------------------------
INFO: [Device 21-403] Loading part xc7z010clg400-1
WARNING: [Synth 8-327] inferring latch for variable 'is_done_internal_reg' [C:/Users/Amteo/Desktop/Universidad/SEP/Proyecto1/CircularBuffer/CircularBuffer.srcs/sources_1/new/circular_buffer.vhd:41]
WARNING: [Synth 8-327] inferring latch for variable 'vector_64x32_bits_reg' [C:/Users/Amteo/Desktop/Universidad/SEP/Proyecto1/CircularBuffer/CircularBuffer.srcs/sources_1/new/circular_buffer.vhd:53]
WARNING: [Synth 8-327] inferring latch for variable 'done_counter_reg' [C:/Users/Amteo/Desktop/Universidad/SEP/Proyecto1/CircularBuffer/CircularBuffer.srcs/sources_1/new/circular_buffer.vhd:54]
WARNING: [Synth 8-327] inferring latch for variable 'full_reg' [C:/Users/Amteo/Desktop/Universidad/SEP/Proyecto1/CircularBuffer/CircularBuffer.srcs/sources_1/new/circular_buffer.vhd:39]
WARNING: [Synth 8-327] inferring latch for variable 'full_counter_reg' [C:/Users/Amteo/Desktop/Universidad/SEP/Proyecto1/CircularBuffer/CircularBuffer.srcs/sources_1/new/circular_buffer.vhd:36]
WARNING: [Synth 8-327] inferring latch for variable 'vector_64x32_bits_internal_reg' [C:/Users/Amteo/Desktop/Universidad/SEP/Proyecto1/CircularBuffer/CircularBuffer.srcs/sources_1/new/circular_buffer.vhd:32]
---------------------------------------------------------------------------------
Finished RTL Optimization Phase 2 : Time (s): cpu = 00:00:04 ; elapsed = 00:00:09 . Memory (MB): peak = 1073.496 ; gain = 0.000
---------------------------------------------------------------------------------
No constraint files found.
---------------------------------------------------------------------------------
Start RTL Component Statistics 
---------------------------------------------------------------------------------
Detailed RTL Component Info : 
+---Adders : 
	   2 Input    3 Bit       Adders := 1     
	   2 Input    2 Bit       Adders := 1     
+---Muxes : 
	   2 Input    1 Bit        Muxes := 11    
---------------------------------------------------------------------------------
Finished RTL Component Statistics 
---------------------------------------------------------------------------------
---------------------------------------------------------------------------------
Start Part Resource Summary
---------------------------------------------------------------------------------
Part Resources:
DSPs: 80 (col length:40)
BRAMs: 120 (col length: RAMB18 40 RAMB36 20)
---------------------------------------------------------------------------------
Finished Part Resource Summary
---------------------------------------------------------------------------------
No constraint files found.
---------------------------------------------------------------------------------
Start Cross Boundary and Area Optimization
---------------------------------------------------------------------------------
---------------------------------------------------------------------------------
Finished Cross Boundary and Area Optimization : Time (s): cpu = 00:00:08 ; elapsed = 00:00:24 . Memory (MB): peak = 1073.496 ; gain = 0.000
---------------------------------------------------------------------------------
No constraint files found.
---------------------------------------------------------------------------------
Start Timing Optimization
---------------------------------------------------------------------------------
---------------------------------------------------------------------------------
Finished Timing Optimization : Time (s): cpu = 00:00:08 ; elapsed = 00:00:24 . Memory (MB): peak = 1073.496 ; gain = 0.000
---------------------------------------------------------------------------------
---------------------------------------------------------------------------------
Start Technology Mapping
---------------------------------------------------------------------------------
---------------------------------------------------------------------------------
Finished Technology Mapping : Time (s): cpu = 00:00:08 ; elapsed = 00:00:24 . Memory (MB): peak = 1073.496 ; gain = 0.000
---------------------------------------------------------------------------------
---------------------------------------------------------------------------------
Start IO Insertion
---------------------------------------------------------------------------------
---------------------------------------------------------------------------------
Start Flattening Before IO Insertion
---------------------------------------------------------------------------------
---------------------------------------------------------------------------------
Finished Flattening Before IO Insertion
---------------------------------------------------------------------------------
---------------------------------------------------------------------------------
Start Final Netlist Cleanup
---------------------------------------------------------------------------------
---------------------------------------------------------------------------------
Finished Final Netlist Cleanup
---------------------------------------------------------------------------------
---------------------------------------------------------------------------------
Finished IO Insertion : Time (s): cpu = 00:00:11 ; elapsed = 00:00:30 . Memory (MB): peak = 1073.496 ; gain = 0.000
---------------------------------------------------------------------------------
---------------------------------------------------------------------------------
Start Renaming Generated Instances
---------------------------------------------------------------------------------
---------------------------------------------------------------------------------
Finished Renaming Generated Instances : Time (s): cpu = 00:00:11 ; elapsed = 00:00:30 . Memory (MB): peak = 1073.496 ; gain = 0.000
---------------------------------------------------------------------------------
---------------------------------------------------------------------------------
Start Rebuilding User Hierarchy
---------------------------------------------------------------------------------
---------------------------------------------------------------------------------
Finished Rebuilding User Hierarchy : Time (s): cpu = 00:00:11 ; elapsed = 00:00:30 . Memory (MB): peak = 1073.496 ; gain = 0.000
---------------------------------------------------------------------------------
---------------------------------------------------------------------------------
Start Renaming Generated Ports
---------------------------------------------------------------------------------
---------------------------------------------------------------------------------
Finished Renaming Generated Ports : Time (s): cpu = 00:00:11 ; elapsed = 00:00:30 . Memory (MB): peak = 1073.496 ; gain = 0.000
---------------------------------------------------------------------------------
---------------------------------------------------------------------------------
Start Handling Custom Attributes
---------------------------------------------------------------------------------
---------------------------------------------------------------------------------
Finished Handling Custom Attributes : Time (s): cpu = 00:00:11 ; elapsed = 00:00:30 . Memory (MB): peak = 1073.496 ; gain = 0.000
---------------------------------------------------------------------------------
---------------------------------------------------------------------------------
Start Renaming Generated Nets
---------------------------------------------------------------------------------
---------------------------------------------------------------------------------
Finished Renaming Generated Nets : Time (s): cpu = 00:00:11 ; elapsed = 00:00:30 . Memory (MB): peak = 1073.496 ; gain = 0.000
---------------------------------------------------------------------------------
---------------------------------------------------------------------------------
Start Writing Synthesis Report
---------------------------------------------------------------------------------

Report BlackBoxes: 
+-+--------------+----------+
| |BlackBox name |Instances |
+-+--------------+----------+
+-+--------------+----------+

Report Cell Usage: 
+------+-----+------+
|      |Cell |Count |
+------+-----+------+
|1     |OBUF |  2049|
+------+-----+------+

Report Instance Areas: 
+------+---------+-------+------+
|      |Instance |Module |Cells |
+------+---------+-------+------+
|1     |top      |       |  2049|
+------+---------+-------+------+
---------------------------------------------------------------------------------
Finished Writing Synthesis Report : Time (s): cpu = 00:00:11 ; elapsed = 00:00:30 . Memory (MB): peak = 1073.496 ; gain = 0.000
---------------------------------------------------------------------------------
Synthesis finished with 0 errors, 0 critical warnings and 13 warnings.
Synthesis Optimization Runtime : Time (s): cpu = 00:00:11 ; elapsed = 00:00:30 . Memory (MB): peak = 1073.496 ; gain = 0.000
Synthesis Optimization Complete : Time (s): cpu = 00:00:11 ; elapsed = 00:00:30 . Memory (MB): peak = 1073.496 ; gain = 0.000
INFO: [Project 1-571] Translating synthesized netlist
Netlist sorting complete. Time (s): cpu = 00:00:00 ; elapsed = 00:00:00.029 . Memory (MB): peak = 1073.496 ; gain = 0.000
WARNING: [Netlist 29-101] Netlist 'circular_buffer' is not ideal for floorplanning, since the cellview 'circular_buffer' contains a large number of primitives.  Please consider enabling hierarchy in synthesis if you want to do floorplanning.
INFO: [Project 1-570] Preparing netlist for logic optimization
INFO: [Opt 31-138] Pushed 0 inverter(s) to 0 load pin(s).
Netlist sorting complete. Time (s): cpu = 00:00:00 ; elapsed = 00:00:00.001 . Memory (MB): peak = 1073.496 ; gain = 0.000
INFO: [Project 1-111] Unisim Transformation Summary:
No Unisim elements were transformed.

INFO: [Common 17-83] Releasing license: Synthesis
15 Infos, 18 Warnings, 0 Critical Warnings and 0 Errors encountered.
synth_design completed successfully
synth_design: Time (s): cpu = 00:00:15 ; elapsed = 00:00:37 . Memory (MB): peak = 1073.496 ; gain = 0.000
INFO: [Common 17-1381] The checkpoint 'C:/Users/Amteo/Desktop/Universidad/SEP/Proyecto1/CircularBuffer/CircularBuffer.runs/synth_1/circular_buffer.dcp' has been generated.
INFO: [runtcl-4] Executing : report_utilization -file circular_buffer_utilization_synth.rpt -pb circular_buffer_utilization_synth.pb
INFO: [Common 17-206] Exiting Vivado at Fri May 10 20:00:59 2024...
