
*** Running vivado
    with args -log DEMO_vio_0_0.vds -m64 -product Vivado -mode batch -messageDb vivado.pb -notrace -source DEMO_vio_0_0.tcl



****** Vivado v2020.1 (64-bit)
  **** SW Build 2902540 on Wed May 27 19:54:49 MDT 2020
  **** IP Build 2902112 on Wed May 27 22:43:36 MDT 2020
    ** Copyright 1986-2020 Xilinx, Inc. All Rights Reserved.

source DEMO_vio_0_0.tcl -notrace
create_project: Time (s): cpu = 00:00:09 ; elapsed = 00:00:12 . Memory (MB): peak = 1076.992 ; gain = 0.000
INFO: [IP_Flow 19-234] Refreshing IP repositories
INFO: [IP_Flow 19-1700] Loaded user IP repository 'c:/Users/etien/Desktop/Proyecto-2-SEP-G14/Of/ip_repo'.
INFO: [IP_Flow 19-1700] Loaded user IP repository 'c:/Users/etien/Desktop/Proyecto-2-SEP-G14/Assets Proyecto 1/ip_core_Nueva_FFT'.
INFO: [IP_Flow 19-1700] Loaded user IP repository 'c:/Users/etien/Desktop/Proyecto-2-SEP-G14/Assets Proyecto 1/CircularBuffer'.
INFO: [IP_Flow 19-1700] Loaded user IP repository 'c:/Users/etien/Desktop/Proyecto-2-SEP-G14/Assets Proyecto 1/IndexSelector'.
INFO: [IP_Flow 19-1700] Loaded user IP repository 'c:/Users/etien/Desktop/Proyecto-2-SEP-G14/Assets Proyecto 1/FPU'.
INFO: [IP_Flow 19-1700] Loaded user IP repository 'c:/Users/etien/Desktop/Proyecto-2-SEP-G14/Assets Proyecto 1/Player'.
INFO: [IP_Flow 19-1700] Loaded user IP repository 'c:/Users/etien/Desktop/Proyecto-2-SEP-G14/Tests/ip_repo'.
INFO: [IP_Flow 19-2313] Loaded Vivado IP repository 'C:/Xilinx/Vivado/2020.1/data/ip'.
WARNING: [IP_Flow 19-4995] The host OS only allows 260 characters in a normal path. The IP cache path is more than 80 characters. If you experience issues with IP caching, please consider changing the IP cache to a location with a shorter path. Alternately consider using the OS subst command to map part of the path to a drive letter. 
Current IP cache path is c:/Users/etien/Desktop/Proyecto-2-SEP-G14/Of/Hw_vivado/Hardware_Proyecto_Booster.cache/ip 
Command: synth_design -top DEMO_vio_0_0 -part xc7z010clg400-1 -mode out_of_context
Starting synth_design
Attempting to get a license for feature 'Synthesis' and/or device 'xc7z010'
INFO: [Common 17-349] Got license for feature 'Synthesis' and/or device 'xc7z010'
INFO: [Device 21-403] Loading part xc7z010clg400-1
INFO: [Synth 8-7079] Multithreading enabled for synth_design using a maximum of 2 processes.
INFO: [Synth 8-7078] Launching helper process for spawning children vivado processes
INFO: [Synth 8-7075] Helper process launched with PID 16008
---------------------------------------------------------------------------------
Starting RTL Elaboration : Time (s): cpu = 00:00:14 ; elapsed = 00:00:20 . Memory (MB): peak = 1076.992 ; gain = 0.000
---------------------------------------------------------------------------------
INFO: [Synth 8-6157] synthesizing module 'DEMO_vio_0_0' [c:/Users/etien/Desktop/Proyecto-2-SEP-G14/Of/Hw_vivado/Hardware_Proyecto_Booster.srcs/sources_1/bd/DEMO/ip/DEMO_vio_0_0/synth/DEMO_vio_0_0.v:59]
INFO: [Synth 8-6155] done synthesizing module 'DEMO_vio_0_0' (8#1) [c:/Users/etien/Desktop/Proyecto-2-SEP-G14/Of/Hw_vivado/Hardware_Proyecto_Booster.srcs/sources_1/bd/DEMO/ip/DEMO_vio_0_0/synth/DEMO_vio_0_0.v:59]
---------------------------------------------------------------------------------
Finished RTL Elaboration : Time (s): cpu = 00:00:24 ; elapsed = 00:00:32 . Memory (MB): peak = 1190.973 ; gain = 113.980
---------------------------------------------------------------------------------
---------------------------------------------------------------------------------
Start Handling Custom Attributes
---------------------------------------------------------------------------------
---------------------------------------------------------------------------------
Finished Handling Custom Attributes : Time (s): cpu = 00:00:27 ; elapsed = 00:00:36 . Memory (MB): peak = 1190.973 ; gain = 113.980
---------------------------------------------------------------------------------
---------------------------------------------------------------------------------
Finished RTL Optimization Phase 1 : Time (s): cpu = 00:00:27 ; elapsed = 00:00:36 . Memory (MB): peak = 1190.973 ; gain = 113.980
---------------------------------------------------------------------------------
Netlist sorting complete. Time (s): cpu = 00:00:00 ; elapsed = 00:00:00.209 . Memory (MB): peak = 1190.973 ; gain = 0.000
INFO: [Project 1-570] Preparing netlist for logic optimization

Processing XDC Constraints
Initializing timing engine
Parsing XDC File [c:/Users/etien/Desktop/Proyecto-2-SEP-G14/Of/Hw_vivado/Hardware_Proyecto_Booster.srcs/sources_1/bd/DEMO/ip/DEMO_vio_0_0/DEMO_vio_0_0_ooc.xdc]
Finished Parsing XDC File [c:/Users/etien/Desktop/Proyecto-2-SEP-G14/Of/Hw_vivado/Hardware_Proyecto_Booster.srcs/sources_1/bd/DEMO/ip/DEMO_vio_0_0/DEMO_vio_0_0_ooc.xdc]
Parsing XDC File [c:/Users/etien/Desktop/Proyecto-2-SEP-G14/Of/Hw_vivado/Hardware_Proyecto_Booster.srcs/sources_1/bd/DEMO/ip/DEMO_vio_0_0/DEMO_vio_0_0.xdc]
Finished Parsing XDC File [c:/Users/etien/Desktop/Proyecto-2-SEP-G14/Of/Hw_vivado/Hardware_Proyecto_Booster.srcs/sources_1/bd/DEMO/ip/DEMO_vio_0_0/DEMO_vio_0_0.xdc]
Completed Processing XDC Constraints

Netlist sorting complete. Time (s): cpu = 00:00:00 ; elapsed = 00:00:00.004 . Memory (MB): peak = 1290.344 ; gain = 0.000
INFO: [Project 1-111] Unisim Transformation Summary:
No Unisim elements were transformed.

Constraint Validation Runtime : Time (s): cpu = 00:00:00 ; elapsed = 00:00:00.268 . Memory (MB): peak = 1301.656 ; gain = 11.312
---------------------------------------------------------------------------------
Finished Constraint Validation : Time (s): cpu = 00:00:48 ; elapsed = 00:00:58 . Memory (MB): peak = 1301.656 ; gain = 224.664
---------------------------------------------------------------------------------
---------------------------------------------------------------------------------
Start Loading Part and Timing Information
---------------------------------------------------------------------------------
Loading part: xc7z010clg400-1
---------------------------------------------------------------------------------
Finished Loading Part and Timing Information : Time (s): cpu = 00:00:48 ; elapsed = 00:00:58 . Memory (MB): peak = 1301.656 ; gain = 224.664
---------------------------------------------------------------------------------
---------------------------------------------------------------------------------
Start Applying 'set_property' XDC Constraints
---------------------------------------------------------------------------------
---------------------------------------------------------------------------------
Finished applying 'set_property' XDC Constraints : Time (s): cpu = 00:00:48 ; elapsed = 00:00:58 . Memory (MB): peak = 1301.656 ; gain = 224.664
---------------------------------------------------------------------------------
---------------------------------------------------------------------------------
Finished RTL Optimization Phase 2 : Time (s): cpu = 00:00:56 ; elapsed = 00:01:08 . Memory (MB): peak = 1301.656 ; gain = 224.664
---------------------------------------------------------------------------------
---------------------------------------------------------------------------------
Start RTL Component Statistics 
---------------------------------------------------------------------------------
Detailed RTL Component Info : 
+---Adders : 
	   2 Input    8 Bit       Adders := 1     
	   2 Input    4 Bit       Adders := 1     
+---Registers : 
	              490 Bit    Registers := 3     
	              128 Bit    Registers := 1     
	               16 Bit    Registers := 8     
	               14 Bit    Registers := 1     
	                8 Bit    Registers := 1     
	                7 Bit    Registers := 1     
	                5 Bit    Registers := 1     
	                4 Bit    Registers := 1     
	                3 Bit    Registers := 2     
	                1 Bit    Registers := 16    
+---Muxes : 
	   2 Input   16 Bit        Muxes := 2     
	   2 Input    1 Bit        Muxes := 7     
---------------------------------------------------------------------------------
Finished RTL Component Statistics 
---------------------------------------------------------------------------------
---------------------------------------------------------------------------------
Start Part Resource Summary
---------------------------------------------------------------------------------
Part Resources:
DSPs: 80 (col length:40)
BRAMs: 120 (col length: RAMB18 40 RAMB36 20)
---------------------------------------------------------------------------------
Finished Part Resource Summary
---------------------------------------------------------------------------------
---------------------------------------------------------------------------------
Start Cross Boundary and Area Optimization
---------------------------------------------------------------------------------
---------------------------------------------------------------------------------
Finished Cross Boundary and Area Optimization : Time (s): cpu = 00:01:14 ; elapsed = 00:01:28 . Memory (MB): peak = 1301.656 ; gain = 224.664
---------------------------------------------------------------------------------
---------------------------------------------------------------------------------
Start Applying XDC Timing Constraints
---------------------------------------------------------------------------------
---------------------------------------------------------------------------------
Finished Applying XDC Timing Constraints : Time (s): cpu = 00:01:42 ; elapsed = 00:02:03 . Memory (MB): peak = 1301.656 ; gain = 224.664
---------------------------------------------------------------------------------
---------------------------------------------------------------------------------
Start Timing Optimization
---------------------------------------------------------------------------------
---------------------------------------------------------------------------------
Finished Timing Optimization : Time (s): cpu = 00:01:44 ; elapsed = 00:02:06 . Memory (MB): peak = 1301.656 ; gain = 224.664
---------------------------------------------------------------------------------
---------------------------------------------------------------------------------
Start Technology Mapping
---------------------------------------------------------------------------------
---------------------------------------------------------------------------------
Finished Technology Mapping : Time (s): cpu = 00:01:47 ; elapsed = 00:02:11 . Memory (MB): peak = 1301.656 ; gain = 224.664
---------------------------------------------------------------------------------
---------------------------------------------------------------------------------
Start IO Insertion
---------------------------------------------------------------------------------
---------------------------------------------------------------------------------
Start Flattening Before IO Insertion
---------------------------------------------------------------------------------
---------------------------------------------------------------------------------
Finished Flattening Before IO Insertion
---------------------------------------------------------------------------------
---------------------------------------------------------------------------------
Start Final Netlist Cleanup
---------------------------------------------------------------------------------
---------------------------------------------------------------------------------
Finished Final Netlist Cleanup
---------------------------------------------------------------------------------
WARNING: [Synth 8-3295] tying undriven pin inst:sl_iport0[36] to constant 0
WARNING: [Synth 8-3295] tying undriven pin inst:sl_iport0[35] to constant 0
WARNING: [Synth 8-3295] tying undriven pin inst:sl_iport0[34] to constant 0
WARNING: [Synth 8-3295] tying undriven pin inst:sl_iport0[33] to constant 0
WARNING: [Synth 8-3295] tying undriven pin inst:sl_iport0[32] to constant 0
WARNING: [Synth 8-3295] tying undriven pin inst:sl_iport0[31] to constant 0
WARNING: [Synth 8-3295] tying undriven pin inst:sl_iport0[30] to constant 0
WARNING: [Synth 8-3295] tying undriven pin inst:sl_iport0[29] to constant 0
WARNING: [Synth 8-3295] tying undriven pin inst:sl_iport0[28] to constant 0
WARNING: [Synth 8-3295] tying undriven pin inst:sl_iport0[27] to constant 0
WARNING: [Synth 8-3295] tying undriven pin inst:sl_iport0[26] to constant 0
WARNING: [Synth 8-3295] tying undriven pin inst:sl_iport0[25] to constant 0
WARNING: [Synth 8-3295] tying undriven pin inst:sl_iport0[24] to constant 0
WARNING: [Synth 8-3295] tying undriven pin inst:sl_iport0[23] to constant 0
WARNING: [Synth 8-3295] tying undriven pin inst:sl_iport0[22] to constant 0
WARNING: [Synth 8-3295] tying undriven pin inst:sl_iport0[21] to constant 0
WARNING: [Synth 8-3295] tying undriven pin inst:sl_iport0[20] to constant 0
WARNING: [Synth 8-3295] tying undriven pin inst:sl_iport0[19] to constant 0
WARNING: [Synth 8-3295] tying undriven pin inst:sl_iport0[18] to constant 0
WARNING: [Synth 8-3295] tying undriven pin inst:sl_iport0[17] to constant 0
WARNING: [Synth 8-3295] tying undriven pin inst:sl_iport0[16] to constant 0
WARNING: [Synth 8-3295] tying undriven pin inst:sl_iport0[15] to constant 0
WARNING: [Synth 8-3295] tying undriven pin inst:sl_iport0[14] to constant 0
WARNING: [Synth 8-3295] tying undriven pin inst:sl_iport0[13] to constant 0
WARNING: [Synth 8-3295] tying undriven pin inst:sl_iport0[12] to constant 0
WARNING: [Synth 8-3295] tying undriven pin inst:sl_iport0[11] to constant 0
WARNING: [Synth 8-3295] tying undriven pin inst:sl_iport0[10] to constant 0
WARNING: [Synth 8-3295] tying undriven pin inst:sl_iport0[9] to constant 0
WARNING: [Synth 8-3295] tying undriven pin inst:sl_iport0[8] to constant 0
WARNING: [Synth 8-3295] tying undriven pin inst:sl_iport0[7] to constant 0
WARNING: [Synth 8-3295] tying undriven pin inst:sl_iport0[6] to constant 0
WARNING: [Synth 8-3295] tying undriven pin inst:sl_iport0[5] to constant 0
WARNING: [Synth 8-3295] tying undriven pin inst:sl_iport0[4] to constant 0
WARNING: [Synth 8-3295] tying undriven pin inst:sl_iport0[3] to constant 0
WARNING: [Synth 8-3295] tying undriven pin inst:sl_iport0[2] to constant 0
WARNING: [Synth 8-3295] tying undriven pin inst:sl_iport0[1] to constant 0
WARNING: [Synth 8-3295] tying undriven pin inst:sl_iport0[0] to constant 0
---------------------------------------------------------------------------------
Finished IO Insertion : Time (s): cpu = 00:01:53 ; elapsed = 00:02:17 . Memory (MB): peak = 1301.656 ; gain = 224.664
---------------------------------------------------------------------------------
---------------------------------------------------------------------------------
Start Renaming Generated Instances
---------------------------------------------------------------------------------
---------------------------------------------------------------------------------
Finished Renaming Generated Instances : Time (s): cpu = 00:01:53 ; elapsed = 00:02:17 . Memory (MB): peak = 1301.656 ; gain = 224.664
---------------------------------------------------------------------------------
---------------------------------------------------------------------------------
Start Rebuilding User Hierarchy
---------------------------------------------------------------------------------
---------------------------------------------------------------------------------
Finished Rebuilding User Hierarchy : Time (s): cpu = 00:01:54 ; elapsed = 00:02:17 . Memory (MB): peak = 1301.656 ; gain = 224.664
---------------------------------------------------------------------------------
---------------------------------------------------------------------------------
Start Renaming Generated Ports
---------------------------------------------------------------------------------
---------------------------------------------------------------------------------
Finished Renaming Generated Ports : Time (s): cpu = 00:01:54 ; elapsed = 00:02:17 . Memory (MB): peak = 1301.656 ; gain = 224.664
---------------------------------------------------------------------------------
---------------------------------------------------------------------------------
Start Handling Custom Attributes
---------------------------------------------------------------------------------
---------------------------------------------------------------------------------
Finished Handling Custom Attributes : Time (s): cpu = 00:01:54 ; elapsed = 00:02:17 . Memory (MB): peak = 1301.656 ; gain = 224.664
---------------------------------------------------------------------------------
---------------------------------------------------------------------------------
Start Renaming Generated Nets
---------------------------------------------------------------------------------
---------------------------------------------------------------------------------
Finished Renaming Generated Nets : Time (s): cpu = 00:01:54 ; elapsed = 00:02:17 . Memory (MB): peak = 1301.656 ; gain = 224.664
---------------------------------------------------------------------------------
---------------------------------------------------------------------------------
Start Writing Synthesis Report
---------------------------------------------------------------------------------

Report BlackBoxes: 
+-+--------------+----------+
| |BlackBox name |Instances |
+-+--------------+----------+
+-+--------------+----------+

Report Cell Usage: 
+------+------+------+
|      |Cell  |Count |
+------+------+------+
|1     |LUT1  |     3|
|2     |LUT2  |    19|
|3     |LUT3  |  1014|
|4     |LUT4  |    13|
|5     |LUT5  |    17|
|6     |LUT6  |   478|
|7     |MUXF7 |   176|
|8     |MUXF8 |    80|
|9     |FDRE  |  2737|
+------+------+------+
---------------------------------------------------------------------------------
Finished Writing Synthesis Report : Time (s): cpu = 00:01:54 ; elapsed = 00:02:17 . Memory (MB): peak = 1301.656 ; gain = 224.664
---------------------------------------------------------------------------------
Synthesis finished with 0 errors, 0 critical warnings and 37 warnings.
Synthesis Optimization Runtime : Time (s): cpu = 00:01:19 ; elapsed = 00:02:08 . Memory (MB): peak = 1301.656 ; gain = 113.980
Synthesis Optimization Complete : Time (s): cpu = 00:01:54 ; elapsed = 00:02:17 . Memory (MB): peak = 1301.656 ; gain = 224.664
INFO: [Project 1-571] Translating synthesized netlist
Netlist sorting complete. Time (s): cpu = 00:00:00 ; elapsed = 00:00:00.073 . Memory (MB): peak = 1301.699 ; gain = 0.000
INFO: [Netlist 29-17] Analyzing 256 Unisim elements for replacement
INFO: [Netlist 29-28] Unisim Transformation completed in 1 CPU seconds
WARNING: [Netlist 29-101] Netlist 'DEMO_vio_0_0' is not ideal for floorplanning, since the cellview 'vio_v3_0_19_probe_in_one' contains a large number of primitives.  Please consider enabling hierarchy in synthesis if you want to do floorplanning.
INFO: [Project 1-570] Preparing netlist for logic optimization
INFO: [Opt 31-138] Pushed 0 inverter(s) to 0 load pin(s).
Netlist sorting complete. Time (s): cpu = 00:00:00 ; elapsed = 00:00:00.002 . Memory (MB): peak = 1301.699 ; gain = 0.000
INFO: [Project 1-111] Unisim Transformation Summary:
No Unisim elements were transformed.

INFO: [Common 17-83] Releasing license: Synthesis
25 Infos, 39 Warnings, 0 Critical Warnings and 0 Errors encountered.
synth_design completed successfully
synth_design: Time (s): cpu = 00:02:11 ; elapsed = 00:02:39 . Memory (MB): peak = 1301.699 ; gain = 224.707
INFO: [Common 17-1381] The checkpoint 'C:/Users/etien/Desktop/Proyecto-2-SEP-G14/Of/Hw_vivado/Hardware_Proyecto_Booster.runs/DEMO_vio_0_0_synth_1/DEMO_vio_0_0.dcp' has been generated.
WARNING: [Common 17-576] 'use_project_ipc' is deprecated. This option is deprecated and no longer used.
INFO: [Coretcl 2-1648] Added synthesis output to IP cache for IP DEMO_vio_0_0, cache-ID = 6b970193eca9a0c9
INFO: [Coretcl 2-1174] Renamed 7 cell refs.
INFO: [Common 17-1381] The checkpoint 'C:/Users/etien/Desktop/Proyecto-2-SEP-G14/Of/Hw_vivado/Hardware_Proyecto_Booster.runs/DEMO_vio_0_0_synth_1/DEMO_vio_0_0.dcp' has been generated.
INFO: [runtcl-4] Executing : report_utilization -file DEMO_vio_0_0_utilization_synth.rpt -pb DEMO_vio_0_0_utilization_synth.pb
INFO: [Common 17-206] Exiting Vivado at Mon Jul  8 04:03:08 2024...
