
*** Running vivado
    with args -log DEMO_circular_buffer_0_0.vds -m64 -product Vivado -mode batch -messageDb vivado.pb -notrace -source DEMO_circular_buffer_0_0.tcl



****** Vivado v2020.1 (64-bit)
  **** SW Build 2902540 on Wed May 27 19:54:49 MDT 2020
  **** IP Build 2902112 on Wed May 27 22:43:36 MDT 2020
    ** Copyright 1986-2020 Xilinx, Inc. All Rights Reserved.

source DEMO_circular_buffer_0_0.tcl -notrace
create_project: Time (s): cpu = 00:00:08 ; elapsed = 00:00:14 . Memory (MB): peak = 1073.910 ; gain = 0.000
INFO: [IP_Flow 19-234] Refreshing IP repositories
INFO: [IP_Flow 19-1700] Loaded user IP repository 'c:/Users/etien/Desktop/Proyecto-2-SEP-G14/Of/ip_repo'.
INFO: [IP_Flow 19-1700] Loaded user IP repository 'c:/Users/etien/Desktop/Proyecto-2-SEP-G14/Assets Proyecto 1/ip_core_Nueva_FFT'.
INFO: [IP_Flow 19-1700] Loaded user IP repository 'c:/Users/etien/Desktop/Proyecto-2-SEP-G14/Assets Proyecto 1/CircularBuffer'.
INFO: [IP_Flow 19-1700] Loaded user IP repository 'c:/Users/etien/Desktop/Proyecto-2-SEP-G14/Assets Proyecto 1/IndexSelector'.
INFO: [IP_Flow 19-1700] Loaded user IP repository 'c:/Users/etien/Desktop/Proyecto-2-SEP-G14/Assets Proyecto 1/FPU'.
INFO: [IP_Flow 19-1700] Loaded user IP repository 'c:/Users/etien/Desktop/Proyecto-2-SEP-G14/Assets Proyecto 1/Player'.
INFO: [IP_Flow 19-1700] Loaded user IP repository 'c:/Users/etien/Desktop/Proyecto-2-SEP-G14/Tests/ip_repo'.
INFO: [IP_Flow 19-2313] Loaded Vivado IP repository 'C:/Xilinx/Vivado/2020.1/data/ip'.
WARNING: [IP_Flow 19-4995] The host OS only allows 260 characters in a normal path. The IP cache path is more than 80 characters. If you experience issues with IP caching, please consider changing the IP cache to a location with a shorter path. Alternately consider using the OS subst command to map part of the path to a drive letter. 
Current IP cache path is c:/Users/etien/Desktop/Proyecto-2-SEP-G14/Of/Hw_vivado/Hardware_Proyecto_Booster.cache/ip 
Command: synth_design -top DEMO_circular_buffer_0_0 -part xc7z010clg400-1 -mode out_of_context
Starting synth_design
Attempting to get a license for feature 'Synthesis' and/or device 'xc7z010'
INFO: [Common 17-349] Got license for feature 'Synthesis' and/or device 'xc7z010'
INFO: [Device 21-403] Loading part xc7z010clg400-1
INFO: [Synth 8-7079] Multithreading enabled for synth_design using a maximum of 2 processes.
INFO: [Synth 8-7078] Launching helper process for spawning children vivado processes
INFO: [Synth 8-7075] Helper process launched with PID 17076
---------------------------------------------------------------------------------
Starting RTL Elaboration : Time (s): cpu = 00:00:13 ; elapsed = 00:00:32 . Memory (MB): peak = 1073.910 ; gain = 0.000
---------------------------------------------------------------------------------
INFO: [Synth 8-638] synthesizing module 'DEMO_circular_buffer_0_0' [c:/Users/etien/Desktop/Proyecto-2-SEP-G14/Of/Hw_vivado/Hardware_Proyecto_Booster.srcs/sources_1/bd/DEMO/ip/DEMO_circular_buffer_0_0/synth/DEMO_circular_buffer_0_0.vhd:68]
INFO: [Synth 8-3491] module 'circular_buffer' declared at 'c:/Users/etien/Desktop/Proyecto-2-SEP-G14/Of/Hw_vivado/Hardware_Proyecto_Booster.srcs/sources_1/bd/DEMO/ipshared/b7ac/CircularBuffer.srcs/sources_1/new/circular_buffer.vhd:5' bound to instance 'U0' of component 'circular_buffer' [c:/Users/etien/Desktop/Proyecto-2-SEP-G14/Of/Hw_vivado/Hardware_Proyecto_Booster.srcs/sources_1/bd/DEMO/ip/DEMO_circular_buffer_0_0/synth/DEMO_circular_buffer_0_0.vhd:95]
INFO: [Synth 8-638] synthesizing module 'circular_buffer' [c:/Users/etien/Desktop/Proyecto-2-SEP-G14/Of/Hw_vivado/Hardware_Proyecto_Booster.srcs/sources_1/bd/DEMO/ipshared/b7ac/CircularBuffer.srcs/sources_1/new/circular_buffer.vhd:17]
INFO: [Synth 8-256] done synthesizing module 'circular_buffer' (1#1) [c:/Users/etien/Desktop/Proyecto-2-SEP-G14/Of/Hw_vivado/Hardware_Proyecto_Booster.srcs/sources_1/bd/DEMO/ipshared/b7ac/CircularBuffer.srcs/sources_1/new/circular_buffer.vhd:17]
INFO: [Synth 8-256] done synthesizing module 'DEMO_circular_buffer_0_0' (2#1) [c:/Users/etien/Desktop/Proyecto-2-SEP-G14/Of/Hw_vivado/Hardware_Proyecto_Booster.srcs/sources_1/bd/DEMO/ip/DEMO_circular_buffer_0_0/synth/DEMO_circular_buffer_0_0.vhd:68]
---------------------------------------------------------------------------------
Finished RTL Elaboration : Time (s): cpu = 00:00:16 ; elapsed = 00:00:36 . Memory (MB): peak = 1128.016 ; gain = 54.105
---------------------------------------------------------------------------------
---------------------------------------------------------------------------------
Start Handling Custom Attributes
---------------------------------------------------------------------------------
---------------------------------------------------------------------------------
Finished Handling Custom Attributes : Time (s): cpu = 00:00:18 ; elapsed = 00:00:38 . Memory (MB): peak = 1128.016 ; gain = 54.105
---------------------------------------------------------------------------------
---------------------------------------------------------------------------------
Finished RTL Optimization Phase 1 : Time (s): cpu = 00:00:18 ; elapsed = 00:00:38 . Memory (MB): peak = 1128.016 ; gain = 54.105
---------------------------------------------------------------------------------
Netlist sorting complete. Time (s): cpu = 00:00:00 ; elapsed = 00:00:00.380 . Memory (MB): peak = 1128.016 ; gain = 0.000
INFO: [Project 1-570] Preparing netlist for logic optimization

Processing XDC Constraints
Initializing timing engine
Completed Processing XDC Constraints

Netlist sorting complete. Time (s): cpu = 00:00:00 ; elapsed = 00:00:00.003 . Memory (MB): peak = 1242.082 ; gain = 0.000
INFO: [Project 1-111] Unisim Transformation Summary:
No Unisim elements were transformed.

Constraint Validation Runtime : Time (s): cpu = 00:00:01 ; elapsed = 00:00:00.647 . Memory (MB): peak = 1242.082 ; gain = 0.000
---------------------------------------------------------------------------------
Finished Constraint Validation : Time (s): cpu = 00:00:39 ; elapsed = 00:01:06 . Memory (MB): peak = 1242.082 ; gain = 168.172
---------------------------------------------------------------------------------
---------------------------------------------------------------------------------
Start Loading Part and Timing Information
---------------------------------------------------------------------------------
Loading part: xc7z010clg400-1
---------------------------------------------------------------------------------
Finished Loading Part and Timing Information : Time (s): cpu = 00:00:39 ; elapsed = 00:01:06 . Memory (MB): peak = 1242.082 ; gain = 168.172
---------------------------------------------------------------------------------
---------------------------------------------------------------------------------
Start Applying 'set_property' XDC Constraints
---------------------------------------------------------------------------------
---------------------------------------------------------------------------------
Finished applying 'set_property' XDC Constraints : Time (s): cpu = 00:00:39 ; elapsed = 00:01:07 . Memory (MB): peak = 1242.082 ; gain = 168.172
---------------------------------------------------------------------------------
---------------------------------------------------------------------------------
Finished RTL Optimization Phase 2 : Time (s): cpu = 00:00:39 ; elapsed = 00:01:09 . Memory (MB): peak = 1242.082 ; gain = 168.172
---------------------------------------------------------------------------------
---------------------------------------------------------------------------------
Start RTL Component Statistics 
---------------------------------------------------------------------------------
Detailed RTL Component Info : 
+---Adders : 
	   2 Input    6 Bit       Adders := 1     
	   2 Input    2 Bit       Adders := 1     
+---Registers : 
	             2048 Bit    Registers := 2     
	               32 Bit    Registers := 1     
	                6 Bit    Registers := 1     
	                2 Bit    Registers := 1     
	                1 Bit    Registers := 5     
+---Muxes : 
	   2 Input    1 Bit        Muxes := 11    
---------------------------------------------------------------------------------
Finished RTL Component Statistics 
---------------------------------------------------------------------------------
---------------------------------------------------------------------------------
Start Part Resource Summary
---------------------------------------------------------------------------------
Part Resources:
DSPs: 80 (col length:40)
BRAMs: 120 (col length: RAMB18 40 RAMB36 20)
---------------------------------------------------------------------------------
Finished Part Resource Summary
---------------------------------------------------------------------------------
---------------------------------------------------------------------------------
Start Cross Boundary and Area Optimization
---------------------------------------------------------------------------------
---------------------------------------------------------------------------------
Finished Cross Boundary and Area Optimization : Time (s): cpu = 00:00:46 ; elapsed = 00:01:17 . Memory (MB): peak = 1242.082 ; gain = 168.172
---------------------------------------------------------------------------------
---------------------------------------------------------------------------------
Start Applying XDC Timing Constraints
---------------------------------------------------------------------------------
---------------------------------------------------------------------------------
Finished Applying XDC Timing Constraints : Time (s): cpu = 00:01:11 ; elapsed = 00:01:50 . Memory (MB): peak = 1242.082 ; gain = 168.172
---------------------------------------------------------------------------------
---------------------------------------------------------------------------------
Start Timing Optimization
---------------------------------------------------------------------------------
---------------------------------------------------------------------------------
Finished Timing Optimization : Time (s): cpu = 00:01:11 ; elapsed = 00:01:50 . Memory (MB): peak = 1242.082 ; gain = 168.172
---------------------------------------------------------------------------------
---------------------------------------------------------------------------------
Start Technology Mapping
---------------------------------------------------------------------------------
---------------------------------------------------------------------------------
Finished Technology Mapping : Time (s): cpu = 00:01:13 ; elapsed = 00:01:53 . Memory (MB): peak = 1249.391 ; gain = 175.480
---------------------------------------------------------------------------------
---------------------------------------------------------------------------------
Start IO Insertion
---------------------------------------------------------------------------------
---------------------------------------------------------------------------------
Start Flattening Before IO Insertion
---------------------------------------------------------------------------------
---------------------------------------------------------------------------------
Finished Flattening Before IO Insertion
---------------------------------------------------------------------------------
---------------------------------------------------------------------------------
Start Final Netlist Cleanup
---------------------------------------------------------------------------------
---------------------------------------------------------------------------------
Finished Final Netlist Cleanup
---------------------------------------------------------------------------------
---------------------------------------------------------------------------------
Finished IO Insertion : Time (s): cpu = 00:01:27 ; elapsed = 00:02:12 . Memory (MB): peak = 1257.836 ; gain = 183.926
---------------------------------------------------------------------------------
---------------------------------------------------------------------------------
Start Renaming Generated Instances
---------------------------------------------------------------------------------
---------------------------------------------------------------------------------
Finished Renaming Generated Instances : Time (s): cpu = 00:01:27 ; elapsed = 00:02:12 . Memory (MB): peak = 1257.836 ; gain = 183.926
---------------------------------------------------------------------------------
---------------------------------------------------------------------------------
Start Rebuilding User Hierarchy
---------------------------------------------------------------------------------
---------------------------------------------------------------------------------
Finished Rebuilding User Hierarchy : Time (s): cpu = 00:01:27 ; elapsed = 00:02:12 . Memory (MB): peak = 1257.836 ; gain = 183.926
---------------------------------------------------------------------------------
---------------------------------------------------------------------------------
Start Renaming Generated Ports
---------------------------------------------------------------------------------
---------------------------------------------------------------------------------
Finished Renaming Generated Ports : Time (s): cpu = 00:01:27 ; elapsed = 00:02:12 . Memory (MB): peak = 1257.836 ; gain = 183.926
---------------------------------------------------------------------------------
---------------------------------------------------------------------------------
Start Handling Custom Attributes
---------------------------------------------------------------------------------
---------------------------------------------------------------------------------
Finished Handling Custom Attributes : Time (s): cpu = 00:01:28 ; elapsed = 00:02:13 . Memory (MB): peak = 1257.836 ; gain = 183.926
---------------------------------------------------------------------------------
---------------------------------------------------------------------------------
Start Renaming Generated Nets
---------------------------------------------------------------------------------
---------------------------------------------------------------------------------
Finished Renaming Generated Nets : Time (s): cpu = 00:01:28 ; elapsed = 00:02:13 . Memory (MB): peak = 1257.836 ; gain = 183.926
---------------------------------------------------------------------------------
---------------------------------------------------------------------------------
Start Writing Synthesis Report
---------------------------------------------------------------------------------

Report BlackBoxes: 
+-+--------------+----------+
| |BlackBox name |Instances |
+-+--------------+----------+
+-+--------------+----------+

Report Cell Usage: 
+------+-------+------+
|      |Cell   |Count |
+------+-------+------+
|1     |CARRY4 |     3|
|2     |LUT1   |     1|
|3     |LUT2   |     4|
|4     |LUT3   |     3|
|5     |LUT4   |     4|
|6     |LUT5   |     2|
|7     |LUT6   |    14|
|8     |FDRE   |  4141|
+------+-------+------+
---------------------------------------------------------------------------------
Finished Writing Synthesis Report : Time (s): cpu = 00:01:28 ; elapsed = 00:02:13 . Memory (MB): peak = 1257.836 ; gain = 183.926
---------------------------------------------------------------------------------
Synthesis finished with 0 errors, 0 critical warnings and 0 warnings.
Synthesis Optimization Runtime : Time (s): cpu = 00:01:02 ; elapsed = 00:02:03 . Memory (MB): peak = 1257.836 ; gain = 69.859
Synthesis Optimization Complete : Time (s): cpu = 00:01:28 ; elapsed = 00:02:13 . Memory (MB): peak = 1257.836 ; gain = 183.926
INFO: [Project 1-571] Translating synthesized netlist
Netlist sorting complete. Time (s): cpu = 00:00:00 ; elapsed = 00:00:00.391 . Memory (MB): peak = 1269.926 ; gain = 0.000
INFO: [Netlist 29-17] Analyzing 3 Unisim elements for replacement
INFO: [Netlist 29-28] Unisim Transformation completed in 0 CPU seconds
WARNING: [Netlist 29-101] Netlist 'DEMO_circular_buffer_0_0' is not ideal for floorplanning, since the cellview 'circular_buffer' contains a large number of primitives.  Please consider enabling hierarchy in synthesis if you want to do floorplanning.
INFO: [Project 1-570] Preparing netlist for logic optimization
INFO: [Opt 31-138] Pushed 0 inverter(s) to 0 load pin(s).
Netlist sorting complete. Time (s): cpu = 00:00:00 ; elapsed = 00:00:00.034 . Memory (MB): peak = 1275.855 ; gain = 0.000
INFO: [Project 1-111] Unisim Transformation Summary:
No Unisim elements were transformed.

INFO: [Common 17-83] Releasing license: Synthesis
28 Infos, 2 Warnings, 0 Critical Warnings and 0 Errors encountered.
synth_design completed successfully
synth_design: Time (s): cpu = 00:01:49 ; elapsed = 00:03:04 . Memory (MB): peak = 1275.855 ; gain = 201.945
INFO: [Common 17-1381] The checkpoint 'C:/Users/etien/Desktop/Proyecto-2-SEP-G14/Of/Hw_vivado/Hardware_Proyecto_Booster.runs/DEMO_circular_buffer_0_0_synth_1/DEMO_circular_buffer_0_0.dcp' has been generated.
WARNING: [Common 17-576] 'use_project_ipc' is deprecated. This option is deprecated and no longer used.
INFO: [Coretcl 2-1648] Added synthesis output to IP cache for IP DEMO_circular_buffer_0_0, cache-ID = c58b542691a4fdbf
INFO: [Common 17-1381] The checkpoint 'C:/Users/etien/Desktop/Proyecto-2-SEP-G14/Of/Hw_vivado/Hardware_Proyecto_Booster.runs/DEMO_circular_buffer_0_0_synth_1/DEMO_circular_buffer_0_0.dcp' has been generated.
INFO: [runtcl-4] Executing : report_utilization -file DEMO_circular_buffer_0_0_utilization_synth.rpt -pb DEMO_circular_buffer_0_0_utilization_synth.pb
INFO: [Common 17-206] Exiting Vivado at Sun Jul  7 20:18:05 2024...
