TRACE::2024-06-18.19:57:14::SCWBifWriter::Found the complete platform C:/Users/Amteo/Desktop/Universidad/SEP/Labs/LAB10/lab10_prop2/Vitis/HW_lab10prop2/export/HW_lab10prop2/HW_lab10prop2.xpfm
TRACE::2024-06-18.19:57:14::SCWBifWriter::hardware databse : DEMO_wrapper_11
TRACE::2024-06-18.19:57:14::SCWBifWriter::bitstream found in the design
TRACE::2024-06-18.19:57:14::SCWBifWriter::Found a baremetal domain, proc: ps7_cortexa9_0
TRACE::2024-06-18.19:57:14::SCWBifWriter::proc type : 
TRACE::2024-06-18.19:57:14::SCWBifWriter::proc[0] : ps7_cortexa9_0
TRACE::2024-06-18.19:57:14::SCWBifWriter::Device type is : zynq
TRACE::2024-06-18.19:57:14::SCWBifWriter::Writing BIF to file : C:/Users/Amteo/Desktop/Universidad/SEP/Labs/LAB10/lab10_prop2/Vitis/lab10prop2_system/Release/system.bif
TRACE::2024-06-18.19:57:14::SCWBifWriter::Writing the Zynq Baremetal bif 
TRACE::2024-06-18.20:02:36::SCWBifWriter::Found the complete platform C:/Users/Amteo/Desktop/Universidad/SEP/Labs/LAB10/lab10_prop2/Vitis/HW_lab10prop2/export/HW_lab10prop2/HW_lab10prop2.xpfm
TRACE::2024-06-18.20:02:36::SCWBifWriter::hardware databse : DEMO_wrapper_11
TRACE::2024-06-18.20:02:36::SCWBifWriter::bitstream found in the design
TRACE::2024-06-18.20:02:36::SCWBifWriter::Found a baremetal domain, proc: ps7_cortexa9_0
TRACE::2024-06-18.20:02:36::SCWBifWriter::proc type : 
TRACE::2024-06-18.20:02:36::SCWBifWriter::proc[0] : ps7_cortexa9_0
TRACE::2024-06-18.20:02:36::SCWBifWriter::Device type is : zynq
TRACE::2024-06-18.20:02:36::SCWBifWriter::Writing BIF to file : C:/Users/Amteo/Desktop/Universidad/SEP/Labs/LAB10/lab10_prop2/Vitis/lab10prop2_system/Release/system.bif
TRACE::2024-06-18.20:02:36::SCWBifWriter::Writing the Zynq Baremetal bif 
TRACE::2024-06-19.09:07:28::SCWBifWriter::Found the complete platform C:/Users/Amteo/Desktop/Universidad/SEP/Labs/LAB10/lab10_prop2/Vitis/HW_lab10prop2/export/HW_lab10prop2/HW_lab10prop2.xpfm
TRACE::2024-06-19.09:07:29::SCWBifWriter::hardware databse : DEMO_wrapper
TRACE::2024-06-19.09:07:29::SCWBifWriter::bitstream found in the design
TRACE::2024-06-19.09:07:29::SCWBifWriter::Found a baremetal domain, proc: ps7_cortexa9_0
TRACE::2024-06-19.09:07:29::SCWBifWriter::proc type : 
TRACE::2024-06-19.09:07:29::SCWBifWriter::proc[0] : ps7_cortexa9_0
TRACE::2024-06-19.09:07:29::SCWBifWriter::Device type is : zynq
TRACE::2024-06-19.09:07:29::SCWBifWriter::Writing BIF to file : C:/Users/Amteo/Desktop/Universidad/SEP/Labs/LAB10/lab10_prop2/Vitis/lab10prop2_system/Release/system.bif
TRACE::2024-06-19.09:07:29::SCWBifWriter::Writing the Zynq Baremetal bif 
TRACE::2024-06-19.09:12:33::SCWBifWriter::Found the complete platform C:/Users/Amteo/Desktop/Universidad/SEP/Labs/LAB10/lab10_prop2/Vitis/HW_lab10prop2/export/HW_lab10prop2/HW_lab10prop2.xpfm
TRACE::2024-06-19.09:12:33::SCWBifWriter::hardware databse : DEMO_wrapper
TRACE::2024-06-19.09:12:33::SCWBifWriter::bitstream found in the design
TRACE::2024-06-19.09:12:33::SCWBifWriter::Found a baremetal domain, proc: ps7_cortexa9_0
TRACE::2024-06-19.09:12:33::SCWBifWriter::proc type : 
TRACE::2024-06-19.09:12:33::SCWBifWriter::proc[0] : ps7_cortexa9_0
TRACE::2024-06-19.09:12:33::SCWBifWriter::Device type is : zynq
TRACE::2024-06-19.09:12:33::SCWBifWriter::Writing BIF to file : C:/Users/Amteo/Desktop/Universidad/SEP/Labs/LAB10/lab10_prop2/Vitis/lab10prop2_system/Release/system.bif
TRACE::2024-06-19.09:12:33::SCWBifWriter::Writing the Zynq Baremetal bif 
