#-----------------------------------------------------------
# Vivado v2020.1 (64-bit)
# SW Build 2902540 on Wed May 27 19:54:49 MDT 2020
# IP Build 2902112 on Wed May 27 22:43:36 MDT 2020
# Start of session at: Fri May 10 01:26:30 2024
# Process ID: 15708
# Current directory: C:/Users/Amteo/Desktop/Universidad/SEP/Proyecto1/IndexSelector
# Command line: vivado.exe -gui_launcher_event rodinguilauncherevent6764 C:\Users\Amteo\Desktop\Universidad\SEP\Proyecto1\IndexSelector\IndexSelector.xpr
# Log file: C:/Users/Amteo/Desktop/Universidad/SEP/Proyecto1/IndexSelector/vivado.log
# Journal file: C:/Users/Amteo/Desktop/Universidad/SEP/Proyecto1/IndexSelector\vivado.jou
#-----------------------------------------------------------
start_gui
open_project C:/Users/Amteo/Desktop/Universidad/SEP/Proyecto1/IndexSelector/IndexSelector.xpr
Scanning sources...
Finished scanning sources
INFO: [IP_Flow 19-234] Refreshing IP repositories
INFO: [IP_Flow 19-1700] Loaded user IP repository 'c:/Users/Amteo/Desktop/Universidad/SEP/Proyecto1/IndexSelector'.
WARNING: [IP_Flow 19-3685] Ignored loading user repository 'c:/Users/Amteo/Desktop/Universidad/SEP/Proyecto1/IndexSelector/IndexSelector.srcs/sources_1/new'. The path is contained within another repository.
INFO: [IP_Flow 19-2313] Loaded Vivado IP repository 'C:/Xilinx/Vivado/2020.1/data/ip'.
WARNING: [IP_Flow 19-1663] Duplicate IP found for 'xilinx.com:user:index_selector:1.0'. The one found in IP location 'c:/Users/Amteo/Desktop/Universidad/SEP/Proyecto1/IndexSelector/IndexSelector.srcs/sources_1/new' will take precedence over the same IP in location c:/Users/Amteo/Desktop/Universidad/SEP/Proyecto1/IndexSelector
open_project: Time (s): cpu = 00:00:09 ; elapsed = 00:00:09 . Memory (MB): peak = 1057.965 ; gain = 0.000
update_compile_order -fileset sources_1
ipx::package_project -root_dir C:/Users/Amteo/Desktop/Universidad/SEP/Proyecto1/IndexSelector -vendor xilinx.com -library user -taxonomy /UserIP -import_files -set_current false -force
INFO: [IP_Flow 19-5107] Inferred bus interface 'clk' of definition 'xilinx.com:signal:clock:1.0' (from Xilinx Repository).
WARNING: [IP_Flow 19-5661] Bus Interface 'clk' does not have any bus interfaces associated with it.
INFO: [IP_Flow 19-2181] Payment Required is not set for this core.
INFO: [IP_Flow 19-2187] The Product Guide file is missing.
ipx::unload_core c:/Users/Amteo/Desktop/Universidad/SEP/Proyecto1/IndexSelector/component.xml
ipx::edit_ip_in_project -upgrade true -name tmp_edit_project -directory C:/Users/Amteo/Desktop/Universidad/SEP/Proyecto1/IndexSelector c:/Users/Amteo/Desktop/Universidad/SEP/Proyecto1/IndexSelector/component.xml
INFO: [IP_Flow 19-234] Refreshing IP repositories
INFO: [IP_Flow 19-1704] No user IP repositories specified
INFO: [IP_Flow 19-2313] Loaded Vivado IP repository 'C:/Xilinx/Vivado/2020.1/data/ip'.
create_project: Time (s): cpu = 00:00:07 ; elapsed = 00:00:07 . Memory (MB): peak = 1057.965 ; gain = 0.000
INFO: [IP_Flow 19-234] Refreshing IP repositories
INFO: [IP_Flow 19-1700] Loaded user IP repository 'c:/Users/Amteo/Desktop/Universidad/SEP/Proyecto1/IndexSelector'.
WARNING: [IP_Flow 19-3685] Ignored loading user repository 'c:/Users/Amteo/Desktop/Universidad/SEP/Proyecto1/IndexSelector/IndexSelector.srcs/sources_1/new'. The path is contained within another repository.
WARNING: [IP_Flow 19-1663] Duplicate IP found for 'xilinx.com:user:index_selector:1.0'. The one found in IP location 'c:/Users/Amteo/Desktop/Universidad/SEP/Proyecto1/IndexSelector/IndexSelector.srcs/sources_1/new' will take precedence over the same IP in location c:/Users/Amteo/Desktop/Universidad/SEP/Proyecto1/IndexSelector
INFO: [IP_Flow 19-795] Syncing license key meta-data
ipx::edit_ip_in_project: Time (s): cpu = 00:00:10 ; elapsed = 00:00:10 . Memory (MB): peak = 1057.965 ; gain = 0.000
update_compile_order -fileset sources_1
current_project IndexSelector
set_property core_revision 2 [ipx::current_core]
ipx::update_source_project_archive -component [ipx::current_core]
ipx::create_xgui_files [ipx::current_core]
ipx::update_checksums [ipx::current_core]
ipx::save_core [ipx::current_core]
current_project tmp_edit_project
ipx::move_temp_component_back -component [ipx::current_core]
close_project -delete
update_ip_catalog -rebuild -repo_path c:/Users/Amteo/Desktop/Universidad/SEP/Proyecto1/IndexSelector
INFO: [IP_Flow 19-725] Reloaded user IP repository 'c:/Users/Amteo/Desktop/Universidad/SEP/Proyecto1/IndexSelector'
WARNING: [IP_Flow 19-1663] Duplicate IP found for 'xilinx.com:user:index_selector:1.0'. The one found in IP location 'c:/Users/Amteo/Desktop/Universidad/SEP/Proyecto1/IndexSelector/IndexSelector.srcs/sources_1/new' will take precedence over the same IP in location c:/Users/Amteo/Desktop/Universidad/SEP/Proyecto1/IndexSelector
exit
INFO: [Common 17-206] Exiting Vivado at Fri May 10 01:28:30 2024...
