
*** Running vivado
    with args -log DEMO_index_selector_0_0.vds -m64 -product Vivado -mode batch -messageDb vivado.pb -notrace -source DEMO_index_selector_0_0.tcl



****** Vivado v2020.1 (64-bit)
  **** SW Build 2902540 on Wed May 27 19:54:49 MDT 2020
  **** IP Build 2902112 on Wed May 27 22:43:36 MDT 2020
    ** Copyright 1986-2020 Xilinx, Inc. All Rights Reserved.

source DEMO_index_selector_0_0.tcl -notrace
create_project: Time (s): cpu = 00:00:08 ; elapsed = 00:00:14 . Memory (MB): peak = 1060.484 ; gain = 0.000
INFO: [IP_Flow 19-234] Refreshing IP repositories
INFO: [IP_Flow 19-1700] Loaded user IP repository 'c:/Users/etien/Desktop/Proyecto-2-SEP-G14/Of/ip_repo'.
INFO: [IP_Flow 19-1700] Loaded user IP repository 'c:/Users/etien/Desktop/Proyecto-2-SEP-G14/Assets Proyecto 1/ip_core_Nueva_FFT'.
INFO: [IP_Flow 19-1700] Loaded user IP repository 'c:/Users/etien/Desktop/Proyecto-2-SEP-G14/Assets Proyecto 1/CircularBuffer'.
INFO: [IP_Flow 19-1700] Loaded user IP repository 'c:/Users/etien/Desktop/Proyecto-2-SEP-G14/Assets Proyecto 1/IndexSelector'.
INFO: [IP_Flow 19-1700] Loaded user IP repository 'c:/Users/etien/Desktop/Proyecto-2-SEP-G14/Assets Proyecto 1/FPU'.
INFO: [IP_Flow 19-1700] Loaded user IP repository 'c:/Users/etien/Desktop/Proyecto-2-SEP-G14/Assets Proyecto 1/Player'.
INFO: [IP_Flow 19-1700] Loaded user IP repository 'c:/Users/etien/Desktop/Proyecto-2-SEP-G14/Tests/ip_repo'.
INFO: [IP_Flow 19-2313] Loaded Vivado IP repository 'C:/Xilinx/Vivado/2020.1/data/ip'.
update_ip_catalog: Time (s): cpu = 00:00:02 ; elapsed = 00:00:05 . Memory (MB): peak = 1060.484 ; gain = 0.000
WARNING: [IP_Flow 19-4995] The host OS only allows 260 characters in a normal path. The IP cache path is more than 80 characters. If you experience issues with IP caching, please consider changing the IP cache to a location with a shorter path. Alternately consider using the OS subst command to map part of the path to a drive letter. 
Current IP cache path is c:/Users/etien/Desktop/Proyecto-2-SEP-G14/Of/Hw_vivado/Hardware_Proyecto_Booster.cache/ip 
Command: synth_design -top DEMO_index_selector_0_0 -part xc7z010clg400-1 -mode out_of_context
Starting synth_design
Attempting to get a license for feature 'Synthesis' and/or device 'xc7z010'
INFO: [Common 17-349] Got license for feature 'Synthesis' and/or device 'xc7z010'
INFO: [Device 21-403] Loading part xc7z010clg400-1
INFO: [Synth 8-7079] Multithreading enabled for synth_design using a maximum of 2 processes.
INFO: [Synth 8-7078] Launching helper process for spawning children vivado processes
INFO: [Synth 8-7075] Helper process launched with PID 15332
---------------------------------------------------------------------------------
Starting RTL Elaboration : Time (s): cpu = 00:00:13 ; elapsed = 00:00:37 . Memory (MB): peak = 1070.047 ; gain = 9.562
---------------------------------------------------------------------------------
INFO: [Synth 8-638] synthesizing module 'DEMO_index_selector_0_0' [c:/Users/etien/Desktop/Proyecto-2-SEP-G14/Of/Hw_vivado/Hardware_Proyecto_Booster.srcs/sources_1/bd/DEMO/ip/DEMO_index_selector_0_0/synth/DEMO_index_selector_0_0.vhd:64]
INFO: [Synth 8-3491] module 'index_selector' declared at 'c:/Users/etien/Desktop/Proyecto-2-SEP-G14/Of/Hw_vivado/Hardware_Proyecto_Booster.srcs/sources_1/bd/DEMO/ipshared/af91/IndexSelector.srcs/sources_1/new/index_selector.vhd:5' bound to instance 'U0' of component 'index_selector' [c:/Users/etien/Desktop/Proyecto-2-SEP-G14/Of/Hw_vivado/Hardware_Proyecto_Booster.srcs/sources_1/bd/DEMO/ip/DEMO_index_selector_0_0/synth/DEMO_index_selector_0_0.vhd:87]
INFO: [Synth 8-638] synthesizing module 'index_selector' [c:/Users/etien/Desktop/Proyecto-2-SEP-G14/Of/Hw_vivado/Hardware_Proyecto_Booster.srcs/sources_1/bd/DEMO/ipshared/af91/IndexSelector.srcs/sources_1/new/index_selector.vhd:13]
INFO: [Synth 8-256] done synthesizing module 'index_selector' (1#1) [c:/Users/etien/Desktop/Proyecto-2-SEP-G14/Of/Hw_vivado/Hardware_Proyecto_Booster.srcs/sources_1/bd/DEMO/ipshared/af91/IndexSelector.srcs/sources_1/new/index_selector.vhd:13]
INFO: [Synth 8-256] done synthesizing module 'DEMO_index_selector_0_0' (2#1) [c:/Users/etien/Desktop/Proyecto-2-SEP-G14/Of/Hw_vivado/Hardware_Proyecto_Booster.srcs/sources_1/bd/DEMO/ip/DEMO_index_selector_0_0/synth/DEMO_index_selector_0_0.vhd:64]
---------------------------------------------------------------------------------
Finished RTL Elaboration : Time (s): cpu = 00:00:17 ; elapsed = 00:00:43 . Memory (MB): peak = 1131.164 ; gain = 70.680
---------------------------------------------------------------------------------
---------------------------------------------------------------------------------
Start Handling Custom Attributes
---------------------------------------------------------------------------------
---------------------------------------------------------------------------------
Finished Handling Custom Attributes : Time (s): cpu = 00:00:18 ; elapsed = 00:00:45 . Memory (MB): peak = 1131.164 ; gain = 70.680
---------------------------------------------------------------------------------
---------------------------------------------------------------------------------
Finished RTL Optimization Phase 1 : Time (s): cpu = 00:00:18 ; elapsed = 00:00:45 . Memory (MB): peak = 1131.164 ; gain = 70.680
---------------------------------------------------------------------------------
Netlist sorting complete. Time (s): cpu = 00:00:00 ; elapsed = 00:00:00.102 . Memory (MB): peak = 1131.164 ; gain = 0.000
INFO: [Project 1-570] Preparing netlist for logic optimization

Processing XDC Constraints
Initializing timing engine
Completed Processing XDC Constraints

Netlist sorting complete. Time (s): cpu = 00:00:00 ; elapsed = 00:00:00.001 . Memory (MB): peak = 1235.508 ; gain = 0.000
INFO: [Project 1-111] Unisim Transformation Summary:
No Unisim elements were transformed.

Constraint Validation Runtime : Time (s): cpu = 00:00:00 ; elapsed = 00:00:00.147 . Memory (MB): peak = 1236.488 ; gain = 0.980
---------------------------------------------------------------------------------
Finished Constraint Validation : Time (s): cpu = 00:00:37 ; elapsed = 00:01:10 . Memory (MB): peak = 1236.488 ; gain = 176.004
---------------------------------------------------------------------------------
---------------------------------------------------------------------------------
Start Loading Part and Timing Information
---------------------------------------------------------------------------------
Loading part: xc7z010clg400-1
---------------------------------------------------------------------------------
Finished Loading Part and Timing Information : Time (s): cpu = 00:00:37 ; elapsed = 00:01:10 . Memory (MB): peak = 1236.488 ; gain = 176.004
---------------------------------------------------------------------------------
---------------------------------------------------------------------------------
Start Applying 'set_property' XDC Constraints
---------------------------------------------------------------------------------
---------------------------------------------------------------------------------
Finished applying 'set_property' XDC Constraints : Time (s): cpu = 00:00:37 ; elapsed = 00:01:10 . Memory (MB): peak = 1236.488 ; gain = 176.004
---------------------------------------------------------------------------------
---------------------------------------------------------------------------------
Finished RTL Optimization Phase 2 : Time (s): cpu = 00:00:38 ; elapsed = 00:01:13 . Memory (MB): peak = 1236.488 ; gain = 176.004
---------------------------------------------------------------------------------
---------------------------------------------------------------------------------
Start RTL Component Statistics 
---------------------------------------------------------------------------------
Detailed RTL Component Info : 
+---Registers : 
	                4 Bit    Registers := 1     
+---Muxes : 
	   2 Input   32 Bit        Muxes := 53    
	   2 Input    8 Bit        Muxes := 1     
	   2 Input    7 Bit        Muxes := 1     
	   2 Input    6 Bit        Muxes := 1     
	   2 Input    5 Bit        Muxes := 2     
	   2 Input    4 Bit        Muxes := 51    
	   2 Input    3 Bit        Muxes := 1     
	   2 Input    2 Bit        Muxes := 1     
---------------------------------------------------------------------------------
Finished RTL Component Statistics 
---------------------------------------------------------------------------------
---------------------------------------------------------------------------------
Start Part Resource Summary
---------------------------------------------------------------------------------
Part Resources:
DSPs: 80 (col length:40)
BRAMs: 120 (col length: RAMB18 40 RAMB36 20)
---------------------------------------------------------------------------------
Finished Part Resource Summary
---------------------------------------------------------------------------------
---------------------------------------------------------------------------------
Start Cross Boundary and Area Optimization
---------------------------------------------------------------------------------
---------------------------------------------------------------------------------
Finished Cross Boundary and Area Optimization : Time (s): cpu = 00:01:49 ; elapsed = 00:02:47 . Memory (MB): peak = 1236.488 ; gain = 176.004
---------------------------------------------------------------------------------
---------------------------------------------------------------------------------
Start Applying XDC Timing Constraints
---------------------------------------------------------------------------------
---------------------------------------------------------------------------------
Finished Applying XDC Timing Constraints : Time (s): cpu = 00:02:13 ; elapsed = 00:03:12 . Memory (MB): peak = 1236.488 ; gain = 176.004
---------------------------------------------------------------------------------
---------------------------------------------------------------------------------
Start Timing Optimization
---------------------------------------------------------------------------------
---------------------------------------------------------------------------------
Finished Timing Optimization : Time (s): cpu = 00:02:14 ; elapsed = 00:03:12 . Memory (MB): peak = 1236.488 ; gain = 176.004
---------------------------------------------------------------------------------
---------------------------------------------------------------------------------
Start Technology Mapping
---------------------------------------------------------------------------------
---------------------------------------------------------------------------------
Finished Technology Mapping : Time (s): cpu = 00:02:14 ; elapsed = 00:03:13 . Memory (MB): peak = 1242.969 ; gain = 182.484
---------------------------------------------------------------------------------
---------------------------------------------------------------------------------
Start IO Insertion
---------------------------------------------------------------------------------
---------------------------------------------------------------------------------
Start Flattening Before IO Insertion
---------------------------------------------------------------------------------
---------------------------------------------------------------------------------
Finished Flattening Before IO Insertion
---------------------------------------------------------------------------------
---------------------------------------------------------------------------------
Start Final Netlist Cleanup
---------------------------------------------------------------------------------
---------------------------------------------------------------------------------
Finished Final Netlist Cleanup
---------------------------------------------------------------------------------
---------------------------------------------------------------------------------
Finished IO Insertion : Time (s): cpu = 00:02:25 ; elapsed = 00:03:25 . Memory (MB): peak = 1248.699 ; gain = 188.215
---------------------------------------------------------------------------------
---------------------------------------------------------------------------------
Start Renaming Generated Instances
---------------------------------------------------------------------------------
---------------------------------------------------------------------------------
Finished Renaming Generated Instances : Time (s): cpu = 00:02:25 ; elapsed = 00:03:25 . Memory (MB): peak = 1248.699 ; gain = 188.215
---------------------------------------------------------------------------------
---------------------------------------------------------------------------------
Start Rebuilding User Hierarchy
---------------------------------------------------------------------------------
---------------------------------------------------------------------------------
Finished Rebuilding User Hierarchy : Time (s): cpu = 00:02:25 ; elapsed = 00:03:25 . Memory (MB): peak = 1248.699 ; gain = 188.215
---------------------------------------------------------------------------------
---------------------------------------------------------------------------------
Start Renaming Generated Ports
---------------------------------------------------------------------------------
---------------------------------------------------------------------------------
Finished Renaming Generated Ports : Time (s): cpu = 00:02:25 ; elapsed = 00:03:25 . Memory (MB): peak = 1248.699 ; gain = 188.215
---------------------------------------------------------------------------------
---------------------------------------------------------------------------------
Start Handling Custom Attributes
---------------------------------------------------------------------------------
---------------------------------------------------------------------------------
Finished Handling Custom Attributes : Time (s): cpu = 00:02:25 ; elapsed = 00:03:25 . Memory (MB): peak = 1248.699 ; gain = 188.215
---------------------------------------------------------------------------------
---------------------------------------------------------------------------------
Start Renaming Generated Nets
---------------------------------------------------------------------------------
---------------------------------------------------------------------------------
Finished Renaming Generated Nets : Time (s): cpu = 00:02:25 ; elapsed = 00:03:25 . Memory (MB): peak = 1248.699 ; gain = 188.215
---------------------------------------------------------------------------------
---------------------------------------------------------------------------------
Start Writing Synthesis Report
---------------------------------------------------------------------------------

Report BlackBoxes: 
+-+--------------+----------+
| |BlackBox name |Instances |
+-+--------------+----------+
+-+--------------+----------+

Report Cell Usage: 
+------+-------+------+
|      |Cell   |Count |
+------+-------+------+
|1     |CARRY4 |    44|
|2     |LUT1   |     3|
|3     |LUT2   |     8|
|4     |LUT3   |    59|
|5     |LUT4   |   280|
|6     |LUT5   |   166|
|7     |LUT6   |   228|
|8     |FDRE   |     1|
|9     |FDSE   |     3|
+------+-------+------+
---------------------------------------------------------------------------------
Finished Writing Synthesis Report : Time (s): cpu = 00:02:25 ; elapsed = 00:03:25 . Memory (MB): peak = 1248.699 ; gain = 188.215
---------------------------------------------------------------------------------
Synthesis finished with 0 errors, 0 critical warnings and 0 warnings.
Synthesis Optimization Runtime : Time (s): cpu = 00:02:01 ; elapsed = 00:03:17 . Memory (MB): peak = 1248.699 ; gain = 82.891
Synthesis Optimization Complete : Time (s): cpu = 00:02:25 ; elapsed = 00:03:25 . Memory (MB): peak = 1248.699 ; gain = 188.215
INFO: [Project 1-571] Translating synthesized netlist
Netlist sorting complete. Time (s): cpu = 00:00:00 ; elapsed = 00:00:00.043 . Memory (MB): peak = 1260.934 ; gain = 0.000
INFO: [Netlist 29-17] Analyzing 44 Unisim elements for replacement
INFO: [Netlist 29-28] Unisim Transformation completed in 0 CPU seconds
INFO: [Project 1-570] Preparing netlist for logic optimization
INFO: [Opt 31-138] Pushed 0 inverter(s) to 0 load pin(s).
Netlist sorting complete. Time (s): cpu = 00:00:00 ; elapsed = 00:00:00 . Memory (MB): peak = 1260.934 ; gain = 0.000
INFO: [Project 1-111] Unisim Transformation Summary:
No Unisim elements were transformed.

INFO: [Common 17-83] Releasing license: Synthesis
28 Infos, 1 Warnings, 0 Critical Warnings and 0 Errors encountered.
synth_design completed successfully
synth_design: Time (s): cpu = 00:02:44 ; elapsed = 00:03:59 . Memory (MB): peak = 1260.934 ; gain = 200.449
INFO: [Common 17-1381] The checkpoint 'C:/Users/etien/Desktop/Proyecto-2-SEP-G14/Of/Hw_vivado/Hardware_Proyecto_Booster.runs/DEMO_index_selector_0_0_synth_1/DEMO_index_selector_0_0.dcp' has been generated.
WARNING: [Common 17-576] 'use_project_ipc' is deprecated. This option is deprecated and no longer used.
INFO: [Coretcl 2-1648] Added synthesis output to IP cache for IP DEMO_index_selector_0_0, cache-ID = 385b41e15ceab797
INFO: [Common 17-1381] The checkpoint 'C:/Users/etien/Desktop/Proyecto-2-SEP-G14/Of/Hw_vivado/Hardware_Proyecto_Booster.runs/DEMO_index_selector_0_0_synth_1/DEMO_index_selector_0_0.dcp' has been generated.
INFO: [runtcl-4] Executing : report_utilization -file DEMO_index_selector_0_0_utilization_synth.rpt -pb DEMO_index_selector_0_0_utilization_synth.pb
INFO: [Common 17-206] Exiting Vivado at Sun Jul  7 20:18:51 2024...
