
*** Running vivado
    with args -log DEMO_BUZZER_0_0.vds -m64 -product Vivado -mode batch -messageDb vivado.pb -notrace -source DEMO_BUZZER_0_0.tcl



****** Vivado v2020.1 (64-bit)
  **** SW Build 2902540 on Wed May 27 19:54:49 MDT 2020
  **** IP Build 2902112 on Wed May 27 22:43:36 MDT 2020
    ** Copyright 1986-2020 Xilinx, Inc. All Rights Reserved.

source DEMO_BUZZER_0_0.tcl -notrace
create_project: Time (s): cpu = 00:00:01 ; elapsed = 00:00:06 . Memory (MB): peak = 1046.191 ; gain = 0.000
INFO: [IP_Flow 19-234] Refreshing IP repositories
INFO: [IP_Flow 19-1700] Loaded user IP repository 'c:/Users/Amteo/Desktop/Proyecto-2-SEP-G14/Of/ip_repo'.
INFO: [IP_Flow 19-1700] Loaded user IP repository 'c:/Users/Amteo/Desktop/Proyecto-2-SEP-G14/Tests/ip_repo'.
INFO: [IP_Flow 19-2313] Loaded Vivado IP repository 'C:/Xilinx/Vivado/2020.1/data/ip'.
WARNING: [IP_Flow 19-4995] The host OS only allows 260 characters in a normal path. The IP cache path is more than 80 characters. If you experience issues with IP caching, please consider changing the IP cache to a location with a shorter path. Alternately consider using the OS subst command to map part of the path to a drive letter. 
Current IP cache path is c:/Users/Amteo/Desktop/Proyecto-2-SEP-G14/Of/Hw_vivado/Hardware_Proyecto_Booster.cache/ip 
Command: synth_design -top DEMO_BUZZER_0_0 -part xc7z010clg400-1 -mode out_of_context
Starting synth_design
WARNING: [IP_Flow 19-3571] IP 'DEMO_BUZZER_0_0' is restricted:
* Module reference is stale and needs refreshing.
Attempting to get a license for feature 'Synthesis' and/or device 'xc7z010'
INFO: [Common 17-349] Got license for feature 'Synthesis' and/or device 'xc7z010'
INFO: [Device 21-403] Loading part xc7z010clg400-1
INFO: [Synth 8-7079] Multithreading enabled for synth_design using a maximum of 2 processes.
INFO: [Synth 8-7078] Launching helper process for spawning children vivado processes
INFO: [Synth 8-7075] Helper process launched with PID 60820
---------------------------------------------------------------------------------
Starting RTL Elaboration : Time (s): cpu = 00:00:10 ; elapsed = 00:00:43 . Memory (MB): peak = 1046.191 ; gain = 0.000
---------------------------------------------------------------------------------
INFO: [Synth 8-638] synthesizing module 'DEMO_BUZZER_0_0' [c:/Users/Amteo/Desktop/Proyecto-2-SEP-G14/Of/Hw_vivado/Hardware_Proyecto_Booster.srcs/sources_1/bd/DEMO/ip/DEMO_BUZZER_0_0/synth/DEMO_BUZZER_0_0.vhd:70]
INFO: [Synth 8-3491] module 'BUZZER' declared at 'C:/Users/Amteo/Desktop/Proyecto-2-SEP-G14/Of/Hw_vivado/Hardware_Proyecto_Booster.srcs/sources_1/new/BUZZER.vhd:5' bound to instance 'U0' of component 'BUZZER' [c:/Users/Amteo/Desktop/Proyecto-2-SEP-G14/Of/Hw_vivado/Hardware_Proyecto_Booster.srcs/sources_1/bd/DEMO/ip/DEMO_BUZZER_0_0/synth/DEMO_BUZZER_0_0.vhd:99]
INFO: [Synth 8-638] synthesizing module 'BUZZER' [C:/Users/Amteo/Desktop/Proyecto-2-SEP-G14/Of/Hw_vivado/Hardware_Proyecto_Booster.srcs/sources_1/new/BUZZER.vhd:19]
INFO: [Synth 8-256] done synthesizing module 'BUZZER' (1#1) [C:/Users/Amteo/Desktop/Proyecto-2-SEP-G14/Of/Hw_vivado/Hardware_Proyecto_Booster.srcs/sources_1/new/BUZZER.vhd:19]
INFO: [Synth 8-256] done synthesizing module 'DEMO_BUZZER_0_0' (2#1) [c:/Users/Amteo/Desktop/Proyecto-2-SEP-G14/Of/Hw_vivado/Hardware_Proyecto_Booster.srcs/sources_1/bd/DEMO/ip/DEMO_BUZZER_0_0/synth/DEMO_BUZZER_0_0.vhd:70]
---------------------------------------------------------------------------------
Finished RTL Elaboration : Time (s): cpu = 00:00:13 ; elapsed = 00:00:52 . Memory (MB): peak = 1073.496 ; gain = 27.305
---------------------------------------------------------------------------------
---------------------------------------------------------------------------------
Start Handling Custom Attributes
---------------------------------------------------------------------------------
---------------------------------------------------------------------------------
Finished Handling Custom Attributes : Time (s): cpu = 00:00:13 ; elapsed = 00:00:53 . Memory (MB): peak = 1073.496 ; gain = 27.305
---------------------------------------------------------------------------------
---------------------------------------------------------------------------------
Finished RTL Optimization Phase 1 : Time (s): cpu = 00:00:13 ; elapsed = 00:00:53 . Memory (MB): peak = 1073.496 ; gain = 27.305
---------------------------------------------------------------------------------
Netlist sorting complete. Time (s): cpu = 00:00:00 ; elapsed = 00:00:00.002 . Memory (MB): peak = 1073.496 ; gain = 0.000
INFO: [Project 1-570] Preparing netlist for logic optimization

Processing XDC Constraints
Initializing timing engine
Completed Processing XDC Constraints

Netlist sorting complete. Time (s): cpu = 00:00:00 ; elapsed = 00:00:00 . Memory (MB): peak = 1159.953 ; gain = 0.000
INFO: [Project 1-111] Unisim Transformation Summary:
No Unisim elements were transformed.

Constraint Validation Runtime : Time (s): cpu = 00:00:00 ; elapsed = 00:00:00.094 . Memory (MB): peak = 1159.957 ; gain = 0.004
---------------------------------------------------------------------------------
Finished Constraint Validation : Time (s): cpu = 00:00:23 ; elapsed = 00:01:14 . Memory (MB): peak = 1159.957 ; gain = 113.766
---------------------------------------------------------------------------------
---------------------------------------------------------------------------------
Start Loading Part and Timing Information
---------------------------------------------------------------------------------
Loading part: xc7z010clg400-1
---------------------------------------------------------------------------------
Finished Loading Part and Timing Information : Time (s): cpu = 00:00:23 ; elapsed = 00:01:14 . Memory (MB): peak = 1159.957 ; gain = 113.766
---------------------------------------------------------------------------------
---------------------------------------------------------------------------------
Start Applying 'set_property' XDC Constraints
---------------------------------------------------------------------------------
---------------------------------------------------------------------------------
Finished applying 'set_property' XDC Constraints : Time (s): cpu = 00:00:23 ; elapsed = 00:01:14 . Memory (MB): peak = 1159.957 ; gain = 113.766
---------------------------------------------------------------------------------
---------------------------------------------------------------------------------
Finished RTL Optimization Phase 2 : Time (s): cpu = 00:00:23 ; elapsed = 00:01:14 . Memory (MB): peak = 1159.957 ; gain = 113.766
---------------------------------------------------------------------------------
---------------------------------------------------------------------------------
Start RTL Component Statistics 
---------------------------------------------------------------------------------
Detailed RTL Component Info : 
+---Registers : 
	               20 Bit    Registers := 1     
+---Muxes : 
	   2 Input    1 Bit        Muxes := 1     
---------------------------------------------------------------------------------
Finished RTL Component Statistics 
---------------------------------------------------------------------------------
---------------------------------------------------------------------------------
Start Part Resource Summary
---------------------------------------------------------------------------------
Part Resources:
DSPs: 80 (col length:40)
BRAMs: 120 (col length: RAMB18 40 RAMB36 20)
---------------------------------------------------------------------------------
Finished Part Resource Summary
---------------------------------------------------------------------------------
---------------------------------------------------------------------------------
Start Cross Boundary and Area Optimization
---------------------------------------------------------------------------------
DSP Report: Generating DSP U0/AMPLITUD_reg, operation Mode is: (A*(B:0x310))'.
DSP Report: register U0/AMPLITUD_reg is absorbed into DSP U0/AMPLITUD_reg.
DSP Report: operator U0/multOp is absorbed into DSP U0/AMPLITUD_reg.
---------------------------------------------------------------------------------
Finished Cross Boundary and Area Optimization : Time (s): cpu = 00:00:25 ; elapsed = 00:01:17 . Memory (MB): peak = 1159.957 ; gain = 113.766
---------------------------------------------------------------------------------
---------------------------------------------------------------------------------
Start ROM, RAM, DSP and Shift Register Reporting
---------------------------------------------------------------------------------

DSP: Preliminary Mapping	Report (see note below)
+------------+----------------+--------+--------+--------+--------+--------+------+------+------+------+-------+------+------+
|Module Name | DSP Mapping    | A Size | B Size | C Size | D Size | P Size | AREG | BREG | CREG | DREG | ADREG | MREG | PREG | 
+------------+----------------+--------+--------+--------+--------+--------+------+------+------+------+-------+------+------+
|BUZZER      | (A*(B:0x310))' | 10     | 10     | -      | -      | 20     | 0    | 0    | -    | -    | -     | 1    | 0    | 
+------------+----------------+--------+--------+--------+--------+--------+------+------+------+------+-------+------+------+

Note: The table above is a preliminary report that shows the DSPs inferred at the current stage of the synthesis flow. Some DSP may be reimplemented as non DSP primitives later in the synthesis flow. Multiple instantiated DSPs are reported only once.
---------------------------------------------------------------------------------
Finished ROM, RAM, DSP and Shift Register Reporting
---------------------------------------------------------------------------------
---------------------------------------------------------------------------------
Start Applying XDC Timing Constraints
---------------------------------------------------------------------------------
---------------------------------------------------------------------------------
Finished Applying XDC Timing Constraints : Time (s): cpu = 00:00:54 ; elapsed = 00:02:03 . Memory (MB): peak = 1208.418 ; gain = 162.227
---------------------------------------------------------------------------------
---------------------------------------------------------------------------------
Start Timing Optimization
---------------------------------------------------------------------------------
---------------------------------------------------------------------------------
Finished Timing Optimization : Time (s): cpu = 00:00:54 ; elapsed = 00:02:03 . Memory (MB): peak = 1208.418 ; gain = 162.227
---------------------------------------------------------------------------------
---------------------------------------------------------------------------------
Start Technology Mapping
---------------------------------------------------------------------------------
---------------------------------------------------------------------------------
Finished Technology Mapping : Time (s): cpu = 00:00:54 ; elapsed = 00:02:03 . Memory (MB): peak = 1228.020 ; gain = 181.828
---------------------------------------------------------------------------------
---------------------------------------------------------------------------------
Start IO Insertion
---------------------------------------------------------------------------------
---------------------------------------------------------------------------------
Start Flattening Before IO Insertion
---------------------------------------------------------------------------------
---------------------------------------------------------------------------------
Finished Flattening Before IO Insertion
---------------------------------------------------------------------------------
---------------------------------------------------------------------------------
Start Final Netlist Cleanup
---------------------------------------------------------------------------------
---------------------------------------------------------------------------------
Finished Final Netlist Cleanup
---------------------------------------------------------------------------------
---------------------------------------------------------------------------------
Finished IO Insertion : Time (s): cpu = 00:01:05 ; elapsed = 00:02:19 . Memory (MB): peak = 1236.801 ; gain = 190.609
---------------------------------------------------------------------------------
---------------------------------------------------------------------------------
Start Renaming Generated Instances
---------------------------------------------------------------------------------
---------------------------------------------------------------------------------
Finished Renaming Generated Instances : Time (s): cpu = 00:01:05 ; elapsed = 00:02:19 . Memory (MB): peak = 1236.801 ; gain = 190.609
---------------------------------------------------------------------------------
---------------------------------------------------------------------------------
Start Rebuilding User Hierarchy
---------------------------------------------------------------------------------
---------------------------------------------------------------------------------
Finished Rebuilding User Hierarchy : Time (s): cpu = 00:01:05 ; elapsed = 00:02:19 . Memory (MB): peak = 1236.801 ; gain = 190.609
---------------------------------------------------------------------------------
---------------------------------------------------------------------------------
Start Renaming Generated Ports
---------------------------------------------------------------------------------
---------------------------------------------------------------------------------
Finished Renaming Generated Ports : Time (s): cpu = 00:01:05 ; elapsed = 00:02:19 . Memory (MB): peak = 1236.801 ; gain = 190.609
---------------------------------------------------------------------------------
---------------------------------------------------------------------------------
Start Handling Custom Attributes
---------------------------------------------------------------------------------
---------------------------------------------------------------------------------
Finished Handling Custom Attributes : Time (s): cpu = 00:01:05 ; elapsed = 00:02:19 . Memory (MB): peak = 1236.801 ; gain = 190.609
---------------------------------------------------------------------------------
---------------------------------------------------------------------------------
Start Renaming Generated Nets
---------------------------------------------------------------------------------
---------------------------------------------------------------------------------
Finished Renaming Generated Nets : Time (s): cpu = 00:01:05 ; elapsed = 00:02:19 . Memory (MB): peak = 1236.801 ; gain = 190.609
---------------------------------------------------------------------------------
---------------------------------------------------------------------------------
Start Writing Synthesis Report
---------------------------------------------------------------------------------

Report BlackBoxes: 
+-+--------------+----------+
| |BlackBox name |Instances |
+-+--------------+----------+
+-+--------------+----------+

Report Cell Usage: 
+------+--------+------+
|      |Cell    |Count |
+------+--------+------+
|1     |CARRY4  |    10|
|2     |DSP48E1 |     1|
|3     |LUT1    |     4|
|4     |LUT2    |    10|
|5     |LUT4    |    20|
|6     |FDRE    |    20|
+------+--------+------+
---------------------------------------------------------------------------------
Finished Writing Synthesis Report : Time (s): cpu = 00:01:05 ; elapsed = 00:02:19 . Memory (MB): peak = 1236.801 ; gain = 190.609
---------------------------------------------------------------------------------
Synthesis finished with 0 errors, 0 critical warnings and 0 warnings.
Synthesis Optimization Runtime : Time (s): cpu = 00:00:46 ; elapsed = 00:02:07 . Memory (MB): peak = 1236.801 ; gain = 104.148
Synthesis Optimization Complete : Time (s): cpu = 00:01:05 ; elapsed = 00:02:19 . Memory (MB): peak = 1236.801 ; gain = 190.609
INFO: [Project 1-571] Translating synthesized netlist
Netlist sorting complete. Time (s): cpu = 00:00:00 ; elapsed = 00:00:00.003 . Memory (MB): peak = 1247.855 ; gain = 0.000
INFO: [Netlist 29-17] Analyzing 11 Unisim elements for replacement
INFO: [Netlist 29-28] Unisim Transformation completed in 0 CPU seconds
INFO: [Project 1-570] Preparing netlist for logic optimization
INFO: [Opt 31-138] Pushed 0 inverter(s) to 0 load pin(s).
Netlist sorting complete. Time (s): cpu = 00:00:00 ; elapsed = 00:00:00 . Memory (MB): peak = 1247.855 ; gain = 0.000
INFO: [Project 1-111] Unisim Transformation Summary:
No Unisim elements were transformed.

INFO: [Common 17-83] Releasing license: Synthesis
23 Infos, 2 Warnings, 0 Critical Warnings and 0 Errors encountered.
synth_design completed successfully
synth_design: Time (s): cpu = 00:01:11 ; elapsed = 00:02:44 . Memory (MB): peak = 1247.855 ; gain = 201.664
INFO: [Common 17-1381] The checkpoint 'C:/Users/Amteo/Desktop/Proyecto-2-SEP-G14/Of/Hw_vivado/Hardware_Proyecto_Booster.runs/DEMO_BUZZER_0_0_synth_1/DEMO_BUZZER_0_0.dcp' has been generated.
WARNING: [Common 17-576] 'use_project_ipc' is deprecated. This option is deprecated and no longer used.
INFO: [Common 17-1381] The checkpoint 'C:/Users/Amteo/Desktop/Proyecto-2-SEP-G14/Of/Hw_vivado/Hardware_Proyecto_Booster.runs/DEMO_BUZZER_0_0_synth_1/DEMO_BUZZER_0_0.dcp' has been generated.
INFO: [runtcl-4] Executing : report_utilization -file DEMO_BUZZER_0_0_utilization_synth.rpt -pb DEMO_BUZZER_0_0_utilization_synth.pb
INFO: [Common 17-206] Exiting Vivado at Sun Jul  7 18:23:45 2024...
