#-----------------------------------------------------------
# Vivado v2020.1 (64-bit)
# SW Build 2902540 on Wed May 27 19:54:49 MDT 2020
# IP Build 2902112 on Wed May 27 22:43:36 MDT 2020
# Start of session at: Wed May  8 01:58:35 2024
# Process ID: 17204
# Current directory: C:/Users/Amteo/Desktop/Universidad/SEP/Proyecto1/CircularBuffer
# Command line: vivado.exe -gui_launcher_event rodinguilauncherevent9972 C:\Users\Amteo\Desktop\Universidad\SEP\Proyecto1\CircularBuffer\CircularBuffer.xpr
# Log file: C:/Users/Amteo/Desktop/Universidad/SEP/Proyecto1/CircularBuffer/vivado.log
# Journal file: C:/Users/Amteo/Desktop/Universidad/SEP/Proyecto1/CircularBuffer\vivado.jou
#-----------------------------------------------------------
start_gui
open_project C:/Users/Amteo/Desktop/Universidad/SEP/Proyecto1/CircularBuffer/CircularBuffer.xpr
Scanning sources...
Finished scanning sources
INFO: [IP_Flow 19-234] Refreshing IP repositories
INFO: [IP_Flow 19-1704] No user IP repositories specified
INFO: [IP_Flow 19-2313] Loaded Vivado IP repository 'C:/Xilinx/Vivado/2020.1/data/ip'.
open_project: Time (s): cpu = 00:00:18 ; elapsed = 00:00:11 . Memory (MB): peak = 1071.238 ; gain = 0.000
update_compile_order -fileset sources_1
exit
INFO: [Common 17-206] Exiting Vivado at Wed May  8 02:00:49 2024...
