#-----------------------------------------------------------
# Vivado v2020.1 (64-bit)
# SW Build 2902540 on Wed May 27 19:54:49 MDT 2020
# IP Build 2902112 on Wed May 27 22:43:36 MDT 2020
# Start of session at: Sat Jul  6 16:11:01 2024
# Process ID: 8536
# Current directory: C:/Users/Amteo/Desktop/Universidad/SEP/Labs/LAB10/lab10_prop2/Hw_vivado
# Command line: vivado.exe -gui_launcher_event rodinguilauncherevent10400 C:\Users\Amteo\Desktop\Universidad\SEP\Labs\LAB10\lab10_prop2\Hw_vivado\Hardware_Proyecto_Booster.xpr
# Log file: C:/Users/Amteo/Desktop/Universidad/SEP/Labs/LAB10/lab10_prop2/Hw_vivado/vivado.log
# Journal file: C:/Users/Amteo/Desktop/Universidad/SEP/Labs/LAB10/lab10_prop2/Hw_vivado\vivado.jou
#-----------------------------------------------------------
start_gui
open_project C:/Users/Amteo/Desktop/Universidad/SEP/Labs/LAB10/lab10_prop2/Hw_vivado/Hardware_Proyecto_Booster.xpr
Scanning sources...
Finished scanning sources
WARNING: [filemgmt 56-3] IP Repository Path: Could not find the directory 'C:/Users/Amteo/Desktop/Universidad/SEP/Labs/LAB10/SEP/Proyecto_Base_Booster_v2/DEMODEFINITIVA/ip_repo/BUZZER_1.0'.
WARNING: [filemgmt 56-3] IP Repository Path: Could not find the directory 'C:/Users/Amteo/Desktop/Universidad/SEP/Labs/LAB10/SEP/Proyecto_Base_Booster_v2/DEMODEFINITIVA/ip_repo/My_PWM_1.0'.
INFO: [IP_Flow 19-234] Refreshing IP repositories
WARNING: [IP_Flow 19-2248] Failed to load user IP repository 'c:/Users/Amteo/Desktop/Universidad/SEP/Labs/LAB10/SEP/Proyecto_Base_Booster_v2/DEMODEFINITIVA/ip_repo/BUZZER_1.0'; Can't find the specified path.
If this directory should no longer be in your list of user repositories, go to the IP Settings dialog and remove it.
WARNING: [IP_Flow 19-2248] Failed to load user IP repository 'c:/Users/Amteo/Desktop/Universidad/SEP/Labs/LAB10/SEP/Proyecto_Base_Booster_v2/DEMODEFINITIVA/ip_repo/My_PWM_1.0'; Can't find the specified path.
If this directory should no longer be in your list of user repositories, go to the IP Settings dialog and remove it.
INFO: [IP_Flow 19-2313] Loaded Vivado IP repository 'C:/Xilinx/Vivado/2020.1/data/ip'.
open_project: Time (s): cpu = 00:00:26 ; elapsed = 00:00:27 . Memory (MB): peak = 1075.793 ; gain = 0.000
update_compile_order -fileset sources_1
open_bd_design {C:/Users/Amteo/Desktop/Universidad/SEP/Labs/LAB10/lab10_prop2/Hw_vivado/Hardware_Proyecto_Booster.srcs/sources_1/bd/DEMO/DEMO.bd}
Adding component instance block -- xilinx.com:ip:axi_interconnect:2.1 - ps7_0_axi_periph
Adding component instance block -- xilinx.com:ip:axi_crossbar:2.1 - xbar
Adding component instance block -- xilinx.com:ip:axi_protocol_converter:2.1 - auto_pc
Adding component instance block -- xilinx.com:ip:axi_gpio:2.0 - axi_gpio_0
Adding component instance block -- xilinx.com:ip:axi_iic:2.0 - axi_iic_0
Adding component instance block -- xilinx.com:ip:axi_quad_spi:3.2 - axi_quad_spi_0
Adding component instance block -- xilinx.com:ip:axi_quad_spi:3.2 - axi_quad_spi_1
Adding component instance block -- xilinx.com:ip:processing_system7:5.5 - processing_system7_0
WARNING: [BD 41-176] The physical port 'S_AXI_GP2_rd_socket' specified in the portmap, is not found on the block! 
WARNING: [BD 41-176] The physical port 'S_AXI_GP2_wr_socket' specified in the portmap, is not found on the block! 
WARNING: [BD 41-176] The physical port 'S_AXI_GP3_rd_socket' specified in the portmap, is not found on the block! 
WARNING: [BD 41-176] The physical port 'S_AXI_GP3_wr_socket' specified in the portmap, is not found on the block! 
Adding component instance block -- xilinx.com:ip:proc_sys_reset:5.0 - rst_ps7_0_50M
Adding component instance block -- xilinx.com:ip:axi_gpio:2.0 - axi_gpio_1
Adding component instance block -- xilinx.com:ip:vio:3.0 - vio_0
Adding component instance block -- xilinx.com:module_ref:BUZZER:1.0 - BUZZER_0
Successfully read diagram <DEMO> from BD file <C:/Users/Amteo/Desktop/Universidad/SEP/Labs/LAB10/lab10_prop2/Hw_vivado/Hardware_Proyecto_Booster.srcs/sources_1/bd/DEMO/DEMO.bd>
open_bd_design: Time (s): cpu = 00:00:12 ; elapsed = 00:00:12 . Memory (MB): peak = 1382.539 ; gain = 0.000
CRITICAL WARNING: [PSU-1]  Parameter : PCW_UIPARAM_DDR_DQS_TO_CLK_DELAY_0 has negative value -0.050 . PS DDR interfaces might fail when entering negative DQS skew values. 
CRITICAL WARNING: [PSU-2]  Parameter : PCW_UIPARAM_DDR_DQS_TO_CLK_DELAY_1 has negative value -0.044 . PS DDR interfaces might fail when entering negative DQS skew values. 
CRITICAL WARNING: [PSU-3]  Parameter : PCW_UIPARAM_DDR_DQS_TO_CLK_DELAY_2 has negative value -0.035 . PS DDR interfaces might fail when entering negative DQS skew values. 
CRITICAL WARNING: [PSU-4]  Parameter : PCW_UIPARAM_DDR_DQS_TO_CLK_DELAY_3 has negative value -0.100 . PS DDR interfaces might fail when entering negative DQS skew values. 
CRITICAL WARNING: [PSU-1]  Parameter : PCW_UIPARAM_DDR_DQS_TO_CLK_DELAY_0 has negative value -0.050 . PS DDR interfaces might fail when entering negative DQS skew values. 
CRITICAL WARNING: [PSU-2]  Parameter : PCW_UIPARAM_DDR_DQS_TO_CLK_DELAY_1 has negative value -0.044 . PS DDR interfaces might fail when entering negative DQS skew values. 
CRITICAL WARNING: [PSU-3]  Parameter : PCW_UIPARAM_DDR_DQS_TO_CLK_DELAY_2 has negative value -0.035 . PS DDR interfaces might fail when entering negative DQS skew values. 
CRITICAL WARNING: [PSU-4]  Parameter : PCW_UIPARAM_DDR_DQS_TO_CLK_DELAY_3 has negative value -0.100 . PS DDR interfaces might fail when entering negative DQS skew values. 
WARNING: [IP_Flow 19-474] Invalid Parameter 'Component_Name'
CRITICAL WARNING: [PSU-1]  Parameter : PCW_UIPARAM_DDR_DQS_TO_CLK_DELAY_0 has negative value -0.050 . PS DDR interfaces might fail when entering negative DQS skew values. 
CRITICAL WARNING: [PSU-2]  Parameter : PCW_UIPARAM_DDR_DQS_TO_CLK_DELAY_1 has negative value -0.044 . PS DDR interfaces might fail when entering negative DQS skew values. 
CRITICAL WARNING: [PSU-3]  Parameter : PCW_UIPARAM_DDR_DQS_TO_CLK_DELAY_2 has negative value -0.035 . PS DDR interfaces might fail when entering negative DQS skew values. 
CRITICAL WARNING: [PSU-4]  Parameter : PCW_UIPARAM_DDR_DQS_TO_CLK_DELAY_3 has negative value -0.100 . PS DDR interfaces might fail when entering negative DQS skew values. 
validate_bd_design -force
INFO: [xilinx.com:ip:axi_quad_spi:3.2-1] /axi_quad_spi_0 
                   #######################################################################################
                   INFO: AXI Quad SPI core's AXI Lite Clock and EXT SPI CLK are synchronous to each other.
                   ########################################################################################
INFO: [xilinx.com:ip:axi_quad_spi:3.2-1] /axi_quad_spi_1 
                   #######################################################################################
                   INFO: AXI Quad SPI core's AXI Lite Clock and EXT SPI CLK are synchronous to each other.
                   ########################################################################################
validate_bd_design: Time (s): cpu = 00:00:18 ; elapsed = 00:00:29 . Memory (MB): peak = 1476.363 ; gain = 7.133
INFO: [Vivado 12-8231] Launching Vitis
INFO: [Vivado 12-417] Running vitis
INFO: [Vivado 12-8232] Vitis launch initiated. Please check console for any further messages.
exit
INFO: [Common 17-206] Exiting Vivado at Sat Jul  6 19:14:55 2024...
