#-----------------------------------------------------------
# Vivado v2020.1 (64-bit)
# SW Build 2902540 on Wed May 27 19:54:49 MDT 2020
# IP Build 2902112 on Wed May 27 22:43:36 MDT 2020
# Start of session at: Sat Jul  6 23:00:23 2024
# Process ID: 15144
# Current directory: C:/Users/Amteo/Desktop/Universidad/SEP/Proyecto-2-SEP-G14/Oficial/Hw_vivado
# Command line: vivado.exe -gui_launcher_event rodinguilauncherevent14988 C:\Users\Amteo\Desktop\Universidad\SEP\Proyecto-2-SEP-G14\Oficial\Hw_vivado\Hardware_Proyecto_Booster.xpr
# Log file: C:/Users/Amteo/Desktop/Universidad/SEP/Proyecto-2-SEP-G14/Oficial/Hw_vivado/vivado.log
# Journal file: C:/Users/Amteo/Desktop/Universidad/SEP/Proyecto-2-SEP-G14/Oficial/Hw_vivado\vivado.jou
#-----------------------------------------------------------
start_gui
open_project C:/Users/Amteo/Desktop/Universidad/SEP/Proyecto-2-SEP-G14/Oficial/Hw_vivado/Hardware_Proyecto_Booster.xpr
INFO: [Project 1-313] Project file moved from 'C:/Users/Amteo/Desktop/Universidad/SEP/Proyecto-2-SEP-G14/Oficial/Proyecto2_G14/Hw_vivado' since last save.
WARNING: [Project 1-312] File not found as 'C:/Users/Amteo/Desktop/Universidad/SEP/Proyecto-2-SEP-G14/Zybo-Z7-Master.xdc'; using path 'C:/Users/Amteo/Desktop/Universidad/SEP/Proyecto-2-SEP-G14/Oficial/Zybo-Z7-Master.xdc' instead.
Scanning sources...
Finished scanning sources
WARNING: [Project 1-312] File not found as 'C:/Users/Amteo/Desktop/Universidad/SEP/Proyecto-2-SEP-G14/Zybo-Z7-Master.xdc'; using path 'C:/Users/Amteo/Desktop/Universidad/SEP/Proyecto-2-SEP-G14/Oficial/Zybo-Z7-Master.xdc' instead.
WARNING: [Project 1-312] File not found as 'C:/Users/Amteo/Desktop/Universidad/SEP/Proyecto-2-SEP-G14/Zybo-Z7-Master.xdc'; using path 'C:/Users/Amteo/Desktop/Universidad/SEP/Proyecto-2-SEP-G14/Oficial/Zybo-Z7-Master.xdc' instead.
INFO: [filemgmt 56-1] IP Repository Path: Directory not found as 'C:/Users/Amteo/Desktop/Universidad/SEP/Tests/ip_repo'; using path 'C:/Users/Amteo/Desktop/Universidad/SEP/Proyecto-2-SEP-G14/Tests/ip_repo' instead.
INFO: [IP_Flow 19-234] Refreshing IP repositories
INFO: [IP_Flow 19-1700] Loaded user IP repository 'c:/Users/Amteo/Desktop/Universidad/SEP/Proyecto-2-SEP-G14/Oficial/ip_repo'.
INFO: [IP_Flow 19-1700] Loaded user IP repository 'c:/Users/Amteo/Desktop/Universidad/SEP/Proyecto-2-SEP-G14/Tests/ip_repo'.
INFO: [IP_Flow 19-2313] Loaded Vivado IP repository 'C:/Xilinx/Vivado/2020.1/data/ip'.
open_project: Time (s): cpu = 00:00:17 ; elapsed = 00:00:14 . Memory (MB): peak = 1077.066 ; gain = 0.000
update_compile_order -fileset sources_1
open_bd_design {C:/Users/Amteo/Desktop/Universidad/SEP/Proyecto-2-SEP-G14/Oficial/Hw_vivado/Hardware_Proyecto_Booster.srcs/sources_1/bd/DEMO/DEMO.bd}
Adding component instance block -- xilinx.com:ip:axi_interconnect:2.1 - ps7_0_axi_periph
Adding component instance block -- xilinx.com:ip:axi_crossbar:2.1 - xbar
Adding component instance block -- xilinx.com:ip:axi_protocol_converter:2.1 - auto_pc
Adding component instance block -- xilinx.com:ip:axi_gpio:2.0 - axi_gpio_0
Adding component instance block -- xilinx.com:ip:axi_iic:2.0 - axi_iic_0
Adding component instance block -- xilinx.com:ip:axi_quad_spi:3.2 - axi_quad_spi_0
Adding component instance block -- xilinx.com:ip:axi_quad_spi:3.2 - axi_quad_spi_1
Adding component instance block -- xilinx.com:ip:processing_system7:5.5 - processing_system7_0
WARNING: [BD 41-176] The physical port 'S_AXI_GP2_rd_socket' specified in the portmap, is not found on the block! 
WARNING: [BD 41-176] The physical port 'S_AXI_GP2_wr_socket' specified in the portmap, is not found on the block! 
WARNING: [BD 41-176] The physical port 'S_AXI_GP3_rd_socket' specified in the portmap, is not found on the block! 
WARNING: [BD 41-176] The physical port 'S_AXI_GP3_wr_socket' specified in the portmap, is not found on the block! 
Adding component instance block -- xilinx.com:ip:proc_sys_reset:5.0 - rst_ps7_0_50M
Adding component instance block -- xilinx.com:ip:axi_gpio:2.0 - axi_gpio_1
Adding component instance block -- xilinx.com:ip:vio:3.0 - vio_0
Adding component instance block -- xilinx.com:module_ref:BUZZER:1.0 - BUZZER_0
Adding component instance block -- xilinx.com:user:AXIFloat:1.0 - AXIFloat_0
Successfully read diagram <DEMO> from BD file <C:/Users/Amteo/Desktop/Universidad/SEP/Proyecto-2-SEP-G14/Oficial/Hw_vivado/Hardware_Proyecto_Booster.srcs/sources_1/bd/DEMO/DEMO.bd>
open_bd_design: Time (s): cpu = 00:00:12 ; elapsed = 00:00:13 . Memory (MB): peak = 1228.148 ; gain = 0.000
regenerate_bd_layout
make_wrapper -files [get_files C:/Users/Amteo/Desktop/Universidad/SEP/Proyecto-2-SEP-G14/Oficial/Hw_vivado/Hardware_Proyecto_Booster.srcs/sources_1/bd/DEMO/DEMO.bd] -top
reset_run impl_1
launch_runs impl_1 -to_step write_bitstream -jobs 8
[Sat Jul  6 23:03:11 2024] Launched impl_1...
Run output will be captured here: C:/Users/Amteo/Desktop/Universidad/SEP/Proyecto-2-SEP-G14/Oficial/Hw_vivado/Hardware_Proyecto_Booster.runs/impl_1/runme.log
exit
INFO: [Common 17-206] Exiting Vivado at Sat Jul  6 23:06:09 2024...
