#-----------------------------------------------------------
# Vivado v2020.1 (64-bit)
# SW Build 2902540 on Wed May 27 19:54:49 MDT 2020
# IP Build 2902112 on Wed May 27 22:43:36 MDT 2020
# Start of session at: Sat Jul  6 22:44:00 2024
# Process ID: 10312
# Current directory: C:/Users/Amteo/Desktop/Universidad/SEP/Proyecto-2-SEP-G14/Oficial/Proyecto2_G14/Hw_vivado
# Command line: vivado.exe -gui_launcher_event rodinguilauncherevent1824 C:\Users\Amteo\Desktop\Universidad\SEP\Proyecto-2-SEP-G14\Oficial\Proyecto2_G14\Hw_vivado\Hardware_Proyecto_Booster.xpr
# Log file: C:/Users/Amteo/Desktop/Universidad/SEP/Proyecto-2-SEP-G14/Oficial/Proyecto2_G14/Hw_vivado/vivado.log
# Journal file: C:/Users/Amteo/Desktop/Universidad/SEP/Proyecto-2-SEP-G14/Oficial/Proyecto2_G14/Hw_vivado\vivado.jou
#-----------------------------------------------------------
start_gui
open_project C:/Users/Amteo/Desktop/Universidad/SEP/Proyecto-2-SEP-G14/Oficial/Proyecto2_G14/Hw_vivado/Hardware_Proyecto_Booster.xpr
INFO: [ProjectBase 1-489] The host OS only allows 260 characters in a normal path. The project is stored in a path with more than 80 characters. If you experience issues with IP, Block Designs, or files not being found, please consider moving the project to a location with a shorter path. Alternately consider using the OS subst command to map part of the path to a drive letter.
Current project path is 'C:/Users/Amteo/Desktop/Universidad/SEP/Proyecto-2-SEP-G14/Oficial/Proyecto2_G14/Hw_vivado'
INFO: [Project 1-313] Project file moved from 'C:/Users/Amteo/Desktop/Universidad/SEP/Labs/LAB10/lab10_prop2/Hw_vivado' since last save.
Scanning sources...
Finished scanning sources
WARNING: [filemgmt 56-2] IP Repository Path: Could not find the directory 'C:/Users/Amteo/Desktop/Universidad/SEP/Proyecto-2-SEP-G14/Oficial/SEP/Proyecto_Base_Booster_v2/DEMODEFINITIVA/ip_repo/BUZZER_1.0', nor could it be found using path 'C:/Users/Amteo/Desktop/Universidad/SEP/Labs/LAB10/SEP/Proyecto_Base_Booster_v2/DEMODEFINITIVA/ip_repo/BUZZER_1.0'.
WARNING: [filemgmt 56-2] IP Repository Path: Could not find the directory 'C:/Users/Amteo/Desktop/Universidad/SEP/Proyecto-2-SEP-G14/Oficial/SEP/Proyecto_Base_Booster_v2/DEMODEFINITIVA/ip_repo/My_PWM_1.0', nor could it be found using path 'C:/Users/Amteo/Desktop/Universidad/SEP/Labs/LAB10/SEP/Proyecto_Base_Booster_v2/DEMODEFINITIVA/ip_repo/My_PWM_1.0'.
INFO: [IP_Flow 19-234] Refreshing IP repositories
WARNING: [IP_Flow 19-2248] Failed to load user IP repository 'c:/Users/Amteo/Desktop/Universidad/SEP/Proyecto-2-SEP-G14/Oficial/SEP/Proyecto_Base_Booster_v2/DEMODEFINITIVA/ip_repo/BUZZER_1.0'; Can't find the specified path.
If this directory should no longer be in your list of user repositories, go to the IP Settings dialog and remove it.
WARNING: [IP_Flow 19-2248] Failed to load user IP repository 'c:/Users/Amteo/Desktop/Universidad/SEP/Proyecto-2-SEP-G14/Oficial/SEP/Proyecto_Base_Booster_v2/DEMODEFINITIVA/ip_repo/My_PWM_1.0'; Can't find the specified path.
If this directory should no longer be in your list of user repositories, go to the IP Settings dialog and remove it.
INFO: [IP_Flow 19-2313] Loaded Vivado IP repository 'C:/Xilinx/Vivado/2020.1/data/ip'.
open_project: Time (s): cpu = 00:00:15 ; elapsed = 00:00:16 . Memory (MB): peak = 1057.273 ; gain = 0.000
update_compile_order -fileset sources_1
open_bd_design {C:/Users/Amteo/Desktop/Universidad/SEP/Proyecto-2-SEP-G14/Oficial/Proyecto2_G14/Hw_vivado/Hardware_Proyecto_Booster.srcs/sources_1/bd/DEMO/DEMO.bd}
Adding component instance block -- xilinx.com:ip:axi_interconnect:2.1 - ps7_0_axi_periph
Adding component instance block -- xilinx.com:ip:axi_crossbar:2.1 - xbar
Adding component instance block -- xilinx.com:ip:axi_protocol_converter:2.1 - auto_pc
Adding component instance block -- xilinx.com:ip:axi_gpio:2.0 - axi_gpio_0
Adding component instance block -- xilinx.com:ip:axi_iic:2.0 - axi_iic_0
Adding component instance block -- xilinx.com:ip:axi_quad_spi:3.2 - axi_quad_spi_0
Adding component instance block -- xilinx.com:ip:axi_quad_spi:3.2 - axi_quad_spi_1
Adding component instance block -- xilinx.com:ip:processing_system7:5.5 - processing_system7_0
WARNING: [BD 41-176] The physical port 'S_AXI_GP2_rd_socket' specified in the portmap, is not found on the block! 
WARNING: [BD 41-176] The physical port 'S_AXI_GP2_wr_socket' specified in the portmap, is not found on the block! 
WARNING: [BD 41-176] The physical port 'S_AXI_GP3_rd_socket' specified in the portmap, is not found on the block! 
WARNING: [BD 41-176] The physical port 'S_AXI_GP3_wr_socket' specified in the portmap, is not found on the block! 
Adding component instance block -- xilinx.com:ip:proc_sys_reset:5.0 - rst_ps7_0_50M
Adding component instance block -- xilinx.com:ip:axi_gpio:2.0 - axi_gpio_1
Adding component instance block -- xilinx.com:ip:vio:3.0 - vio_0
Adding component instance block -- xilinx.com:module_ref:BUZZER:1.0 - BUZZER_0
Successfully read diagram <DEMO> from BD file <C:/Users/Amteo/Desktop/Universidad/SEP/Proyecto-2-SEP-G14/Oficial/Proyecto2_G14/Hw_vivado/Hardware_Proyecto_Booster.srcs/sources_1/bd/DEMO/DEMO.bd>
open_bd_design: Time (s): cpu = 00:00:07 ; elapsed = 00:00:11 . Memory (MB): peak = 1426.754 ; gain = 0.000
update_ip_catalog -rebuild
INFO: [IP_Flow 19-234] Refreshing IP repositories
WARNING: [IP_Flow 19-2248] Failed to load user IP repository 'c:/Users/Amteo/Desktop/Universidad/SEP/Proyecto-2-SEP-G14/Oficial/SEP/Proyecto_Base_Booster_v2/DEMODEFINITIVA/ip_repo/BUZZER_1.0'; Can't find the specified path.
If this directory should no longer be in your list of user repositories, go to the IP Settings dialog and remove it.
WARNING: [IP_Flow 19-2248] Failed to load user IP repository 'c:/Users/Amteo/Desktop/Universidad/SEP/Proyecto-2-SEP-G14/Oficial/SEP/Proyecto_Base_Booster_v2/DEMODEFINITIVA/ip_repo/My_PWM_1.0'; Can't find the specified path.
If this directory should no longer be in your list of user repositories, go to the IP Settings dialog and remove it.
update_ip_catalog -rebuild
INFO: [IP_Flow 19-234] Refreshing IP repositories
WARNING: [IP_Flow 19-2248] Failed to load user IP repository 'c:/Users/Amteo/Desktop/Universidad/SEP/Proyecto-2-SEP-G14/Oficial/SEP/Proyecto_Base_Booster_v2/DEMODEFINITIVA/ip_repo/BUZZER_1.0'; Can't find the specified path.
If this directory should no longer be in your list of user repositories, go to the IP Settings dialog and remove it.
WARNING: [IP_Flow 19-2248] Failed to load user IP repository 'c:/Users/Amteo/Desktop/Universidad/SEP/Proyecto-2-SEP-G14/Oficial/SEP/Proyecto_Base_Booster_v2/DEMODEFINITIVA/ip_repo/My_PWM_1.0'; Can't find the specified path.
If this directory should no longer be in your list of user repositories, go to the IP Settings dialog and remove it.
set_property  ip_repo_paths  c:/Users/Amteo/Desktop/Universidad/SEP/Proyecto-2-SEP-G14/Oficial/SEP/Proyecto_Base_Booster_v2/DEMODEFINITIVA/ip_repo/BUZZER_1.0 [current_project]
update_ip_catalog
INFO: [IP_Flow 19-234] Refreshing IP repositories
WARNING: [IP_Flow 19-2248] Failed to load user IP repository 'c:/Users/Amteo/Desktop/Universidad/SEP/Proyecto-2-SEP-G14/Oficial/SEP/Proyecto_Base_Booster_v2/DEMODEFINITIVA/ip_repo/BUZZER_1.0'; Can't find the specified path.
If this directory should no longer be in your list of user repositories, go to the IP Settings dialog and remove it.
set_property  ip_repo_paths  {} [current_project]
update_ip_catalog
INFO: [IP_Flow 19-234] Refreshing IP repositories
INFO: [IP_Flow 19-1704] No user IP repositories specified
set_property  ip_repo_paths  C:/Users/Amteo/Desktop/Universidad/SEP/Proyecto-2-SEP-G14/Oficial/Proyecto2_G14/ip_repo [current_project]
update_ip_catalog
INFO: [IP_Flow 19-234] Refreshing IP repositories
INFO: [IP_Flow 19-1700] Loaded user IP repository 'c:/Users/Amteo/Desktop/Universidad/SEP/Proyecto-2-SEP-G14/Oficial/Proyecto2_G14/ip_repo'.
set_property  ip_repo_paths  {c:/Users/Amteo/Desktop/Universidad/SEP/Proyecto-2-SEP-G14/Oficial/Proyecto2_G14/ip_repo C:/Users/Amteo/Desktop/Universidad/SEP/Proyecto-2-SEP-G14/Tests/ip_repo} [current_project]
update_ip_catalog
INFO: [IP_Flow 19-234] Refreshing IP repositories
INFO: [IP_Flow 19-1700] Loaded user IP repository 'c:/Users/Amteo/Desktop/Universidad/SEP/Proyecto-2-SEP-G14/Oficial/Proyecto2_G14/ip_repo'.
INFO: [IP_Flow 19-1700] Loaded user IP repository 'c:/Users/Amteo/Desktop/Universidad/SEP/Proyecto-2-SEP-G14/Tests/ip_repo'.
startgroup
create_bd_cell -type ip -vlnv xilinx.com:user:AXIFloat:1.0 AXIFloat_0
endgroup
set_property location {5.5 1816 741} [get_bd_cells AXIFloat_0]
connect_bd_intf_net -boundary_type upper [get_bd_intf_pins ps7_0_axi_periph/M05_AXI] [get_bd_intf_pins AXIFloat_0/S00_AXI]
startgroup
set_property -dict [list CONFIG.C_PROBE_IN2_WIDTH {32} CONFIG.C_NUM_PROBE_IN {3}] [get_bd_cells vio_0]
endgroup
connect_bd_net [get_bd_pins AXIFloat_0/XD] [get_bd_pins vio_0/probe_in2]
regenerate_bd_layout
apply_bd_automation -rule xilinx.com:bd_rule:clkrst -config { Clk {/processing_system7_0/FCLK_CLK0 (100 MHz)} Freq {100} Ref_Clk0 {} Ref_Clk1 {} Ref_Clk2 {}}  [get_bd_pins AXIFloat_0/s00_axi_aclk]
make_wrapper -files [get_files C:/Users/Amteo/Desktop/Universidad/SEP/Proyecto-2-SEP-G14/Oficial/Proyecto2_G14/Hw_vivado/Hardware_Proyecto_Booster.srcs/sources_1/bd/DEMO/DEMO.bd] -top
CRITICAL WARNING: [BD 41-1356] Slave segment </AXIFloat_0/S00_AXI/S00_AXI_reg> is not assigned into address space </processing_system7_0/Data>. Please use Address Editor to either assign or exclude it.
CRITICAL WARNING: [BD 41-1356] Slave segment </AXIFloat_0/S00_AXI/S00_AXI_reg> is not assigned into address space </processing_system7_0/Data>. Please use Address Editor to either assign or exclude it.
INFO: [xilinx.com:ip:axi_quad_spi:3.2-1] /axi_quad_spi_0 
                   #######################################################################################
                   INFO: AXI Quad SPI core's AXI Lite Clock and EXT SPI CLK are synchronous to each other.
                   ########################################################################################
INFO: [xilinx.com:ip:axi_quad_spi:3.2-1] /axi_quad_spi_0 
                   #######################################################################################
                   INFO: AXI Quad SPI core's AXI Lite Clock and EXT SPI CLK are synchronous to each other.
                   ########################################################################################
INFO: [xilinx.com:ip:axi_quad_spi:3.2-1] /axi_quad_spi_1 
                   #######################################################################################
                   INFO: AXI Quad SPI core's AXI Lite Clock and EXT SPI CLK are synchronous to each other.
                   ########################################################################################
INFO: [xilinx.com:ip:axi_quad_spi:3.2-1] /axi_quad_spi_1 
                   #######################################################################################
                   INFO: AXI Quad SPI core's AXI Lite Clock and EXT SPI CLK are synchronous to each other.
                   ########################################################################################
Wrote  : <C:\Users\Amteo\Desktop\Universidad\SEP\Proyecto-2-SEP-G14\Oficial\Proyecto2_G14\Hw_vivado\Hardware_Proyecto_Booster.srcs\sources_1\bd\DEMO\DEMO.bd> 
Wrote  : <C:/Users/Amteo/Desktop/Universidad/SEP/Proyecto-2-SEP-G14/Oficial/Proyecto2_G14/Hw_vivado/Hardware_Proyecto_Booster.srcs/sources_1/bd/DEMO/ui/bd_58220e03.ui> 
VHDL Output written to : C:/Users/Amteo/Desktop/Universidad/SEP/Proyecto-2-SEP-G14/Oficial/Proyecto2_G14/Hw_vivado/Hardware_Proyecto_Booster.srcs/sources_1/bd/DEMO/synth/DEMO.vhd
VHDL Output written to : C:/Users/Amteo/Desktop/Universidad/SEP/Proyecto-2-SEP-G14/Oficial/Proyecto2_G14/Hw_vivado/Hardware_Proyecto_Booster.srcs/sources_1/bd/DEMO/sim/DEMO.vhd
VHDL Output written to : C:/Users/Amteo/Desktop/Universidad/SEP/Proyecto-2-SEP-G14/Oficial/Proyecto2_G14/Hw_vivado/Hardware_Proyecto_Booster.srcs/sources_1/bd/DEMO/hdl/DEMO_wrapper.vhd
make_wrapper: Time (s): cpu = 00:00:20 ; elapsed = 00:00:43 . Memory (MB): peak = 2299.008 ; gain = 0.000
assign_bd_address [get_bd_addr_segs {AXIFloat_0/S00_AXI/S00_AXI_reg }]
Slave segment '/AXIFloat_0/S00_AXI/S00_AXI_reg' is being assigned into address space '/processing_system7_0/Data' at <0x43C0_0000 [ 64K ]>.
make_wrapper -files [get_files C:/Users/Amteo/Desktop/Universidad/SEP/Proyecto-2-SEP-G14/Oficial/Proyecto2_G14/Hw_vivado/Hardware_Proyecto_Booster.srcs/sources_1/bd/DEMO/DEMO.bd] -top
INFO: [xilinx.com:ip:axi_quad_spi:3.2-1] /axi_quad_spi_0 
                   #######################################################################################
                   INFO: AXI Quad SPI core's AXI Lite Clock and EXT SPI CLK are synchronous to each other.
                   ########################################################################################
INFO: [xilinx.com:ip:axi_quad_spi:3.2-1] /axi_quad_spi_0 
                   #######################################################################################
                   INFO: AXI Quad SPI core's AXI Lite Clock and EXT SPI CLK are synchronous to each other.
                   ########################################################################################
INFO: [xilinx.com:ip:axi_quad_spi:3.2-1] /axi_quad_spi_1 
                   #######################################################################################
                   INFO: AXI Quad SPI core's AXI Lite Clock and EXT SPI CLK are synchronous to each other.
                   ########################################################################################
INFO: [xilinx.com:ip:axi_quad_spi:3.2-1] /axi_quad_spi_1 
                   #######################################################################################
                   INFO: AXI Quad SPI core's AXI Lite Clock and EXT SPI CLK are synchronous to each other.
                   ########################################################################################
Wrote  : <C:\Users\Amteo\Desktop\Universidad\SEP\Proyecto-2-SEP-G14\Oficial\Proyecto2_G14\Hw_vivado\Hardware_Proyecto_Booster.srcs\sources_1\bd\DEMO\DEMO.bd> 
Wrote  : <C:/Users/Amteo/Desktop/Universidad/SEP/Proyecto-2-SEP-G14/Oficial/Proyecto2_G14/Hw_vivado/Hardware_Proyecto_Booster.srcs/sources_1/bd/DEMO/ui/bd_58220e03.ui> 
VHDL Output written to : C:/Users/Amteo/Desktop/Universidad/SEP/Proyecto-2-SEP-G14/Oficial/Proyecto2_G14/Hw_vivado/Hardware_Proyecto_Booster.srcs/sources_1/bd/DEMO/synth/DEMO.vhd
VHDL Output written to : C:/Users/Amteo/Desktop/Universidad/SEP/Proyecto-2-SEP-G14/Oficial/Proyecto2_G14/Hw_vivado/Hardware_Proyecto_Booster.srcs/sources_1/bd/DEMO/sim/DEMO.vhd
VHDL Output written to : C:/Users/Amteo/Desktop/Universidad/SEP/Proyecto-2-SEP-G14/Oficial/Proyecto2_G14/Hw_vivado/Hardware_Proyecto_Booster.srcs/sources_1/bd/DEMO/hdl/DEMO_wrapper.vhd
make_wrapper: Time (s): cpu = 00:00:18 ; elapsed = 00:00:28 . Memory (MB): peak = 2299.008 ; gain = 0.000
reset_run synth_1
reset_run DEMO_xbar_0_synth_1
reset_run DEMO_vio_0_0_synth_1
launch_runs impl_1 -to_step write_bitstream -jobs 8
INFO: [BD 41-1662] The design 'DEMO.bd' is already validated. Therefore parameter propagation will not be re-run.
Wrote  : <C:\Users\Amteo\Desktop\Universidad\SEP\Proyecto-2-SEP-G14\Oficial\Proyecto2_G14\Hw_vivado\Hardware_Proyecto_Booster.srcs\sources_1\bd\DEMO\DEMO.bd> 
Wrote  : <C:/Users/Amteo/Desktop/Universidad/SEP/Proyecto-2-SEP-G14/Oficial/Proyecto2_G14/Hw_vivado/Hardware_Proyecto_Booster.srcs/sources_1/bd/DEMO/ui/bd_58220e03.ui> 
VHDL Output written to : C:/Users/Amteo/Desktop/Universidad/SEP/Proyecto-2-SEP-G14/Oficial/Proyecto2_G14/Hw_vivado/Hardware_Proyecto_Booster.srcs/sources_1/bd/DEMO/synth/DEMO.vhd
VHDL Output written to : C:/Users/Amteo/Desktop/Universidad/SEP/Proyecto-2-SEP-G14/Oficial/Proyecto2_G14/Hw_vivado/Hardware_Proyecto_Booster.srcs/sources_1/bd/DEMO/sim/DEMO.vhd
VHDL Output written to : C:/Users/Amteo/Desktop/Universidad/SEP/Proyecto-2-SEP-G14/Oficial/Proyecto2_G14/Hw_vivado/Hardware_Proyecto_Booster.srcs/sources_1/bd/DEMO/hdl/DEMO_wrapper.vhd
INFO: [BD 41-1029] Generation completed for the IP Integrator block ps7_0_axi_periph/xbar .
INFO: [BD 41-1029] Generation completed for the IP Integrator block vio_0 .
INFO: [BD 41-1029] Generation completed for the IP Integrator block AXIFloat_0 .
WARNING: [IP_Flow 19-4994] Overwriting existing constraint file 'c:/Users/Amteo/Desktop/Universidad/SEP/Proyecto-2-SEP-G14/Oficial/Proyecto2_G14/Hw_vivado/Hardware_Proyecto_Booster.srcs/sources_1/bd/DEMO/ip/DEMO_auto_pc_0/DEMO_auto_pc_0_ooc.xdc'
INFO: [BD 41-1029] Generation completed for the IP Integrator block ps7_0_axi_periph/s00_couplers/auto_pc .
Exporting to file C:/Users/Amteo/Desktop/Universidad/SEP/Proyecto-2-SEP-G14/Oficial/Proyecto2_G14/Hw_vivado/Hardware_Proyecto_Booster.srcs/sources_1/bd/DEMO/hw_handoff/DEMO.hwh
Generated Block Design Tcl file C:/Users/Amteo/Desktop/Universidad/SEP/Proyecto-2-SEP-G14/Oficial/Proyecto2_G14/Hw_vivado/Hardware_Proyecto_Booster.srcs/sources_1/bd/DEMO/hw_handoff/DEMO_bd.tcl
Generated Hardware Definition File C:/Users/Amteo/Desktop/Universidad/SEP/Proyecto-2-SEP-G14/Oficial/Proyecto2_G14/Hw_vivado/Hardware_Proyecto_Booster.srcs/sources_1/bd/DEMO/synth/DEMO.hwdef
INFO: [IP_Flow 19-4993] Using cached IP synthesis design for IP DEMO_auto_pc_0, cache-ID = f0066fce20473567; cache size = 12.050 MB.
[Sat Jul  6 22:51:31 2024] Launched DEMO_xbar_0_synth_1, DEMO_vio_0_0_synth_1, DEMO_AXIFloat_0_0_synth_1, synth_1...
Run output will be captured here:
DEMO_xbar_0_synth_1: C:/Users/Amteo/Desktop/Universidad/SEP/Proyecto-2-SEP-G14/Oficial/Proyecto2_G14/Hw_vivado/Hardware_Proyecto_Booster.runs/DEMO_xbar_0_synth_1/runme.log
DEMO_vio_0_0_synth_1: C:/Users/Amteo/Desktop/Universidad/SEP/Proyecto-2-SEP-G14/Oficial/Proyecto2_G14/Hw_vivado/Hardware_Proyecto_Booster.runs/DEMO_vio_0_0_synth_1/runme.log
DEMO_AXIFloat_0_0_synth_1: C:/Users/Amteo/Desktop/Universidad/SEP/Proyecto-2-SEP-G14/Oficial/Proyecto2_G14/Hw_vivado/Hardware_Proyecto_Booster.runs/DEMO_AXIFloat_0_0_synth_1/runme.log
synth_1: C:/Users/Amteo/Desktop/Universidad/SEP/Proyecto-2-SEP-G14/Oficial/Proyecto2_G14/Hw_vivado/Hardware_Proyecto_Booster.runs/synth_1/runme.log
[Sat Jul  6 22:51:32 2024] Launched impl_1...
Run output will be captured here: C:/Users/Amteo/Desktop/Universidad/SEP/Proyecto-2-SEP-G14/Oficial/Proyecto2_G14/Hw_vivado/Hardware_Proyecto_Booster.runs/impl_1/runme.log
launch_runs: Time (s): cpu = 00:00:06 ; elapsed = 00:00:17 . Memory (MB): peak = 2299.008 ; gain = 0.000
exit
INFO: [Common 17-206] Exiting Vivado at Sat Jul  6 22:59:43 2024...
