#-----------------------------------------------------------
# Vivado v2020.1 (64-bit)
# SW Build 2902540 on Wed May 27 19:54:49 MDT 2020
# IP Build 2902112 on Wed May 27 22:43:36 MDT 2020
# Start of session at: Sun Jul  7 01:38:49 2024
# Process ID: 3040
# Current directory: C:/Users/etien/Desktop/Proyecto-2-SEP-G14/Assets Proyecto 1/ip_core_FFT
# Command line: vivado.exe -gui_launcher_event rodinguilauncherevent18248 C:\Users\etien\Desktop\Proyecto-2-SEP-G14\Assets Proyecto 1\ip_core_FFT\tmp_edit_project.xpr
# Log file: C:/Users/etien/Desktop/Proyecto-2-SEP-G14/Assets Proyecto 1/ip_core_FFT/vivado.log
# Journal file: C:/Users/etien/Desktop/Proyecto-2-SEP-G14/Assets Proyecto 1/ip_core_FFT\vivado.jou
#-----------------------------------------------------------
start_gui
open_project {C:/Users/etien/Desktop/Proyecto-2-SEP-G14/Assets Proyecto 1/ip_core_FFT/tmp_edit_project.xpr}
INFO: [Project 1-313] Project file moved from 'c:/users/etien/desktop/sep/ip_core_fft' since last save.
WARNING: [Project 1-312] File not found as 'C:/Users/Users/etien/Desktop/SEP/ip_core_FFT/src/Cascader_CU.vhd'; using path 'c:/Users/etien/Desktop/SEP/ip_core_FFT/src/Cascader_CU.vhd' instead.
WARNING: [Project 1-312] File not found as 'C:/Users/Users/etien/Desktop/SEP/ip_core_FFT/src/reduce_pack.vhd'; using path 'c:/Users/etien/Desktop/SEP/ip_core_FFT/src/reduce_pack.vhd' instead.
WARNING: [Project 1-312] File not found as 'C:/Users/Users/etien/Desktop/SEP/ip_core_FFT/src/fp32_pkg.vhd'; using path 'c:/Users/etien/Desktop/SEP/ip_core_FFT/src/fp32_pkg.vhd' instead.
WARNING: [Project 1-312] File not found as 'C:/Users/Users/etien/Desktop/SEP/ip_core_FFT/src/FPU.vhd'; using path 'c:/Users/etien/Desktop/SEP/ip_core_FFT/src/FPU.vhd' instead.
WARNING: [Project 1-312] File not found as 'C:/Users/Users/etien/Desktop/SEP/ip_core_FFT/src/FPU_Cascader.vhd'; using path 'c:/Users/etien/Desktop/SEP/ip_core_FFT/src/FPU_Cascader.vhd' instead.
WARNING: [Project 1-312] File not found as 'C:/Users/Users/etien/Desktop/SEP/ip_core_FFT/src/fp32_addsub.vhd'; using path 'c:/Users/etien/Desktop/SEP/ip_core_FFT/src/fp32_addsub.vhd' instead.
WARNING: [Project 1-312] File not found as 'C:/Users/Users/etien/Desktop/SEP/ip_core_FFT/src/rtl_dsp48_25x25.vhd'; using path 'c:/Users/etien/Desktop/SEP/ip_core_FFT/src/rtl_dsp48_25x25.vhd' instead.
WARNING: [Project 1-312] File not found as 'C:/Users/Users/etien/Desktop/SEP/ip_core_FFT/src/fp32_mult.vhd'; using path 'c:/Users/etien/Desktop/SEP/ip_core_FFT/src/fp32_mult.vhd' instead.
WARNING: [Project 1-312] File not found as 'C:/Users/Users/etien/Desktop/SEP/ip_core_FFT/src/FFT.vhd'; using path 'c:/Users/etien/Desktop/SEP/ip_core_FFT/src/FFT.vhd' instead.
WARNING: [Project 1-312] File not found as 'C:/Users/Users/etien/Desktop/SEP/ip_core_FFT/component.xml'; using path 'c:/Users/etien/Desktop/SEP/ip_core_FFT/component.xml' instead.
WARNING: [Project 1-312] File not found as 'C:/Users/Users/etien/Desktop/SEP/ip_core_FFT/src/tb_FFT.vhd'; using path 'c:/Users/etien/Desktop/SEP/ip_core_FFT/src/tb_FFT.vhd' instead.
Scanning sources...
Finished scanning sources
WARNING: [filemgmt 56-2] Default IP Output Path : Could not find the directory 'C:/Users/etien/Desktop/Proyecto-2-SEP-G14/Assets Proyecto 1/ip_core_FFT/tmp_edit_project.srcs/sources_1', nor could it be found using path 'c:/users/etien/desktop/sep/ip_core_fft/tmp_edit_project.srcs/sources_1'.
INFO: [filemgmt 56-1] IPUserFilesDir: Directory not found as 'C:/Users/etien/Desktop/Proyecto-2-SEP-G14/Assets Proyecto 1/ip_core_FFT/tmp_edit_project.ip_user_files'; using path 'c:/users/etien/desktop/sep/ip_core_fft/tmp_edit_project.ip_user_files' instead.
INFO: [IP_Flow 19-234] Refreshing IP repositories
INFO: [IP_Flow 19-1700] Loaded user IP repository 'c:/Users/etien/Desktop/Proyecto-2-SEP-G14/Assets Proyecto 1/fpu'.
INFO: [IP_Flow 19-2313] Loaded Vivado IP repository 'C:/Xilinx/Vivado/2020.1/data/ip'.
open_project: Time (s): cpu = 00:00:23 ; elapsed = 00:00:16 . Memory (MB): peak = 1057.918 ; gain = 0.000
update_compile_order -fileset sources_1
ERROR: [Vivado 12-106] *** Exception: java.io.FileNotFoundException: c:\Users\etien\Desktop\SEP\ip_core_FFT\src\reduce_pack.vhd (Operation did not complete successfully because the file contains a virus or potentially unwanted software) (See C:/Users/etien/Desktop/Proyecto-2-SEP-G14/Assets Proyecto 1/ip_core_FFT/vivado_pid3040.debug)
update_files -from_files {{C:/Users/etien/Desktop/Proyecto-2-SEP-G14/Assets Proyecto 1/ip_core_FFT/src/reduce_pack.vhd}} -to_files c:/Users/etien/Desktop/SEP/ip_core_FFT/src/reduce_pack.vhd -filesets [get_filesets *]
INFO: [filemgmt 20-762] Replacing file 'c:/Users/etien/Desktop/SEP/ip_core_FFT/src/reduce_pack.vhd' with file 'C:/Users/etien/Desktop/Proyecto-2-SEP-G14/Assets Proyecto 1/ip_core_FFT/src/reduce_pack.vhd'.
ERROR: [Vivado 12-106] *** Exception: java.io.FileNotFoundException: C:\Users\etien\Desktop\Proyecto-2-SEP-G14\Assets Proyecto 1\ip_core_FFT\src\reduce_pack.vhd (Operation did not complete successfully because the file contains a virus or potentially unwanted software) (See C:/Users/etien/Desktop/Proyecto-2-SEP-G14/Assets Proyecto 1/ip_core_FFT/vivado_pid3040.debug)
close_project
create_project new_FFT {C:/Users/etien/Desktop/Proyecto-2-SEP-G14/Assets Proyecto 1/nueva_FFT/new_FFT} -part xc7z010clg400-1
INFO: [IP_Flow 19-234] Refreshing IP repositories
INFO: [IP_Flow 19-1704] No user IP repositories specified
INFO: [IP_Flow 19-2313] Loaded Vivado IP repository 'C:/Xilinx/Vivado/2020.1/data/ip'.
create_project: Time (s): cpu = 00:00:09 ; elapsed = 00:00:05 . Memory (MB): peak = 1160.188 ; gain = 0.000
set_property board_part digilentinc.com:zybo-z7-10:part0:1.2 [current_project]
set_property target_language VHDL [current_project]
file mkdir C:/Users/etien/Desktop/Proyecto-2-SEP-G14/Assets Proyecto 1/nueva_FFT/new_FFT/new_FFT.srcs/sources_1/new
file mkdir C:/Users/etien/Desktop/Proyecto-2-SEP-G14/Assets Proyecto 1/nueva_FFT/new_FFT/new_FFT.srcs/sources_1/new
file mkdir C:/Users/etien/Desktop/Proyecto-2-SEP-G14/Assets Proyecto 1/nueva_FFT/new_FFT/new_FFT.srcs/sources_1/new
file mkdir C:/Users/etien/Desktop/Proyecto-2-SEP-G14/Assets Proyecto 1/nueva_FFT/new_FFT/new_FFT.srcs/sources_1/new
file mkdir C:/Users/etien/Desktop/Proyecto-2-SEP-G14/Assets Proyecto 1/nueva_FFT/new_FFT/new_FFT.srcs/sources_1/new
file mkdir C:/Users/etien/Desktop/Proyecto-2-SEP-G14/Assets Proyecto 1/nueva_FFT/new_FFT/new_FFT.srcs/sources_1/new
file mkdir {C:/Users/etien/Desktop/Proyecto-2-SEP-G14/Assets Proyecto 1/nueva_FFT/new_FFT/new_FFT.srcs/sources_1/new}
close [ open {C:/Users/etien/Desktop/Proyecto-2-SEP-G14/Assets Proyecto 1/nueva_FFT/new_FFT/new_FFT.srcs/sources_1/new/top.vhd} w ]
add_files {{C:/Users/etien/Desktop/Proyecto-2-SEP-G14/Assets Proyecto 1/nueva_FFT/new_FFT/new_FFT.srcs/sources_1/new/top.vhd}}
update_compile_order -fileset sources_1
add_files -norecurse {{C:/Users/etien/Desktop/Proyecto-2-SEP-G14/Assets Proyecto 1/nueva_FFT/new_FFT/new_FFT.srcs/sources_1/new/Cascader_CU.vhd} {C:/Users/etien/Desktop/Proyecto-2-SEP-G14/Assets Proyecto 1/nueva_FFT/new_FFT/new_FFT.srcs/sources_1/new/FFT.vhd} {C:/Users/etien/Desktop/Proyecto-2-SEP-G14/Assets Proyecto 1/nueva_FFT/new_FFT/new_FFT.srcs/sources_1/new/fp32_mult.vhd} {C:/Users/etien/Desktop/Proyecto-2-SEP-G14/Assets Proyecto 1/nueva_FFT/new_FFT/new_FFT.srcs/sources_1/new/fp32_addsub.vhd} {C:/Users/etien/Desktop/Proyecto-2-SEP-G14/Assets Proyecto 1/nueva_FFT/new_FFT/new_FFT.srcs/sources_1/new/tb_FFT.vhd} {C:/Users/etien/Desktop/Proyecto-2-SEP-G14/Assets Proyecto 1/nueva_FFT/new_FFT/new_FFT.srcs/sources_1/new/fp32_pkg.vhd} {C:/Users/etien/Desktop/Proyecto-2-SEP-G14/Assets Proyecto 1/nueva_FFT/new_FFT/new_FFT.srcs/sources_1/new/rtl_dsp48_25x25.vhd} {C:/Users/etien/Desktop/Proyecto-2-SEP-G14/Assets Proyecto 1/nueva_FFT/new_FFT/new_FFT.srcs/sources_1/new/reduce_pack.vhd} {C:/Users/etien/Desktop/Proyecto-2-SEP-G14/Assets Proyecto 1/nueva_FFT/new_FFT/new_FFT.srcs/sources_1/new/FPU.vhd} {C:/Users/etien/Desktop/Proyecto-2-SEP-G14/Assets Proyecto 1/nueva_FFT/new_FFT/new_FFT.srcs/sources_1/new/FPU_Cascader.vhd}}
update_compile_order -fileset sources_1
update_compile_order -fileset sources_1
export_ip_user_files -of_objects  [get_files {{C:/Users/etien/Desktop/Proyecto-2-SEP-G14/Assets Proyecto 1/nueva_FFT/new_FFT/new_FFT.srcs/sources_1/new/tb_FFT.vhd}}] -no_script -reset -force -quiet
remove_files  {{C:/Users/etien/Desktop/Proyecto-2-SEP-G14/Assets Proyecto 1/nueva_FFT/new_FFT/new_FFT.srcs/sources_1/new/tb_FFT.vhd}}
update_compile_order -fileset sources_1
update_compile_order -fileset sources_1
close [ open {C:/Users/etien/Desktop/Proyecto-2-SEP-G14/Assets Proyecto 1/nueva_FFT/new_FFT/new_FFT.srcs/sources_1/new/reduce_pack.vhd} w ]
add_files {{C:/Users/etien/Desktop/Proyecto-2-SEP-G14/Assets Proyecto 1/nueva_FFT/new_FFT/new_FFT.srcs/sources_1/new/reduce_pack.vhd}}
WARNING: [filemgmt 56-12] File 'C:/Users/etien/Desktop/Proyecto-2-SEP-G14/Assets Proyecto 1/nueva_FFT/new_FFT/new_FFT.srcs/sources_1/new/reduce_pack.vhd' cannot be added to the project because it already exists in the project, skipping this file
update_compile_order -fileset sources_1
export_ip_user_files -of_objects  [get_files {{C:/Users/etien/Desktop/Proyecto-2-SEP-G14/Assets Proyecto 1/nueva_FFT/new_FFT/new_FFT.srcs/sources_1/new/top.vhd}}] -no_script -reset -force -quiet
remove_files  {{C:/Users/etien/Desktop/Proyecto-2-SEP-G14/Assets Proyecto 1/nueva_FFT/new_FFT/new_FFT.srcs/sources_1/new/top.vhd}}
ipx::package_project -root_dir {c:/users/etien/desktop/proyecto-2-sep-g14/assets proyecto 1/nueva_fft/new_fft/new_fft.srcs/sources_1/new} -vendor xilinx.com -library user -taxonomy /UserIP
INFO: [IP_Flow 19-5107] Inferred bus interface 'rst' of definition 'xilinx.com:signal:reset:1.0' (from Xilinx Repository).
INFO: [IP_Flow 19-5107] Inferred bus interface 'clk' of definition 'xilinx.com:signal:clock:1.0' (from Xilinx Repository).
INFO: [IP_Flow 19-4728] Bus Interface 'clk': Added interface parameter 'ASSOCIATED_RESET' with value 'rst'.
WARNING: [IP_Flow 19-5661] Bus Interface 'clk' does not have any bus interfaces associated with it.
INFO: [IP_Flow 19-2181] Payment Required is not set for this core.
INFO: [IP_Flow 19-2187] The Product Guide file is missing.
set_property core_revision 2 [ipx::current_core]
ipx::create_xgui_files [ipx::current_core]
ipx::update_checksums [ipx::current_core]
ipx::save_core [ipx::current_core]
set_property  ip_repo_paths  {{c:/users/etien/desktop/proyecto-2-sep-g14/assets proyecto 1/nueva_fft/new_fft/new_fft.srcs/sources_1/new}} [current_project]
update_ip_catalog
INFO: [IP_Flow 19-234] Refreshing IP repositories
INFO: [IP_Flow 19-1700] Loaded user IP repository 'c:/users/etien/desktop/proyecto-2-sep-g14/assets proyecto 1/nueva_fft/new_fft/new_fft.srcs/sources_1/new'.
ipx::merge_project_changes hdl_parameters [ipx::current_core]
WARNING: [IP_Flow 19-5226] Project source file 'c:/users/etien/desktop/proyecto-2-sep-g14/assets proyecto 1/nueva_fft/new_fft/new_fft.srcs/sources_1/new/component.xml' ignored by IP packager.
set_property core_revision 3 [ipx::current_core]
ipx::create_xgui_files [ipx::current_core]
ipx::update_checksums [ipx::current_core]
ipx::save_core [ipx::current_core]
update_ip_catalog -rebuild -repo_path {c:/users/etien/desktop/proyecto-2-sep-g14/assets proyecto 1/nueva_fft/new_fft/new_fft.srcs/sources_1/new}
INFO: [IP_Flow 19-725] Reloaded user IP repository 'c:/users/etien/desktop/proyecto-2-sep-g14/assets proyecto 1/nueva_fft/new_fft/new_fft.srcs/sources_1/new'
set_property core_revision 4 [ipx::current_core]
ipx::create_xgui_files [ipx::current_core]
ipx::update_checksums [ipx::current_core]
ipx::save_core [ipx::current_core]
update_ip_catalog -rebuild -repo_path {c:/users/etien/desktop/proyecto-2-sep-g14/assets proyecto 1/nueva_fft/new_fft/new_fft.srcs/sources_1/new}
INFO: [IP_Flow 19-725] Reloaded user IP repository 'c:/users/etien/desktop/proyecto-2-sep-g14/assets proyecto 1/nueva_fft/new_fft/new_fft.srcs/sources_1/new'
exit
INFO: [Common 17-206] Exiting Vivado at Sun Jul  7 02:28:00 2024...
