15:47:25 INFO  : Launching XSCT server: xsct.bat -n  -interactive C:\Users\Amteo\Desktop\Proyecto-2-SEP-G14\Of\Vitis2\temp_xsdb_launch_script.tcl
15:47:25 INFO  : Registering command handlers for Vitis TCF services
15:47:31 INFO  : XSCT server has started successfully.
15:47:33 INFO  : Successfully done setting XSCT server connection channel  
15:47:33 INFO  : plnx-install-location is set to ''
15:47:33 INFO  : Successfully done query RDI_DATADIR 
15:47:33 INFO  : Successfully done setting workspace for the tool. 
15:47:33 INFO  : Platform repository initialization has completed.
15:56:33 INFO  : Result from executing command 'getProjects': P2_G14_HW_v3
15:56:33 INFO  : Result from executing command 'getPlatforms': 
15:58:37 INFO  : Result from executing command 'getProjects': P2_G14_HW_v3
15:58:37 INFO  : Result from executing command 'getPlatforms': P2_G14_HW_v3|C:/Users/Amteo/Desktop/Proyecto-2-SEP-G14/Of/Vitis2/P2_G14_HW_v3/export/P2_G14_HW_v3/P2_G14_HW_v3.xpfm
16:01:17 INFO  : Checking for BSP changes to sync application flags for project 'P2_G14_SW_v3'...
16:01:51 INFO  : Checking for BSP changes to sync application flags for project 'P2_G14_SW_v3'...
16:02:40 INFO  : Checking for BSP changes to sync application flags for project 'P2_G14_SW_v3'...
16:03:27 INFO  : Connected to target on host '127.0.0.1' and port '3121'.
16:03:28 INFO  : Jtag cable 'Digilent Zybo Z7 210351B3FC84A' is selected.
16:03:28 INFO  : 'jtag frequency' command is executed.
16:03:28 INFO  : Context for 'APU' is selected.
16:03:28 INFO  : System reset is completed.
16:03:31 INFO  : 'after 3000' command is executed.
16:03:32 INFO  : 'targets -set -filter {jtag_cable_name =~ "Digilent Zybo Z7 210351B3FC84A" && level==0 && jtag_device_ctx=="jsn-Zybo Z7-210351B3FC84A-13722093-0"}' command is executed.
16:03:33 INFO  : FPGA configured successfully with bitstream "C:/Users/Amteo/Desktop/Proyecto-2-SEP-G14/Of/Vitis2/P2_G14_SW_v3/_ide/bitstream/AAA.bit"
16:03:33 INFO  : Context for 'APU' is selected.
16:03:34 INFO  : Hardware design and registers information is loaded from 'C:/Users/Amteo/Desktop/Proyecto-2-SEP-G14/Of/Vitis2/P2_G14_HW_v3/export/P2_G14_HW_v3/hw/AAA.xsa'.
16:03:34 INFO  : 'configparams force-mem-access 1' command is executed.
16:03:34 INFO  : Context for 'APU' is selected.
16:03:34 INFO  : Sourcing of 'C:/Users/Amteo/Desktop/Proyecto-2-SEP-G14/Of/Vitis2/P2_G14_SW_v3/_ide/psinit/ps7_init.tcl' is done.
16:03:34 INFO  : 'ps7_init' command is executed.
16:03:34 INFO  : 'ps7_post_config' command is executed.
16:03:34 INFO  : Context for processor 'ps7_cortexa9_0' is selected.
16:03:36 INFO  : The application 'C:/Users/Amteo/Desktop/Proyecto-2-SEP-G14/Of/Vitis2/P2_G14_SW_v3/Debug/P2_G14_SW_v3.elf' is downloaded to processor 'ps7_cortexa9_0'.
16:03:36 INFO  : 'configparams force-mem-access 0' command is executed.
16:03:36 INFO  : ----------------XSDB Script----------------
connect -url tcp:127.0.0.1:3121
targets -set -nocase -filter {name =~"APU*"}
rst -system
after 3000
targets -set -filter {jtag_cable_name =~ "Digilent Zybo Z7 210351B3FC84A" && level==0 && jtag_device_ctx=="jsn-Zybo Z7-210351B3FC84A-13722093-0"}
fpga -file C:/Users/Amteo/Desktop/Proyecto-2-SEP-G14/Of/Vitis2/P2_G14_SW_v3/_ide/bitstream/AAA.bit
targets -set -nocase -filter {name =~"APU*"}
loadhw -hw C:/Users/Amteo/Desktop/Proyecto-2-SEP-G14/Of/Vitis2/P2_G14_HW_v3/export/P2_G14_HW_v3/hw/AAA.xsa -mem-ranges [list {0x40000000 0xbfffffff}] -regs
configparams force-mem-access 1
targets -set -nocase -filter {name =~"APU*"}
source C:/Users/Amteo/Desktop/Proyecto-2-SEP-G14/Of/Vitis2/P2_G14_SW_v3/_ide/psinit/ps7_init.tcl
ps7_init
ps7_post_config
targets -set -nocase -filter {name =~ "*A9*#0"}
dow C:/Users/Amteo/Desktop/Proyecto-2-SEP-G14/Of/Vitis2/P2_G14_SW_v3/Debug/P2_G14_SW_v3.elf
configparams force-mem-access 0
----------------End of Script----------------

16:03:36 INFO  : Context for processor 'ps7_cortexa9_0' is selected.
16:03:36 INFO  : 'con' command is executed.
16:03:36 INFO  : ----------------XSDB Script (After Launch)----------------
targets -set -nocase -filter {name =~ "*A9*#0"}
con
----------------End of Script----------------

16:03:37 INFO  : Launch script is exported to file 'C:\Users\Amteo\Desktop\Proyecto-2-SEP-G14\Of\Vitis2\.sdk\launch_scripts\single_application_debug\debugger_p2_g14_sw_v3-default.tcl'
16:06:24 INFO  : Disconnected from the channel tcfchan#2.
16:06:25 INFO  : Connected to target on host '127.0.0.1' and port '3121'.
16:06:25 INFO  : Jtag cable 'Digilent Zybo Z7 210351B3FC84A' is selected.
16:06:25 INFO  : 'jtag frequency' command is executed.
16:06:25 INFO  : Context for 'APU' is selected.
16:06:25 INFO  : System reset is completed.
16:06:28 INFO  : 'after 3000' command is executed.
16:06:29 INFO  : 'targets -set -filter {jtag_cable_name =~ "Digilent Zybo Z7 210351B3FC84A" && level==0 && jtag_device_ctx=="jsn-Zybo Z7-210351B3FC84A-13722093-0"}' command is executed.
16:06:30 INFO  : FPGA configured successfully with bitstream "C:/Users/Amteo/Desktop/Proyecto-2-SEP-G14/Of/Vitis2/P2_G14_SW_v3/_ide/bitstream/AAA.bit"
16:06:30 INFO  : Context for 'APU' is selected.
16:06:30 INFO  : Hardware design and registers information is loaded from 'C:/Users/Amteo/Desktop/Proyecto-2-SEP-G14/Of/Vitis2/P2_G14_HW_v3/export/P2_G14_HW_v3/hw/AAA.xsa'.
16:06:30 INFO  : 'configparams force-mem-access 1' command is executed.
16:06:30 INFO  : Context for 'APU' is selected.
16:06:30 INFO  : Sourcing of 'C:/Users/Amteo/Desktop/Proyecto-2-SEP-G14/Of/Vitis2/P2_G14_SW_v3/_ide/psinit/ps7_init.tcl' is done.
16:06:30 INFO  : 'ps7_init' command is executed.
16:06:30 INFO  : 'ps7_post_config' command is executed.
16:06:30 INFO  : Context for processor 'ps7_cortexa9_0' is selected.
16:06:32 INFO  : The application 'C:/Users/Amteo/Desktop/Proyecto-2-SEP-G14/Of/Vitis2/P2_G14_SW_v3/Debug/P2_G14_SW_v3.elf' is downloaded to processor 'ps7_cortexa9_0'.
16:06:32 INFO  : 'configparams force-mem-access 0' command is executed.
16:06:32 INFO  : ----------------XSDB Script----------------
connect -url tcp:127.0.0.1:3121
targets -set -nocase -filter {name =~"APU*"}
rst -system
after 3000
targets -set -filter {jtag_cable_name =~ "Digilent Zybo Z7 210351B3FC84A" && level==0 && jtag_device_ctx=="jsn-Zybo Z7-210351B3FC84A-13722093-0"}
fpga -file C:/Users/Amteo/Desktop/Proyecto-2-SEP-G14/Of/Vitis2/P2_G14_SW_v3/_ide/bitstream/AAA.bit
targets -set -nocase -filter {name =~"APU*"}
loadhw -hw C:/Users/Amteo/Desktop/Proyecto-2-SEP-G14/Of/Vitis2/P2_G14_HW_v3/export/P2_G14_HW_v3/hw/AAA.xsa -mem-ranges [list {0x40000000 0xbfffffff}] -regs
configparams force-mem-access 1
targets -set -nocase -filter {name =~"APU*"}
source C:/Users/Amteo/Desktop/Proyecto-2-SEP-G14/Of/Vitis2/P2_G14_SW_v3/_ide/psinit/ps7_init.tcl
ps7_init
ps7_post_config
targets -set -nocase -filter {name =~ "*A9*#0"}
dow C:/Users/Amteo/Desktop/Proyecto-2-SEP-G14/Of/Vitis2/P2_G14_SW_v3/Debug/P2_G14_SW_v3.elf
configparams force-mem-access 0
----------------End of Script----------------

16:06:32 INFO  : Context for processor 'ps7_cortexa9_0' is selected.
16:06:32 INFO  : 'con' command is executed.
16:06:32 INFO  : ----------------XSDB Script (After Launch)----------------
targets -set -nocase -filter {name =~ "*A9*#0"}
con
----------------End of Script----------------

16:06:32 INFO  : Launch script is exported to file 'C:\Users\Amteo\Desktop\Proyecto-2-SEP-G14\Of\Vitis2\.sdk\launch_scripts\single_application_debug\debugger_p2_g14_sw_v3-default_1.tcl'
16:17:51 INFO  : Checking for BSP changes to sync application flags for project 'P2_G14_SW_v3'...
16:17:59 INFO  : Connected to target on host '127.0.0.1' and port '3121'.
16:18:21 INFO  : Jtag cable 'Digilent Zybo Z7 210351B3FC84A' is selected.
16:18:21 INFO  : 'jtag frequency' command is executed.
16:18:21 INFO  : Context for 'APU' is selected.
16:18:21 INFO  : System reset is completed.
16:18:24 INFO  : 'after 3000' command is executed.
16:18:25 INFO  : 'targets -set -filter {jtag_cable_name =~ "Digilent Zybo Z7 210351B3FC84A" && level==0 && jtag_device_ctx=="jsn-Zybo Z7-210351B3FC84A-13722093-0"}' command is executed.
16:18:26 INFO  : FPGA configured successfully with bitstream "C:/Users/Amteo/Desktop/Proyecto-2-SEP-G14/Of/Vitis2/P2_G14_SW_v3/_ide/bitstream/AAA.bit"
16:18:26 INFO  : Context for 'APU' is selected.
16:18:26 INFO  : Hardware design and registers information is loaded from 'C:/Users/Amteo/Desktop/Proyecto-2-SEP-G14/Of/Vitis2/P2_G14_HW_v3/export/P2_G14_HW_v3/hw/AAA.xsa'.
16:18:26 INFO  : 'configparams force-mem-access 1' command is executed.
16:18:26 INFO  : Context for 'APU' is selected.
16:18:26 INFO  : Sourcing of 'C:/Users/Amteo/Desktop/Proyecto-2-SEP-G14/Of/Vitis2/P2_G14_SW_v3/_ide/psinit/ps7_init.tcl' is done.
16:18:27 INFO  : 'ps7_init' command is executed.
16:18:27 INFO  : 'ps7_post_config' command is executed.
16:18:27 INFO  : Context for processor 'ps7_cortexa9_0' is selected.
16:18:29 INFO  : The application 'C:/Users/Amteo/Desktop/Proyecto-2-SEP-G14/Of/Vitis2/P2_G14_SW_v3/Debug/P2_G14_SW_v3.elf' is downloaded to processor 'ps7_cortexa9_0'.
16:18:29 INFO  : 'configparams force-mem-access 0' command is executed.
16:18:29 INFO  : ----------------XSDB Script----------------
connect -url tcp:127.0.0.1:3121
targets -set -nocase -filter {name =~"APU*"}
rst -system
after 3000
targets -set -filter {jtag_cable_name =~ "Digilent Zybo Z7 210351B3FC84A" && level==0 && jtag_device_ctx=="jsn-Zybo Z7-210351B3FC84A-13722093-0"}
fpga -file C:/Users/Amteo/Desktop/Proyecto-2-SEP-G14/Of/Vitis2/P2_G14_SW_v3/_ide/bitstream/AAA.bit
targets -set -nocase -filter {name =~"APU*"}
loadhw -hw C:/Users/Amteo/Desktop/Proyecto-2-SEP-G14/Of/Vitis2/P2_G14_HW_v3/export/P2_G14_HW_v3/hw/AAA.xsa -mem-ranges [list {0x40000000 0xbfffffff}] -regs
configparams force-mem-access 1
targets -set -nocase -filter {name =~"APU*"}
source C:/Users/Amteo/Desktop/Proyecto-2-SEP-G14/Of/Vitis2/P2_G14_SW_v3/_ide/psinit/ps7_init.tcl
ps7_init
ps7_post_config
targets -set -nocase -filter {name =~ "*A9*#0"}
dow C:/Users/Amteo/Desktop/Proyecto-2-SEP-G14/Of/Vitis2/P2_G14_SW_v3/Debug/P2_G14_SW_v3.elf
configparams force-mem-access 0
----------------End of Script----------------

16:18:29 INFO  : Context for processor 'ps7_cortexa9_0' is selected.
16:18:29 INFO  : 'con' command is executed.
16:18:29 INFO  : ----------------XSDB Script (After Launch)----------------
targets -set -nocase -filter {name =~ "*A9*#0"}
con
----------------End of Script----------------

16:18:29 INFO  : Launch script is exported to file 'C:\Users\Amteo\Desktop\Proyecto-2-SEP-G14\Of\Vitis2\.sdk\launch_scripts\single_application_debug\debugger_p2_g14_sw_v3-default_2.tcl'
16:21:03 INFO  : Checking for BSP changes to sync application flags for project 'P2_G14_SW_v3'...
16:21:10 INFO  : Disconnected from the channel tcfchan#3.
16:21:11 INFO  : Connected to target on host '127.0.0.1' and port '3121'.
16:21:12 INFO  : Jtag cable 'Digilent Zybo Z7 210351B3FC84A' is selected.
16:21:12 INFO  : 'jtag frequency' command is executed.
16:21:12 INFO  : Context for 'APU' is selected.
16:21:12 INFO  : System reset is completed.
16:21:15 INFO  : 'after 3000' command is executed.
16:21:15 INFO  : 'targets -set -filter {jtag_cable_name =~ "Digilent Zybo Z7 210351B3FC84A" && level==0 && jtag_device_ctx=="jsn-Zybo Z7-210351B3FC84A-13722093-0"}' command is executed.
16:21:16 INFO  : FPGA configured successfully with bitstream "C:/Users/Amteo/Desktop/Proyecto-2-SEP-G14/Of/Vitis2/P2_G14_SW_v3/_ide/bitstream/AAA.bit"
16:21:16 INFO  : Context for 'APU' is selected.
16:21:16 INFO  : Hardware design and registers information is loaded from 'C:/Users/Amteo/Desktop/Proyecto-2-SEP-G14/Of/Vitis2/P2_G14_HW_v3/export/P2_G14_HW_v3/hw/AAA.xsa'.
16:21:16 INFO  : 'configparams force-mem-access 1' command is executed.
16:21:16 INFO  : Context for 'APU' is selected.
16:21:16 INFO  : Sourcing of 'C:/Users/Amteo/Desktop/Proyecto-2-SEP-G14/Of/Vitis2/P2_G14_SW_v3/_ide/psinit/ps7_init.tcl' is done.
16:21:17 INFO  : 'ps7_init' command is executed.
16:21:17 INFO  : 'ps7_post_config' command is executed.
16:21:17 INFO  : Context for processor 'ps7_cortexa9_0' is selected.
16:21:19 INFO  : The application 'C:/Users/Amteo/Desktop/Proyecto-2-SEP-G14/Of/Vitis2/P2_G14_SW_v3/Debug/P2_G14_SW_v3.elf' is downloaded to processor 'ps7_cortexa9_0'.
16:21:19 INFO  : 'configparams force-mem-access 0' command is executed.
16:21:19 INFO  : ----------------XSDB Script----------------
connect -url tcp:127.0.0.1:3121
targets -set -nocase -filter {name =~"APU*"}
rst -system
after 3000
targets -set -filter {jtag_cable_name =~ "Digilent Zybo Z7 210351B3FC84A" && level==0 && jtag_device_ctx=="jsn-Zybo Z7-210351B3FC84A-13722093-0"}
fpga -file C:/Users/Amteo/Desktop/Proyecto-2-SEP-G14/Of/Vitis2/P2_G14_SW_v3/_ide/bitstream/AAA.bit
targets -set -nocase -filter {name =~"APU*"}
loadhw -hw C:/Users/Amteo/Desktop/Proyecto-2-SEP-G14/Of/Vitis2/P2_G14_HW_v3/export/P2_G14_HW_v3/hw/AAA.xsa -mem-ranges [list {0x40000000 0xbfffffff}] -regs
configparams force-mem-access 1
targets -set -nocase -filter {name =~"APU*"}
source C:/Users/Amteo/Desktop/Proyecto-2-SEP-G14/Of/Vitis2/P2_G14_SW_v3/_ide/psinit/ps7_init.tcl
ps7_init
ps7_post_config
targets -set -nocase -filter {name =~ "*A9*#0"}
dow C:/Users/Amteo/Desktop/Proyecto-2-SEP-G14/Of/Vitis2/P2_G14_SW_v3/Debug/P2_G14_SW_v3.elf
configparams force-mem-access 0
----------------End of Script----------------

16:21:19 INFO  : Context for processor 'ps7_cortexa9_0' is selected.
16:21:19 INFO  : 'con' command is executed.
16:21:19 INFO  : ----------------XSDB Script (After Launch)----------------
targets -set -nocase -filter {name =~ "*A9*#0"}
con
----------------End of Script----------------

16:21:19 INFO  : Launch script is exported to file 'C:\Users\Amteo\Desktop\Proyecto-2-SEP-G14\Of\Vitis2\.sdk\launch_scripts\single_application_debug\debugger_p2_g14_sw_v3-default_3.tcl'
16:55:33 INFO  : Disconnected from the channel tcfchan#4.
16:55:34 INFO  : Connected to target on host '127.0.0.1' and port '3121'.
16:55:37 INFO  : Jtag cable 'Digilent Zybo Z7 210351B3FC84A' is selected.
16:55:37 INFO  : 'jtag frequency' command is executed.
16:55:37 INFO  : Context for 'APU' is selected.
16:55:38 INFO  : System reset is completed.
16:55:41 INFO  : 'after 3000' command is executed.
16:55:45 INFO  : 'targets -set -filter {jtag_cable_name =~ "Digilent Zybo Z7 210351B3FC84A" && level==0 && jtag_device_ctx=="jsn-Zybo Z7-210351B3FC84A-13722093-0"}' command is executed.
16:55:47 INFO  : FPGA configured successfully with bitstream "C:/Users/Amteo/Desktop/Proyecto-2-SEP-G14/Of/Vitis2/P2_G14_SW_v3/_ide/bitstream/AAA.bit"
16:55:47 INFO  : Context for 'APU' is selected.
16:55:47 INFO  : Hardware design and registers information is loaded from 'C:/Users/Amteo/Desktop/Proyecto-2-SEP-G14/Of/Vitis2/P2_G14_HW_v3/export/P2_G14_HW_v3/hw/AAA.xsa'.
16:55:47 INFO  : 'configparams force-mem-access 1' command is executed.
16:55:47 INFO  : Context for 'APU' is selected.
16:55:47 INFO  : Sourcing of 'C:/Users/Amteo/Desktop/Proyecto-2-SEP-G14/Of/Vitis2/P2_G14_SW_v3/_ide/psinit/ps7_init.tcl' is done.
16:55:48 INFO  : 'ps7_init' command is executed.
16:55:48 INFO  : 'ps7_post_config' command is executed.
16:55:48 INFO  : Context for processor 'ps7_cortexa9_0' is selected.
16:55:49 INFO  : The application 'C:/Users/Amteo/Desktop/Proyecto-2-SEP-G14/Of/Vitis2/P2_G14_SW_v3/Debug/P2_G14_SW_v3.elf' is downloaded to processor 'ps7_cortexa9_0'.
16:55:50 INFO  : 'configparams force-mem-access 0' command is executed.
16:55:50 INFO  : ----------------XSDB Script----------------
connect -url tcp:127.0.0.1:3121
targets -set -nocase -filter {name =~"APU*"}
rst -system
after 3000
targets -set -filter {jtag_cable_name =~ "Digilent Zybo Z7 210351B3FC84A" && level==0 && jtag_device_ctx=="jsn-Zybo Z7-210351B3FC84A-13722093-0"}
fpga -file C:/Users/Amteo/Desktop/Proyecto-2-SEP-G14/Of/Vitis2/P2_G14_SW_v3/_ide/bitstream/AAA.bit
targets -set -nocase -filter {name =~"APU*"}
loadhw -hw C:/Users/Amteo/Desktop/Proyecto-2-SEP-G14/Of/Vitis2/P2_G14_HW_v3/export/P2_G14_HW_v3/hw/AAA.xsa -mem-ranges [list {0x40000000 0xbfffffff}] -regs
configparams force-mem-access 1
targets -set -nocase -filter {name =~"APU*"}
source C:/Users/Amteo/Desktop/Proyecto-2-SEP-G14/Of/Vitis2/P2_G14_SW_v3/_ide/psinit/ps7_init.tcl
ps7_init
ps7_post_config
targets -set -nocase -filter {name =~ "*A9*#0"}
dow C:/Users/Amteo/Desktop/Proyecto-2-SEP-G14/Of/Vitis2/P2_G14_SW_v3/Debug/P2_G14_SW_v3.elf
configparams force-mem-access 0
----------------End of Script----------------

16:55:50 INFO  : Context for processor 'ps7_cortexa9_0' is selected.
16:55:50 INFO  : 'con' command is executed.
16:55:50 INFO  : ----------------XSDB Script (After Launch)----------------
targets -set -nocase -filter {name =~ "*A9*#0"}
con
----------------End of Script----------------

16:55:50 INFO  : Launch script is exported to file 'C:\Users\Amteo\Desktop\Proyecto-2-SEP-G14\Of\Vitis2\.sdk\launch_scripts\single_application_debug\debugger_p2_g14_sw_v3-default_3.tcl'
17:30:57 INFO  : Checking for BSP changes to sync application flags for project 'P2_G14_SW_v3'...
17:33:52 INFO  : Checking for BSP changes to sync application flags for project 'P2_G14_SW_v3'...
17:36:15 INFO  : Checking for BSP changes to sync application flags for project 'P2_G14_SW_v3'...
17:36:36 INFO  : Checking for BSP changes to sync application flags for project 'P2_G14_SW_v3'...
17:37:57 INFO  : Checking for BSP changes to sync application flags for project 'P2_G14_SW_v3'...
17:38:28 INFO  : Checking for BSP changes to sync application flags for project 'P2_G14_SW_v3'...
17:38:42 WARN  : channel "tcfchan#3" closed
17:38:43 INFO  : Connected to target on host '127.0.0.1' and port '3121'.
17:39:01 INFO  : ----------------XSDB Script----------------
connect -url tcp:127.0.0.1:3121
----------------End of Script----------------

17:39:01 ERROR : Could not find ARM device on the board for connection 'Local'.
Check if the target is in:
1. Split JTAG - No operations are possible with ARM DAP.
2. Non JTAG bootmode - Bootrom may need time to enable DAP.
Please try again.


Troubleshooting hints:
1. Check whether board is connected to system properly.
2. In case of zynq board, check whether Digilent/Xilinx cable switch settings are correct.
3. If you are using Xilinx Platform Cable USB, ensure that status LED is green.
17:39:15 INFO  : Connected to target on host '127.0.0.1' and port '3121'.
17:39:15 INFO  : Jtag cable 'Digilent Zybo Z7 210351B3FC84A' is selected.
17:39:15 INFO  : 'jtag frequency' command is executed.
17:39:15 INFO  : Context for 'APU' is selected.
17:39:15 INFO  : System reset is completed.
17:39:18 INFO  : 'after 3000' command is executed.
17:39:18 INFO  : Disconnected from the channel tcfchan#5.
17:39:19 ERROR : Exception occured while running Program FPGA.
java.lang.RuntimeException: Invalid target. Use "connect" command to connect to hw_server/TCF agent
17:39:19 INFO  : ----------------XSDB Script----------------
connect -url tcp:127.0.0.1:3121
targets -set -nocase -filter {name =~"APU*"}
rst -system
after 3000
----------------End of Script----------------

17:39:19 ERROR : Invalid target. Use "connect" command to connect to hw_server/TCF agent
17:39:19 INFO  : Connected to target on host '127.0.0.1' and port '3121'.
17:39:20 INFO  : Jtag cable 'Digilent Zybo Z7 210351B3FC84A' is selected.
17:39:20 INFO  : 'jtag frequency' command is executed.
17:39:20 INFO  : Context for 'APU' is selected.
17:39:20 INFO  : System reset is completed.
17:39:23 INFO  : 'after 3000' command is executed.
17:39:23 INFO  : 'targets -set -filter {jtag_cable_name =~ "Digilent Zybo Z7 210351B3FC84A" && level==0 && jtag_device_ctx=="jsn-Zybo Z7-210351B3FC84A-13722093-0"}' command is executed.
17:39:24 INFO  : FPGA configured successfully with bitstream "C:/Users/Amteo/Desktop/Proyecto-2-SEP-G14/Of/Vitis2/P2_G14_SW_v3/_ide/bitstream/AAA.bit"
17:39:25 INFO  : Context for 'APU' is selected.
17:39:25 INFO  : Hardware design and registers information is loaded from 'C:/Users/Amteo/Desktop/Proyecto-2-SEP-G14/Of/Vitis2/P2_G14_HW_v3/export/P2_G14_HW_v3/hw/AAA.xsa'.
17:39:25 INFO  : 'configparams force-mem-access 1' command is executed.
17:39:25 INFO  : Context for 'APU' is selected.
17:39:25 INFO  : Sourcing of 'C:/Users/Amteo/Desktop/Proyecto-2-SEP-G14/Of/Vitis2/P2_G14_SW_v3/_ide/psinit/ps7_init.tcl' is done.
17:39:28 INFO  : 'ps7_init' command is executed.
17:39:28 INFO  : 'ps7_post_config' command is executed.
17:39:28 INFO  : Context for processor 'ps7_cortexa9_0' is selected.
17:39:33 INFO  : The application 'C:/Users/Amteo/Desktop/Proyecto-2-SEP-G14/Of/Vitis2/P2_G14_SW_v3/Debug/P2_G14_SW_v3.elf' is downloaded to processor 'ps7_cortexa9_0'.
17:39:33 INFO  : 'configparams force-mem-access 0' command is executed.
17:39:33 INFO  : ----------------XSDB Script----------------
connect -url tcp:127.0.0.1:3121
targets -set -nocase -filter {name =~"APU*"}
rst -system
after 3000
targets -set -filter {jtag_cable_name =~ "Digilent Zybo Z7 210351B3FC84A" && level==0 && jtag_device_ctx=="jsn-Zybo Z7-210351B3FC84A-13722093-0"}
fpga -file C:/Users/Amteo/Desktop/Proyecto-2-SEP-G14/Of/Vitis2/P2_G14_SW_v3/_ide/bitstream/AAA.bit
targets -set -nocase -filter {name =~"APU*"}
loadhw -hw C:/Users/Amteo/Desktop/Proyecto-2-SEP-G14/Of/Vitis2/P2_G14_HW_v3/export/P2_G14_HW_v3/hw/AAA.xsa -mem-ranges [list {0x40000000 0xbfffffff}] -regs
configparams force-mem-access 1
targets -set -nocase -filter {name =~"APU*"}
source C:/Users/Amteo/Desktop/Proyecto-2-SEP-G14/Of/Vitis2/P2_G14_SW_v3/_ide/psinit/ps7_init.tcl
ps7_init
ps7_post_config
targets -set -nocase -filter {name =~ "*A9*#0"}
dow C:/Users/Amteo/Desktop/Proyecto-2-SEP-G14/Of/Vitis2/P2_G14_SW_v3/Debug/P2_G14_SW_v3.elf
configparams force-mem-access 0
----------------End of Script----------------

17:39:33 INFO  : Context for processor 'ps7_cortexa9_0' is selected.
17:39:33 INFO  : 'con' command is executed.
17:39:33 INFO  : ----------------XSDB Script (After Launch)----------------
targets -set -nocase -filter {name =~ "*A9*#0"}
con
----------------End of Script----------------

17:39:33 INFO  : Launch script is exported to file 'C:\Users\Amteo\Desktop\Proyecto-2-SEP-G14\Of\Vitis2\.sdk\launch_scripts\single_application_debug\debugger_p2_g14_sw_v3-default_5.tcl'
17:39:58 INFO  : Disconnected from the channel tcfchan#6.
17:39:59 INFO  : Connected to target on host '127.0.0.1' and port '3121'.
17:39:59 INFO  : Jtag cable 'Digilent Zybo Z7 210351B3FC84A' is selected.
17:39:59 INFO  : 'jtag frequency' command is executed.
17:40:00 INFO  : Context for 'APU' is selected.
17:40:00 INFO  : System reset is completed.
17:40:03 INFO  : 'after 3000' command is executed.
17:40:03 INFO  : 'targets -set -filter {jtag_cable_name =~ "Digilent Zybo Z7 210351B3FC84A" && level==0 && jtag_device_ctx=="jsn-Zybo Z7-210351B3FC84A-13722093-0"}' command is executed.
17:40:04 INFO  : FPGA configured successfully with bitstream "C:/Users/Amteo/Desktop/Proyecto-2-SEP-G14/Of/Vitis2/P2_G14_SW_v3/_ide/bitstream/AAA.bit"
17:40:04 INFO  : Context for 'APU' is selected.
17:40:04 INFO  : Hardware design and registers information is loaded from 'C:/Users/Amteo/Desktop/Proyecto-2-SEP-G14/Of/Vitis2/P2_G14_HW_v3/export/P2_G14_HW_v3/hw/AAA.xsa'.
17:40:04 INFO  : 'configparams force-mem-access 1' command is executed.
17:40:04 INFO  : Context for 'APU' is selected.
17:40:04 INFO  : Sourcing of 'C:/Users/Amteo/Desktop/Proyecto-2-SEP-G14/Of/Vitis2/P2_G14_SW_v3/_ide/psinit/ps7_init.tcl' is done.
17:40:05 INFO  : 'ps7_init' command is executed.
17:40:05 INFO  : 'ps7_post_config' command is executed.
17:40:05 INFO  : Context for processor 'ps7_cortexa9_0' is selected.
17:40:07 INFO  : The application 'C:/Users/Amteo/Desktop/Proyecto-2-SEP-G14/Of/Vitis2/P2_G14_SW_v3/Debug/P2_G14_SW_v3.elf' is downloaded to processor 'ps7_cortexa9_0'.
17:40:07 INFO  : 'configparams force-mem-access 0' command is executed.
17:40:07 INFO  : ----------------XSDB Script----------------
connect -url tcp:127.0.0.1:3121
targets -set -nocase -filter {name =~"APU*"}
rst -system
after 3000
targets -set -filter {jtag_cable_name =~ "Digilent Zybo Z7 210351B3FC84A" && level==0 && jtag_device_ctx=="jsn-Zybo Z7-210351B3FC84A-13722093-0"}
fpga -file C:/Users/Amteo/Desktop/Proyecto-2-SEP-G14/Of/Vitis2/P2_G14_SW_v3/_ide/bitstream/AAA.bit
targets -set -nocase -filter {name =~"APU*"}
loadhw -hw C:/Users/Amteo/Desktop/Proyecto-2-SEP-G14/Of/Vitis2/P2_G14_HW_v3/export/P2_G14_HW_v3/hw/AAA.xsa -mem-ranges [list {0x40000000 0xbfffffff}] -regs
configparams force-mem-access 1
targets -set -nocase -filter {name =~"APU*"}
source C:/Users/Amteo/Desktop/Proyecto-2-SEP-G14/Of/Vitis2/P2_G14_SW_v3/_ide/psinit/ps7_init.tcl
ps7_init
ps7_post_config
targets -set -nocase -filter {name =~ "*A9*#0"}
dow C:/Users/Amteo/Desktop/Proyecto-2-SEP-G14/Of/Vitis2/P2_G14_SW_v3/Debug/P2_G14_SW_v3.elf
configparams force-mem-access 0
----------------End of Script----------------

17:40:07 INFO  : Context for processor 'ps7_cortexa9_0' is selected.
17:40:07 INFO  : 'con' command is executed.
17:40:07 INFO  : ----------------XSDB Script (After Launch)----------------
targets -set -nocase -filter {name =~ "*A9*#0"}
con
----------------End of Script----------------

17:40:07 INFO  : Launch script is exported to file 'C:\Users\Amteo\Desktop\Proyecto-2-SEP-G14\Of\Vitis2\.sdk\launch_scripts\single_application_debug\debugger_p2_g14_sw_v3-default_6.tcl'
17:40:38 INFO  : Checking for BSP changes to sync application flags for project 'P2_G14_SW_v3'...
17:40:44 INFO  : Disconnected from the channel tcfchan#7.
17:40:45 INFO  : Connected to target on host '127.0.0.1' and port '3121'.
17:40:46 INFO  : Jtag cable 'Digilent Zybo Z7 210351B3FC84A' is selected.
17:40:46 INFO  : 'jtag frequency' command is executed.
17:40:46 INFO  : Context for 'APU' is selected.
17:40:46 INFO  : System reset is completed.
17:40:49 INFO  : 'after 3000' command is executed.
17:40:49 INFO  : 'targets -set -filter {jtag_cable_name =~ "Digilent Zybo Z7 210351B3FC84A" && level==0 && jtag_device_ctx=="jsn-Zybo Z7-210351B3FC84A-13722093-0"}' command is executed.
17:40:50 INFO  : FPGA configured successfully with bitstream "C:/Users/Amteo/Desktop/Proyecto-2-SEP-G14/Of/Vitis2/P2_G14_SW_v3/_ide/bitstream/AAA.bit"
17:40:50 INFO  : Context for 'APU' is selected.
17:40:50 INFO  : Hardware design and registers information is loaded from 'C:/Users/Amteo/Desktop/Proyecto-2-SEP-G14/Of/Vitis2/P2_G14_HW_v3/export/P2_G14_HW_v3/hw/AAA.xsa'.
17:40:50 INFO  : 'configparams force-mem-access 1' command is executed.
17:40:50 INFO  : Context for 'APU' is selected.
17:40:50 INFO  : Sourcing of 'C:/Users/Amteo/Desktop/Proyecto-2-SEP-G14/Of/Vitis2/P2_G14_SW_v3/_ide/psinit/ps7_init.tcl' is done.
17:40:51 INFO  : 'ps7_init' command is executed.
17:40:51 INFO  : 'ps7_post_config' command is executed.
17:40:51 INFO  : Context for processor 'ps7_cortexa9_0' is selected.
17:40:53 INFO  : The application 'C:/Users/Amteo/Desktop/Proyecto-2-SEP-G14/Of/Vitis2/P2_G14_SW_v3/Debug/P2_G14_SW_v3.elf' is downloaded to processor 'ps7_cortexa9_0'.
17:40:53 INFO  : 'configparams force-mem-access 0' command is executed.
17:40:53 INFO  : ----------------XSDB Script----------------
connect -url tcp:127.0.0.1:3121
targets -set -nocase -filter {name =~"APU*"}
rst -system
after 3000
targets -set -filter {jtag_cable_name =~ "Digilent Zybo Z7 210351B3FC84A" && level==0 && jtag_device_ctx=="jsn-Zybo Z7-210351B3FC84A-13722093-0"}
fpga -file C:/Users/Amteo/Desktop/Proyecto-2-SEP-G14/Of/Vitis2/P2_G14_SW_v3/_ide/bitstream/AAA.bit
targets -set -nocase -filter {name =~"APU*"}
loadhw -hw C:/Users/Amteo/Desktop/Proyecto-2-SEP-G14/Of/Vitis2/P2_G14_HW_v3/export/P2_G14_HW_v3/hw/AAA.xsa -mem-ranges [list {0x40000000 0xbfffffff}] -regs
configparams force-mem-access 1
targets -set -nocase -filter {name =~"APU*"}
source C:/Users/Amteo/Desktop/Proyecto-2-SEP-G14/Of/Vitis2/P2_G14_SW_v3/_ide/psinit/ps7_init.tcl
ps7_init
ps7_post_config
targets -set -nocase -filter {name =~ "*A9*#0"}
dow C:/Users/Amteo/Desktop/Proyecto-2-SEP-G14/Of/Vitis2/P2_G14_SW_v3/Debug/P2_G14_SW_v3.elf
configparams force-mem-access 0
----------------End of Script----------------

17:40:53 INFO  : Context for processor 'ps7_cortexa9_0' is selected.
17:40:53 INFO  : 'con' command is executed.
17:40:53 INFO  : ----------------XSDB Script (After Launch)----------------
targets -set -nocase -filter {name =~ "*A9*#0"}
con
----------------End of Script----------------

17:40:53 INFO  : Launch script is exported to file 'C:\Users\Amteo\Desktop\Proyecto-2-SEP-G14\Of\Vitis2\.sdk\launch_scripts\single_application_debug\debugger_p2_g14_sw_v3-default_7.tcl'
17:42:01 INFO  : Checking for BSP changes to sync application flags for project 'P2_G14_SW_v3'...
17:42:09 INFO  : Disconnected from the channel tcfchan#8.
17:42:10 INFO  : Connected to target on host '127.0.0.1' and port '3121'.
17:42:10 INFO  : Jtag cable 'Digilent Zybo Z7 210351B3FC84A' is selected.
17:42:10 INFO  : 'jtag frequency' command is executed.
17:42:10 INFO  : Context for 'APU' is selected.
17:42:11 INFO  : System reset is completed.
17:42:14 INFO  : 'after 3000' command is executed.
17:42:14 INFO  : 'targets -set -filter {jtag_cable_name =~ "Digilent Zybo Z7 210351B3FC84A" && level==0 && jtag_device_ctx=="jsn-Zybo Z7-210351B3FC84A-13722093-0"}' command is executed.
17:42:15 INFO  : FPGA configured successfully with bitstream "C:/Users/Amteo/Desktop/Proyecto-2-SEP-G14/Of/Vitis2/P2_G14_SW_v3/_ide/bitstream/AAA.bit"
17:42:15 INFO  : Context for 'APU' is selected.
17:42:15 INFO  : Hardware design and registers information is loaded from 'C:/Users/Amteo/Desktop/Proyecto-2-SEP-G14/Of/Vitis2/P2_G14_HW_v3/export/P2_G14_HW_v3/hw/AAA.xsa'.
17:42:15 INFO  : 'configparams force-mem-access 1' command is executed.
17:42:15 INFO  : Context for 'APU' is selected.
17:42:15 INFO  : Sourcing of 'C:/Users/Amteo/Desktop/Proyecto-2-SEP-G14/Of/Vitis2/P2_G14_SW_v3/_ide/psinit/ps7_init.tcl' is done.
17:42:16 INFO  : 'ps7_init' command is executed.
17:42:16 INFO  : 'ps7_post_config' command is executed.
17:42:16 INFO  : Context for processor 'ps7_cortexa9_0' is selected.
17:42:17 INFO  : The application 'C:/Users/Amteo/Desktop/Proyecto-2-SEP-G14/Of/Vitis2/P2_G14_SW_v3/Debug/P2_G14_SW_v3.elf' is downloaded to processor 'ps7_cortexa9_0'.
17:42:17 INFO  : 'configparams force-mem-access 0' command is executed.
17:42:17 INFO  : ----------------XSDB Script----------------
connect -url tcp:127.0.0.1:3121
targets -set -nocase -filter {name =~"APU*"}
rst -system
after 3000
targets -set -filter {jtag_cable_name =~ "Digilent Zybo Z7 210351B3FC84A" && level==0 && jtag_device_ctx=="jsn-Zybo Z7-210351B3FC84A-13722093-0"}
fpga -file C:/Users/Amteo/Desktop/Proyecto-2-SEP-G14/Of/Vitis2/P2_G14_SW_v3/_ide/bitstream/AAA.bit
targets -set -nocase -filter {name =~"APU*"}
loadhw -hw C:/Users/Amteo/Desktop/Proyecto-2-SEP-G14/Of/Vitis2/P2_G14_HW_v3/export/P2_G14_HW_v3/hw/AAA.xsa -mem-ranges [list {0x40000000 0xbfffffff}] -regs
configparams force-mem-access 1
targets -set -nocase -filter {name =~"APU*"}
source C:/Users/Amteo/Desktop/Proyecto-2-SEP-G14/Of/Vitis2/P2_G14_SW_v3/_ide/psinit/ps7_init.tcl
ps7_init
ps7_post_config
targets -set -nocase -filter {name =~ "*A9*#0"}
dow C:/Users/Amteo/Desktop/Proyecto-2-SEP-G14/Of/Vitis2/P2_G14_SW_v3/Debug/P2_G14_SW_v3.elf
configparams force-mem-access 0
----------------End of Script----------------

17:42:18 INFO  : Context for processor 'ps7_cortexa9_0' is selected.
17:42:18 INFO  : 'con' command is executed.
17:42:18 INFO  : ----------------XSDB Script (After Launch)----------------
targets -set -nocase -filter {name =~ "*A9*#0"}
con
----------------End of Script----------------

17:42:18 INFO  : Launch script is exported to file 'C:\Users\Amteo\Desktop\Proyecto-2-SEP-G14\Of\Vitis2\.sdk\launch_scripts\single_application_debug\debugger_p2_g14_sw_v3-default_8.tcl'
17:43:39 INFO  : Checking for BSP changes to sync application flags for project 'P2_G14_SW_v3'...
17:43:48 INFO  : Disconnected from the channel tcfchan#9.
17:43:49 INFO  : Connected to target on host '127.0.0.1' and port '3121'.
17:43:49 INFO  : Jtag cable 'Digilent Zybo Z7 210351B3FC84A' is selected.
17:43:49 INFO  : 'jtag frequency' command is executed.
17:43:49 INFO  : Context for 'APU' is selected.
17:43:49 INFO  : System reset is completed.
17:43:52 INFO  : 'after 3000' command is executed.
17:43:53 INFO  : 'targets -set -filter {jtag_cable_name =~ "Digilent Zybo Z7 210351B3FC84A" && level==0 && jtag_device_ctx=="jsn-Zybo Z7-210351B3FC84A-13722093-0"}' command is executed.
17:43:54 INFO  : FPGA configured successfully with bitstream "C:/Users/Amteo/Desktop/Proyecto-2-SEP-G14/Of/Vitis2/P2_G14_SW_v3/_ide/bitstream/AAA.bit"
17:43:54 INFO  : Context for 'APU' is selected.
17:43:54 INFO  : Hardware design and registers information is loaded from 'C:/Users/Amteo/Desktop/Proyecto-2-SEP-G14/Of/Vitis2/P2_G14_HW_v3/export/P2_G14_HW_v3/hw/AAA.xsa'.
17:43:54 INFO  : 'configparams force-mem-access 1' command is executed.
17:43:54 INFO  : Context for 'APU' is selected.
17:43:54 INFO  : Sourcing of 'C:/Users/Amteo/Desktop/Proyecto-2-SEP-G14/Of/Vitis2/P2_G14_SW_v3/_ide/psinit/ps7_init.tcl' is done.
17:43:55 INFO  : 'ps7_init' command is executed.
17:43:55 INFO  : 'ps7_post_config' command is executed.
17:43:55 INFO  : Context for processor 'ps7_cortexa9_0' is selected.
17:43:56 INFO  : The application 'C:/Users/Amteo/Desktop/Proyecto-2-SEP-G14/Of/Vitis2/P2_G14_SW_v3/Debug/P2_G14_SW_v3.elf' is downloaded to processor 'ps7_cortexa9_0'.
17:43:56 INFO  : 'configparams force-mem-access 0' command is executed.
17:43:56 INFO  : ----------------XSDB Script----------------
connect -url tcp:127.0.0.1:3121
targets -set -nocase -filter {name =~"APU*"}
rst -system
after 3000
targets -set -filter {jtag_cable_name =~ "Digilent Zybo Z7 210351B3FC84A" && level==0 && jtag_device_ctx=="jsn-Zybo Z7-210351B3FC84A-13722093-0"}
fpga -file C:/Users/Amteo/Desktop/Proyecto-2-SEP-G14/Of/Vitis2/P2_G14_SW_v3/_ide/bitstream/AAA.bit
targets -set -nocase -filter {name =~"APU*"}
loadhw -hw C:/Users/Amteo/Desktop/Proyecto-2-SEP-G14/Of/Vitis2/P2_G14_HW_v3/export/P2_G14_HW_v3/hw/AAA.xsa -mem-ranges [list {0x40000000 0xbfffffff}] -regs
configparams force-mem-access 1
targets -set -nocase -filter {name =~"APU*"}
source C:/Users/Amteo/Desktop/Proyecto-2-SEP-G14/Of/Vitis2/P2_G14_SW_v3/_ide/psinit/ps7_init.tcl
ps7_init
ps7_post_config
targets -set -nocase -filter {name =~ "*A9*#0"}
dow C:/Users/Amteo/Desktop/Proyecto-2-SEP-G14/Of/Vitis2/P2_G14_SW_v3/Debug/P2_G14_SW_v3.elf
configparams force-mem-access 0
----------------End of Script----------------

17:43:56 INFO  : Context for processor 'ps7_cortexa9_0' is selected.
17:43:57 INFO  : 'con' command is executed.
17:43:57 INFO  : ----------------XSDB Script (After Launch)----------------
targets -set -nocase -filter {name =~ "*A9*#0"}
con
----------------End of Script----------------

17:43:57 INFO  : Launch script is exported to file 'C:\Users\Amteo\Desktop\Proyecto-2-SEP-G14\Of\Vitis2\.sdk\launch_scripts\single_application_debug\debugger_p2_g14_sw_v3-default_9.tcl'
17:44:21 INFO  : Checking for BSP changes to sync application flags for project 'P2_G14_SW_v3'...
17:44:34 INFO  : Disconnected from the channel tcfchan#10.
17:44:35 INFO  : Connected to target on host '127.0.0.1' and port '3121'.
17:44:35 INFO  : Jtag cable 'Digilent Zybo Z7 210351B3FC84A' is selected.
17:44:35 INFO  : 'jtag frequency' command is executed.
17:44:35 INFO  : Context for 'APU' is selected.
17:44:36 INFO  : System reset is completed.
17:44:39 INFO  : 'after 3000' command is executed.
17:44:39 INFO  : 'targets -set -filter {jtag_cable_name =~ "Digilent Zybo Z7 210351B3FC84A" && level==0 && jtag_device_ctx=="jsn-Zybo Z7-210351B3FC84A-13722093-0"}' command is executed.
17:44:40 INFO  : FPGA configured successfully with bitstream "C:/Users/Amteo/Desktop/Proyecto-2-SEP-G14/Of/Vitis2/P2_G14_SW_v3/_ide/bitstream/AAA.bit"
17:44:40 INFO  : Context for 'APU' is selected.
17:44:40 INFO  : Hardware design and registers information is loaded from 'C:/Users/Amteo/Desktop/Proyecto-2-SEP-G14/Of/Vitis2/P2_G14_HW_v3/export/P2_G14_HW_v3/hw/AAA.xsa'.
17:44:40 INFO  : 'configparams force-mem-access 1' command is executed.
17:44:40 INFO  : Context for 'APU' is selected.
17:44:40 INFO  : Sourcing of 'C:/Users/Amteo/Desktop/Proyecto-2-SEP-G14/Of/Vitis2/P2_G14_SW_v3/_ide/psinit/ps7_init.tcl' is done.
17:44:41 INFO  : 'ps7_init' command is executed.
17:44:41 INFO  : 'ps7_post_config' command is executed.
17:44:41 INFO  : Context for processor 'ps7_cortexa9_0' is selected.
17:44:43 INFO  : The application 'C:/Users/Amteo/Desktop/Proyecto-2-SEP-G14/Of/Vitis2/P2_G14_SW_v3/Debug/P2_G14_SW_v3.elf' is downloaded to processor 'ps7_cortexa9_0'.
17:44:43 INFO  : 'configparams force-mem-access 0' command is executed.
17:44:43 INFO  : ----------------XSDB Script----------------
connect -url tcp:127.0.0.1:3121
targets -set -nocase -filter {name =~"APU*"}
rst -system
after 3000
targets -set -filter {jtag_cable_name =~ "Digilent Zybo Z7 210351B3FC84A" && level==0 && jtag_device_ctx=="jsn-Zybo Z7-210351B3FC84A-13722093-0"}
fpga -file C:/Users/Amteo/Desktop/Proyecto-2-SEP-G14/Of/Vitis2/P2_G14_SW_v3/_ide/bitstream/AAA.bit
targets -set -nocase -filter {name =~"APU*"}
loadhw -hw C:/Users/Amteo/Desktop/Proyecto-2-SEP-G14/Of/Vitis2/P2_G14_HW_v3/export/P2_G14_HW_v3/hw/AAA.xsa -mem-ranges [list {0x40000000 0xbfffffff}] -regs
configparams force-mem-access 1
targets -set -nocase -filter {name =~"APU*"}
source C:/Users/Amteo/Desktop/Proyecto-2-SEP-G14/Of/Vitis2/P2_G14_SW_v3/_ide/psinit/ps7_init.tcl
ps7_init
ps7_post_config
targets -set -nocase -filter {name =~ "*A9*#0"}
dow C:/Users/Amteo/Desktop/Proyecto-2-SEP-G14/Of/Vitis2/P2_G14_SW_v3/Debug/P2_G14_SW_v3.elf
configparams force-mem-access 0
----------------End of Script----------------

17:44:43 INFO  : Context for processor 'ps7_cortexa9_0' is selected.
17:44:43 INFO  : 'con' command is executed.
17:44:43 INFO  : ----------------XSDB Script (After Launch)----------------
targets -set -nocase -filter {name =~ "*A9*#0"}
con
----------------End of Script----------------

17:44:43 INFO  : Launch script is exported to file 'C:\Users\Amteo\Desktop\Proyecto-2-SEP-G14\Of\Vitis2\.sdk\launch_scripts\single_application_debug\debugger_p2_g14_sw_v3-default_10.tcl'
17:45:50 INFO  : Checking for BSP changes to sync application flags for project 'P2_G14_SW_v3'...
17:45:58 INFO  : Disconnected from the channel tcfchan#11.
17:45:59 INFO  : Connected to target on host '127.0.0.1' and port '3121'.
17:45:59 INFO  : Jtag cable 'Digilent Zybo Z7 210351B3FC84A' is selected.
17:45:59 INFO  : 'jtag frequency' command is executed.
17:45:59 INFO  : Context for 'APU' is selected.
17:45:59 INFO  : System reset is completed.
17:46:02 INFO  : 'after 3000' command is executed.
17:46:03 INFO  : 'targets -set -filter {jtag_cable_name =~ "Digilent Zybo Z7 210351B3FC84A" && level==0 && jtag_device_ctx=="jsn-Zybo Z7-210351B3FC84A-13722093-0"}' command is executed.
17:46:04 INFO  : FPGA configured successfully with bitstream "C:/Users/Amteo/Desktop/Proyecto-2-SEP-G14/Of/Vitis2/P2_G14_SW_v3/_ide/bitstream/AAA.bit"
17:46:04 INFO  : Context for 'APU' is selected.
17:46:04 INFO  : Hardware design and registers information is loaded from 'C:/Users/Amteo/Desktop/Proyecto-2-SEP-G14/Of/Vitis2/P2_G14_HW_v3/export/P2_G14_HW_v3/hw/AAA.xsa'.
17:46:04 INFO  : 'configparams force-mem-access 1' command is executed.
17:46:04 INFO  : Context for 'APU' is selected.
17:46:04 INFO  : Sourcing of 'C:/Users/Amteo/Desktop/Proyecto-2-SEP-G14/Of/Vitis2/P2_G14_SW_v3/_ide/psinit/ps7_init.tcl' is done.
17:46:05 INFO  : 'ps7_init' command is executed.
17:46:05 INFO  : 'ps7_post_config' command is executed.
17:46:05 INFO  : Context for processor 'ps7_cortexa9_0' is selected.
17:46:06 INFO  : The application 'C:/Users/Amteo/Desktop/Proyecto-2-SEP-G14/Of/Vitis2/P2_G14_SW_v3/Debug/P2_G14_SW_v3.elf' is downloaded to processor 'ps7_cortexa9_0'.
17:46:06 INFO  : 'configparams force-mem-access 0' command is executed.
17:46:06 INFO  : ----------------XSDB Script----------------
connect -url tcp:127.0.0.1:3121
targets -set -nocase -filter {name =~"APU*"}
rst -system
after 3000
targets -set -filter {jtag_cable_name =~ "Digilent Zybo Z7 210351B3FC84A" && level==0 && jtag_device_ctx=="jsn-Zybo Z7-210351B3FC84A-13722093-0"}
fpga -file C:/Users/Amteo/Desktop/Proyecto-2-SEP-G14/Of/Vitis2/P2_G14_SW_v3/_ide/bitstream/AAA.bit
targets -set -nocase -filter {name =~"APU*"}
loadhw -hw C:/Users/Amteo/Desktop/Proyecto-2-SEP-G14/Of/Vitis2/P2_G14_HW_v3/export/P2_G14_HW_v3/hw/AAA.xsa -mem-ranges [list {0x40000000 0xbfffffff}] -regs
configparams force-mem-access 1
targets -set -nocase -filter {name =~"APU*"}
source C:/Users/Amteo/Desktop/Proyecto-2-SEP-G14/Of/Vitis2/P2_G14_SW_v3/_ide/psinit/ps7_init.tcl
ps7_init
ps7_post_config
targets -set -nocase -filter {name =~ "*A9*#0"}
dow C:/Users/Amteo/Desktop/Proyecto-2-SEP-G14/Of/Vitis2/P2_G14_SW_v3/Debug/P2_G14_SW_v3.elf
configparams force-mem-access 0
----------------End of Script----------------

17:46:06 INFO  : Context for processor 'ps7_cortexa9_0' is selected.
17:46:06 INFO  : 'con' command is executed.
17:46:06 INFO  : ----------------XSDB Script (After Launch)----------------
targets -set -nocase -filter {name =~ "*A9*#0"}
con
----------------End of Script----------------

17:46:06 INFO  : Launch script is exported to file 'C:\Users\Amteo\Desktop\Proyecto-2-SEP-G14\Of\Vitis2\.sdk\launch_scripts\single_application_debug\debugger_p2_g14_sw_v3-default_11.tcl'
17:47:38 INFO  : Checking for BSP changes to sync application flags for project 'P2_G14_SW_v3'...
17:49:23 INFO  : Checking for BSP changes to sync application flags for project 'P2_G14_SW_v3'...
17:49:34 INFO  : Disconnected from the channel tcfchan#12.
17:49:35 INFO  : Connected to target on host '127.0.0.1' and port '3121'.
17:49:36 INFO  : Jtag cable 'Digilent Zybo Z7 210351B3FC84A' is selected.
17:49:36 INFO  : 'jtag frequency' command is executed.
17:49:36 INFO  : Context for 'APU' is selected.
17:49:36 INFO  : System reset is completed.
17:49:39 INFO  : 'after 3000' command is executed.
17:49:42 INFO  : 'targets -set -filter {jtag_cable_name =~ "Digilent Zybo Z7 210351B3FC84A" && level==0 && jtag_device_ctx=="jsn-Zybo Z7-210351B3FC84A-13722093-0"}' command is executed.
17:49:44 INFO  : FPGA configured successfully with bitstream "C:/Users/Amteo/Desktop/Proyecto-2-SEP-G14/Of/Vitis2/P2_G14_SW_v3/_ide/bitstream/AAA.bit"
17:49:46 INFO  : Context for 'APU' is selected.
17:49:46 INFO  : Hardware design and registers information is loaded from 'C:/Users/Amteo/Desktop/Proyecto-2-SEP-G14/Of/Vitis2/P2_G14_HW_v3/export/P2_G14_HW_v3/hw/AAA.xsa'.
17:49:46 INFO  : 'configparams force-mem-access 1' command is executed.
17:49:46 INFO  : Context for 'APU' is selected.
17:49:46 INFO  : Sourcing of 'C:/Users/Amteo/Desktop/Proyecto-2-SEP-G14/Of/Vitis2/P2_G14_SW_v3/_ide/psinit/ps7_init.tcl' is done.
17:49:47 INFO  : 'ps7_init' command is executed.
17:49:47 INFO  : 'ps7_post_config' command is executed.
17:49:47 INFO  : Context for processor 'ps7_cortexa9_0' is selected.
17:49:49 INFO  : The application 'C:/Users/Amteo/Desktop/Proyecto-2-SEP-G14/Of/Vitis2/P2_G14_SW_v3/Debug/P2_G14_SW_v3.elf' is downloaded to processor 'ps7_cortexa9_0'.
17:49:49 INFO  : 'configparams force-mem-access 0' command is executed.
17:49:49 INFO  : ----------------XSDB Script----------------
connect -url tcp:127.0.0.1:3121
targets -set -nocase -filter {name =~"APU*"}
rst -system
after 3000
targets -set -filter {jtag_cable_name =~ "Digilent Zybo Z7 210351B3FC84A" && level==0 && jtag_device_ctx=="jsn-Zybo Z7-210351B3FC84A-13722093-0"}
fpga -file C:/Users/Amteo/Desktop/Proyecto-2-SEP-G14/Of/Vitis2/P2_G14_SW_v3/_ide/bitstream/AAA.bit
targets -set -nocase -filter {name =~"APU*"}
loadhw -hw C:/Users/Amteo/Desktop/Proyecto-2-SEP-G14/Of/Vitis2/P2_G14_HW_v3/export/P2_G14_HW_v3/hw/AAA.xsa -mem-ranges [list {0x40000000 0xbfffffff}] -regs
configparams force-mem-access 1
targets -set -nocase -filter {name =~"APU*"}
source C:/Users/Amteo/Desktop/Proyecto-2-SEP-G14/Of/Vitis2/P2_G14_SW_v3/_ide/psinit/ps7_init.tcl
ps7_init
ps7_post_config
targets -set -nocase -filter {name =~ "*A9*#0"}
dow C:/Users/Amteo/Desktop/Proyecto-2-SEP-G14/Of/Vitis2/P2_G14_SW_v3/Debug/P2_G14_SW_v3.elf
configparams force-mem-access 0
----------------End of Script----------------

17:49:49 INFO  : Context for processor 'ps7_cortexa9_0' is selected.
17:49:49 INFO  : 'con' command is executed.
17:49:49 INFO  : ----------------XSDB Script (After Launch)----------------
targets -set -nocase -filter {name =~ "*A9*#0"}
con
----------------End of Script----------------

17:49:49 INFO  : Launch script is exported to file 'C:\Users\Amteo\Desktop\Proyecto-2-SEP-G14\Of\Vitis2\.sdk\launch_scripts\single_application_debug\debugger_p2_g14_sw_v3-default_12.tcl'
17:50:19 INFO  : Disconnected from the channel tcfchan#14.
17:50:20 INFO  : Connected to target on host '127.0.0.1' and port '3121'.
17:50:21 INFO  : Jtag cable 'Digilent Zybo Z7 210351B3FC84A' is selected.
17:50:21 INFO  : 'jtag frequency' command is executed.
17:50:21 INFO  : Context for 'APU' is selected.
17:50:21 INFO  : System reset is completed.
17:50:24 INFO  : 'after 3000' command is executed.
17:50:24 INFO  : 'targets -set -filter {jtag_cable_name =~ "Digilent Zybo Z7 210351B3FC84A" && level==0 && jtag_device_ctx=="jsn-Zybo Z7-210351B3FC84A-13722093-0"}' command is executed.
17:50:25 INFO  : FPGA configured successfully with bitstream "C:/Users/Amteo/Desktop/Proyecto-2-SEP-G14/Of/Vitis2/P2_G14_SW_v3/_ide/bitstream/AAA.bit"
17:50:25 INFO  : Context for 'APU' is selected.
17:50:25 INFO  : Hardware design and registers information is loaded from 'C:/Users/Amteo/Desktop/Proyecto-2-SEP-G14/Of/Vitis2/P2_G14_HW_v3/export/P2_G14_HW_v3/hw/AAA.xsa'.
17:50:25 INFO  : 'configparams force-mem-access 1' command is executed.
17:50:25 INFO  : Context for 'APU' is selected.
17:50:25 INFO  : Sourcing of 'C:/Users/Amteo/Desktop/Proyecto-2-SEP-G14/Of/Vitis2/P2_G14_SW_v3/_ide/psinit/ps7_init.tcl' is done.
17:50:26 INFO  : 'ps7_init' command is executed.
17:50:26 INFO  : 'ps7_post_config' command is executed.
17:50:26 INFO  : Context for processor 'ps7_cortexa9_0' is selected.
17:50:28 INFO  : The application 'C:/Users/Amteo/Desktop/Proyecto-2-SEP-G14/Of/Vitis2/P2_G14_SW_v3/Debug/P2_G14_SW_v3.elf' is downloaded to processor 'ps7_cortexa9_0'.
17:50:28 INFO  : 'configparams force-mem-access 0' command is executed.
17:50:28 INFO  : ----------------XSDB Script----------------
connect -url tcp:127.0.0.1:3121
targets -set -nocase -filter {name =~"APU*"}
rst -system
after 3000
targets -set -filter {jtag_cable_name =~ "Digilent Zybo Z7 210351B3FC84A" && level==0 && jtag_device_ctx=="jsn-Zybo Z7-210351B3FC84A-13722093-0"}
fpga -file C:/Users/Amteo/Desktop/Proyecto-2-SEP-G14/Of/Vitis2/P2_G14_SW_v3/_ide/bitstream/AAA.bit
targets -set -nocase -filter {name =~"APU*"}
loadhw -hw C:/Users/Amteo/Desktop/Proyecto-2-SEP-G14/Of/Vitis2/P2_G14_HW_v3/export/P2_G14_HW_v3/hw/AAA.xsa -mem-ranges [list {0x40000000 0xbfffffff}] -regs
configparams force-mem-access 1
targets -set -nocase -filter {name =~"APU*"}
source C:/Users/Amteo/Desktop/Proyecto-2-SEP-G14/Of/Vitis2/P2_G14_SW_v3/_ide/psinit/ps7_init.tcl
ps7_init
ps7_post_config
targets -set -nocase -filter {name =~ "*A9*#0"}
dow C:/Users/Amteo/Desktop/Proyecto-2-SEP-G14/Of/Vitis2/P2_G14_SW_v3/Debug/P2_G14_SW_v3.elf
configparams force-mem-access 0
----------------End of Script----------------

17:50:28 INFO  : Context for processor 'ps7_cortexa9_0' is selected.
17:50:28 INFO  : 'con' command is executed.
17:50:28 INFO  : ----------------XSDB Script (After Launch)----------------
targets -set -nocase -filter {name =~ "*A9*#0"}
con
----------------End of Script----------------

17:50:28 INFO  : Launch script is exported to file 'C:\Users\Amteo\Desktop\Proyecto-2-SEP-G14\Of\Vitis2\.sdk\launch_scripts\single_application_debug\debugger_p2_g14_sw_v3-default_13.tcl'
17:52:21 INFO  : Checking for BSP changes to sync application flags for project 'P2_G14_SW_v3'...
17:52:35 INFO  : Disconnected from the channel tcfchan#15.
17:52:36 INFO  : Connected to target on host '127.0.0.1' and port '3121'.
17:52:36 INFO  : Jtag cable 'Digilent Zybo Z7 210351B3FC84A' is selected.
17:52:36 INFO  : 'jtag frequency' command is executed.
17:52:36 INFO  : Context for 'APU' is selected.
17:52:36 INFO  : System reset is completed.
17:52:39 INFO  : 'after 3000' command is executed.
17:52:39 INFO  : 'targets -set -filter {jtag_cable_name =~ "Digilent Zybo Z7 210351B3FC84A" && level==0 && jtag_device_ctx=="jsn-Zybo Z7-210351B3FC84A-13722093-0"}' command is executed.
17:52:41 INFO  : FPGA configured successfully with bitstream "C:/Users/Amteo/Desktop/Proyecto-2-SEP-G14/Of/Vitis2/P2_G14_SW_v3/_ide/bitstream/AAA.bit"
17:52:41 INFO  : Context for 'APU' is selected.
17:52:41 INFO  : Hardware design and registers information is loaded from 'C:/Users/Amteo/Desktop/Proyecto-2-SEP-G14/Of/Vitis2/P2_G14_HW_v3/export/P2_G14_HW_v3/hw/AAA.xsa'.
17:52:41 INFO  : 'configparams force-mem-access 1' command is executed.
17:52:41 INFO  : Context for 'APU' is selected.
17:52:41 INFO  : Sourcing of 'C:/Users/Amteo/Desktop/Proyecto-2-SEP-G14/Of/Vitis2/P2_G14_SW_v3/_ide/psinit/ps7_init.tcl' is done.
17:52:41 INFO  : 'ps7_init' command is executed.
17:52:41 INFO  : 'ps7_post_config' command is executed.
17:52:41 INFO  : Context for processor 'ps7_cortexa9_0' is selected.
17:52:43 INFO  : The application 'C:/Users/Amteo/Desktop/Proyecto-2-SEP-G14/Of/Vitis2/P2_G14_SW_v3/Debug/P2_G14_SW_v3.elf' is downloaded to processor 'ps7_cortexa9_0'.
17:52:43 INFO  : 'configparams force-mem-access 0' command is executed.
17:52:43 INFO  : ----------------XSDB Script----------------
connect -url tcp:127.0.0.1:3121
targets -set -nocase -filter {name =~"APU*"}
rst -system
after 3000
targets -set -filter {jtag_cable_name =~ "Digilent Zybo Z7 210351B3FC84A" && level==0 && jtag_device_ctx=="jsn-Zybo Z7-210351B3FC84A-13722093-0"}
fpga -file C:/Users/Amteo/Desktop/Proyecto-2-SEP-G14/Of/Vitis2/P2_G14_SW_v3/_ide/bitstream/AAA.bit
targets -set -nocase -filter {name =~"APU*"}
loadhw -hw C:/Users/Amteo/Desktop/Proyecto-2-SEP-G14/Of/Vitis2/P2_G14_HW_v3/export/P2_G14_HW_v3/hw/AAA.xsa -mem-ranges [list {0x40000000 0xbfffffff}] -regs
configparams force-mem-access 1
targets -set -nocase -filter {name =~"APU*"}
source C:/Users/Amteo/Desktop/Proyecto-2-SEP-G14/Of/Vitis2/P2_G14_SW_v3/_ide/psinit/ps7_init.tcl
ps7_init
ps7_post_config
targets -set -nocase -filter {name =~ "*A9*#0"}
dow C:/Users/Amteo/Desktop/Proyecto-2-SEP-G14/Of/Vitis2/P2_G14_SW_v3/Debug/P2_G14_SW_v3.elf
configparams force-mem-access 0
----------------End of Script----------------

17:52:43 INFO  : Context for processor 'ps7_cortexa9_0' is selected.
17:52:43 INFO  : 'con' command is executed.
17:52:43 INFO  : ----------------XSDB Script (After Launch)----------------
targets -set -nocase -filter {name =~ "*A9*#0"}
con
----------------End of Script----------------

17:52:43 INFO  : Launch script is exported to file 'C:\Users\Amteo\Desktop\Proyecto-2-SEP-G14\Of\Vitis2\.sdk\launch_scripts\single_application_debug\debugger_p2_g14_sw_v3-default_14.tcl'
17:53:54 INFO  : Disconnected from the channel tcfchan#16.
17:53:55 INFO  : Connected to target on host '127.0.0.1' and port '3121'.
17:53:55 INFO  : Jtag cable 'Digilent Zybo Z7 210351B3FC84A' is selected.
17:53:55 INFO  : 'jtag frequency' command is executed.
17:53:55 INFO  : Context for 'APU' is selected.
17:53:55 INFO  : System reset is completed.
17:53:58 INFO  : 'after 3000' command is executed.
17:53:58 INFO  : 'targets -set -filter {jtag_cable_name =~ "Digilent Zybo Z7 210351B3FC84A" && level==0 && jtag_device_ctx=="jsn-Zybo Z7-210351B3FC84A-13722093-0"}' command is executed.
17:53:59 INFO  : FPGA configured successfully with bitstream "C:/Users/Amteo/Desktop/Proyecto-2-SEP-G14/Of/Vitis2/P2_G14_SW_v3/_ide/bitstream/AAA.bit"
17:54:00 INFO  : Context for 'APU' is selected.
17:54:00 INFO  : Hardware design and registers information is loaded from 'C:/Users/Amteo/Desktop/Proyecto-2-SEP-G14/Of/Vitis2/P2_G14_HW_v3/export/P2_G14_HW_v3/hw/AAA.xsa'.
17:54:00 INFO  : 'configparams force-mem-access 1' command is executed.
17:54:00 INFO  : Context for 'APU' is selected.
17:54:00 INFO  : Sourcing of 'C:/Users/Amteo/Desktop/Proyecto-2-SEP-G14/Of/Vitis2/P2_G14_SW_v3/_ide/psinit/ps7_init.tcl' is done.
17:54:00 INFO  : 'ps7_init' command is executed.
17:54:00 INFO  : 'ps7_post_config' command is executed.
17:54:00 INFO  : Context for processor 'ps7_cortexa9_0' is selected.
17:54:02 INFO  : The application 'C:/Users/Amteo/Desktop/Proyecto-2-SEP-G14/Of/Vitis2/P2_G14_SW_v3/Debug/P2_G14_SW_v3.elf' is downloaded to processor 'ps7_cortexa9_0'.
17:54:02 INFO  : 'configparams force-mem-access 0' command is executed.
17:54:02 INFO  : ----------------XSDB Script----------------
connect -url tcp:127.0.0.1:3121
targets -set -nocase -filter {name =~"APU*"}
rst -system
after 3000
targets -set -filter {jtag_cable_name =~ "Digilent Zybo Z7 210351B3FC84A" && level==0 && jtag_device_ctx=="jsn-Zybo Z7-210351B3FC84A-13722093-0"}
fpga -file C:/Users/Amteo/Desktop/Proyecto-2-SEP-G14/Of/Vitis2/P2_G14_SW_v3/_ide/bitstream/AAA.bit
targets -set -nocase -filter {name =~"APU*"}
loadhw -hw C:/Users/Amteo/Desktop/Proyecto-2-SEP-G14/Of/Vitis2/P2_G14_HW_v3/export/P2_G14_HW_v3/hw/AAA.xsa -mem-ranges [list {0x40000000 0xbfffffff}] -regs
configparams force-mem-access 1
targets -set -nocase -filter {name =~"APU*"}
source C:/Users/Amteo/Desktop/Proyecto-2-SEP-G14/Of/Vitis2/P2_G14_SW_v3/_ide/psinit/ps7_init.tcl
ps7_init
ps7_post_config
targets -set -nocase -filter {name =~ "*A9*#0"}
dow C:/Users/Amteo/Desktop/Proyecto-2-SEP-G14/Of/Vitis2/P2_G14_SW_v3/Debug/P2_G14_SW_v3.elf
configparams force-mem-access 0
----------------End of Script----------------

17:54:02 INFO  : Context for processor 'ps7_cortexa9_0' is selected.
17:54:02 INFO  : 'con' command is executed.
17:54:02 INFO  : ----------------XSDB Script (After Launch)----------------
targets -set -nocase -filter {name =~ "*A9*#0"}
con
----------------End of Script----------------

17:54:02 INFO  : Launch script is exported to file 'C:\Users\Amteo\Desktop\Proyecto-2-SEP-G14\Of\Vitis2\.sdk\launch_scripts\single_application_debug\debugger_p2_g14_sw_v3-default_9.tcl'
18:38:34 INFO  : Hardware specification for platform project 'P2_G14_HW_v3' is updated.
18:38:48 INFO  : Result from executing command 'getProjects': P2_G14_HW_v3
18:38:48 INFO  : Result from executing command 'getPlatforms': P2_G14_HW_v3|C:/Users/Amteo/Desktop/Proyecto-2-SEP-G14/Of/Vitis2/P2_G14_HW_v3/export/P2_G14_HW_v3/P2_G14_HW_v3.xpfm
18:39:50 INFO  : Checking for BSP changes to sync application flags for project 'P2_G14_SW_v3'...
18:40:35 INFO  : Checking for BSP changes to sync application flags for project 'P2_G14_SW_v3'...
18:40:41 INFO  : Disconnected from the channel tcfchan#17.
18:40:42 INFO  : The hardware specfication used by project 'P2_G14_SW_v3' is out of sync with the platform. Resource files extracted from the hardware specfiication will be updated.
18:40:42 INFO  : The file 'C:\Users\Amteo\Desktop\Proyecto-2-SEP-G14\Of\Vitis2\P2_G14_SW_v3\_ide\bitstream\AAA.bit' stored in project is removed.
18:40:42 INFO  : The updated bitstream files are copied from platform to folder 'C:\Users\Amteo\Desktop\Proyecto-2-SEP-G14\Of\Vitis2\P2_G14_SW_v3\_ide\bitstream' in project 'P2_G14_SW_v3'.
18:40:42 INFO  : The file 'C:\Users\Amteo\Desktop\Proyecto-2-SEP-G14\Of\Vitis2\P2_G14_SW_v3\_ide\psinit\ps7_init.tcl' stored in project is removed.
18:40:54 INFO  : The updated ps init files are copied from platform to folder 'C:\Users\Amteo\Desktop\Proyecto-2-SEP-G14\Of\Vitis2\P2_G14_SW_v3\_ide\psinit' in project 'P2_G14_SW_v3'.
